<?xml version="1.0" encoding="utf-8"?>
<CoverageSession xmlns:xsd="http://www.w3.org/2001/XMLSchema" xmlns:xsi="http://www.w3.org/2001/XMLSchema-instance">
  <Summary numSequencePoints="559" visitedSequencePoints="530" numBranchPoints="253" visitedBranchPoints="229" sequenceCoverage="94.81" branchCoverage="90.51" maxCyclomaticComplexity="14" minCyclomaticComplexity="0" visitedClasses="29" numClasses="29" visitedMethods="118" numMethods="123" />
  <Modules>
    <Module skippedDueTo="Filter" hash="F6-ED-9A-80-E5-17-1A-1C-91-64-ED-0A-60-85-5B-F0-BA-B1-4B-7F">
      <ModulePath>C:\Windows\Microsoft.Net\assembly\GAC_32\mscorlib\v4.0_4.0.0.0__b77a5c561934e089\mscorlib.dll</ModulePath>
      <ModuleTime>2017-10-04T00:21:36Z</ModuleTime>
      <ModuleName>mscorlib</ModuleName>
      <Classes />
    </Module>
    <Module skippedDueTo="Filter" hash="22-08-2D-6F-91-93-4F-1E-79-9F-AB-B3-63-3D-0C-5D-0A-C8-2C-0D">
      <ModulePath>C:\Users\Honza\Projects\czech-identifiers\packages\xunit.runner.console.2.3.1\tools\net452\xunit.console.x86.exe</ModulePath>
      <ModuleTime>2017-10-27T03:34:48Z</ModuleTime>
      <ModuleName>xunit.console.x86</ModuleName>
      <Classes />
    </Module>
    <Module skippedDueTo="Filter" hash="C3-D8-3E-87-AB-33-CA-6F-66-61-A7-D7-50-2C-CF-D9-C0-D1-9D-8D">
      <ModulePath>C:\Users\Honza\Projects\czech-identifiers\packages\xunit.runner.console.2.3.1\tools\net452\xunit.runner.utility.net452.dll</ModulePath>
      <ModuleTime>2017-10-27T03:34:48Z</ModuleTime>
      <ModuleName>xunit.runner.utility.net452</ModuleName>
      <Classes />
    </Module>
    <Module skippedDueTo="Filter" hash="90-BC-BE-B1-F2-84-BE-8F-78-5C-FB-A6-E3-66-B7-C7-F8-58-AF-D1">
      <ModulePath>C:\Users\Honza\Projects\czech-identifiers\packages\xunit.runner.console.2.3.1\tools\net452\xunit.abstractions.dll</ModulePath>
      <ModuleTime>2017-10-27T03:34:48Z</ModuleTime>
      <ModuleName>xunit.abstractions</ModuleName>
      <Classes />
    </Module>
    <Module skippedDueTo="Filter" hash="FC-FE-E5-ED-6A-DC-B6-40-E2-18-8D-5A-DC-FD-FA-75-EF-A8-9E-9C">
      <ModulePath>C:\Windows\Microsoft.Net\assembly\GAC_MSIL\System.Core\v4.0_4.0.0.0__b77a5c561934e089\System.Core.dll</ModulePath>
      <ModuleTime>2017-10-04T00:21:36Z</ModuleTime>
      <ModuleName>System.Core</ModuleName>
      <Classes />
    </Module>
    <Module skippedDueTo="Filter" hash="AF-CB-39-96-5C-64-99-49-A5-B6-10-16-01-7E-5D-4D-D6-EC-C7-32">
      <ModulePath>C:\Users\Honza\Projects\czech-identifiers\packages\xunit.runner.console.2.3.1\tools\net452\xunit.runner.reporters.net452.dll</ModulePath>
      <ModuleTime>2017-10-27T03:34:48Z</ModuleTime>
      <ModuleName>xunit.runner.reporters.net452</ModuleName>
      <Classes />
    </Module>
    <Module skippedDueTo="Filter" hash="15-41-7B-1A-B3-4D-2C-4E-E8-A3-4F-0B-A4-8F-F9-C0-24-84-9B-6F">
      <ModulePath>C:\Windows\Microsoft.Net\assembly\GAC_MSIL\System.Net.Http\v4.0_4.0.0.0__b03f5f7f11d50a3a\System.Net.Http.dll</ModulePath>
      <ModuleTime>2017-10-04T00:21:36Z</ModuleTime>
      <ModuleName>System.Net.Http</ModuleName>
      <Classes />
    </Module>
    <Module skippedDueTo="Filter" hash="63-AF-39-ED-07-00-7F-DA-71-B4-3A-2C-F3-C1-2A-76-68-13-8C-EA">
      <ModulePath>C:\Windows\Microsoft.Net\assembly\GAC_MSIL\System\v4.0_4.0.0.0__b77a5c561934e089\System.dll</ModulePath>
      <ModuleTime>2017-10-04T00:21:36Z</ModuleTime>
      <ModuleName>System</ModuleName>
      <Classes />
    </Module>
    <Module skippedDueTo="Filter" hash="9E-1B-E0-7F-39-88-5B-29-E0-E9-EF-B4-9A-2F-29-6C-75-44-45-3F">
      <ModulePath>C:\Windows\Microsoft.Net\assembly\GAC_32\System.Web\v4.0_4.0.0.0__b03f5f7f11d50a3a\System.Web.dll</ModulePath>
      <ModuleTime>2017-10-04T00:21:36Z</ModuleTime>
      <ModuleName>System.Web</ModuleName>
      <Classes />
    </Module>
    <Module skippedDueTo="Filter" hash="B3-08-FB-58-92-A0-69-61-5B-2D-67-69-7C-4F-63-D3-F5-95-02-76">
      <ModulePath>C:\Windows\Microsoft.Net\assembly\GAC_MSIL\mscorlib.resources\v4.0_4.0.0.0_cs_b77a5c561934e089\mscorlib.resources.dll</ModulePath>
      <ModuleTime>2017-04-21T13:40:56Z</ModuleTime>
      <ModuleName>mscorlib.resources</ModuleName>
      <Classes />
    </Module>
    <Module skippedDueTo="Filter" hash="81-DE-41-E4-CF-35-79-0F-0A-D0-B6-43-FC-EB-6A-47-5F-D8-69-04">
      <ModulePath>C:\Windows\Microsoft.Net\assembly\GAC_MSIL\System.Configuration\v4.0_4.0.0.0__b03f5f7f11d50a3a\System.Configuration.dll</ModulePath>
      <ModuleTime>2017-10-04T00:21:36Z</ModuleTime>
      <ModuleName>System.Configuration</ModuleName>
      <Classes />
    </Module>
    <Module skippedDueTo="Filter" hash="4F-90-AA-7A-43-B2-44-98-7A-7A-12-FB-EF-4F-CE-E9-1A-F1-FC-8E">
      <ModulePath>C:\Windows\Microsoft.Net\assembly\GAC_MSIL\System.Xml\v4.0_4.0.0.0__b77a5c561934e089\System.Xml.dll</ModulePath>
      <ModuleTime>2017-10-04T00:21:36Z</ModuleTime>
      <ModuleName>System.Xml</ModuleName>
      <Classes />
    </Module>
    <Module skippedDueTo="Filter" hash="6B-86-54-62-96-7F-F5-FD-4B-8B-DA-7F-04-D1-BA-43-EC-82-F2-C5">
      <ModulePath>C:\Windows\Microsoft.Net\assembly\GAC_MSIL\System.Xml.Linq\v4.0_4.0.0.0__b77a5c561934e089\System.Xml.Linq.dll</ModulePath>
      <ModuleTime>2017-10-04T00:21:36Z</ModuleTime>
      <ModuleName>System.Xml.Linq</ModuleName>
      <Classes />
    </Module>
    <Module skippedDueTo="Filter" hash="C3-D8-3E-87-AB-33-CA-6F-66-61-A7-D7-50-2C-CF-D9-C0-D1-9D-8D">
      <ModulePath>C:\Users\Honza\AppData\Local\Temp\995852ba-4f52-4f60-85c5-86e60f412363\995852ba-4f52-4f60-85c5-86e60f412363\assembly\dl3\cf0d79b9\00bc0c8a_d44ed301\xunit.runner.utility.net452.dll</ModulePath>
      <ModuleTime>2017-11-28T01:14:12.7270347Z</ModuleTime>
      <ModuleName>xunit.runner.utility.net452</ModuleName>
      <Classes />
    </Module>
    <Module skippedDueTo="Filter" hash="FC-FE-E5-ED-6A-DC-B6-40-E2-18-8D-5A-DC-FD-FA-75-EF-A8-9E-9C">
      <ModulePath>C:\Windows\Microsoft.Net\assembly\GAC_MSIL\System.Core\v4.0_4.0.0.0__b77a5c561934e089\System.Core.dll</ModulePath>
      <ModuleTime>2017-10-04T00:21:36Z</ModuleTime>
      <ModuleName>System.Core</ModuleName>
      <Classes />
    </Module>
    <Module skippedDueTo="Filter" hash="63-AF-39-ED-07-00-7F-DA-71-B4-3A-2C-F3-C1-2A-76-68-13-8C-EA">
      <ModulePath>C:\Windows\Microsoft.Net\assembly\GAC_MSIL\System\v4.0_4.0.0.0__b77a5c561934e089\System.dll</ModulePath>
      <ModuleTime>2017-10-04T00:21:36Z</ModuleTime>
      <ModuleName>System</ModuleName>
      <Classes />
    </Module>
    <Module skippedDueTo="Filter" hash="">
      <ModulePath>RefEmit_InMemoryManifestModule</ModulePath>
      <ModuleTime>0001-01-01T00:00:00</ModuleTime>
      <ModuleName>Anonymously Hosted DynamicMethods Assembly</ModuleName>
      <Classes />
    </Module>
    <Module hash="4D-FE-EF-BC-0A-E3-04-A0-0B-D5-9C-CA-FA-48-8F-C4-41-F2-CF-E0">
      <Summary numSequencePoints="295" visitedSequencePoints="289" numBranchPoints="116" visitedBranchPoints="109" sequenceCoverage="97.97" branchCoverage="93.97" maxCyclomaticComplexity="12" minCyclomaticComplexity="1" visitedClasses="23" numClasses="23" visitedMethods="77" numMethods="78" />
      <ModulePath>C:\Users\Honza\Projects\czech-identifiers\Identifiers.Tests\bin\Debug\Identifiers.Czech.Tests.dll</ModulePath>
      <ModuleTime>2017-11-28T01:01:10.0962708Z</ModuleTime>
      <ModuleName>Identifiers.Czech.Tests</ModuleName>
      <Files>
        <File uid="1" fullPath="C:\Users\Honza\Projects\czech-identifiers\Identifiers.Tests\AccountNumberParserTest.cs" />
        <File uid="5" fullPath="C:\Users\Honza\Projects\czech-identifiers\Identifiers.Tests\AccountNumberTest.cs" />
        <File uid="7" fullPath="C:\Users\Honza\Projects\czech-identifiers\Identifiers.Tests\BirthNumberParserTest.cs" />
        <File uid="8" fullPath="C:\Users\Honza\Projects\czech-identifiers\Identifiers.Tests\BirthNumberTest.cs" />
        <File uid="17" fullPath="C:\Users\Honza\Projects\czech-identifiers\Identifiers.Tests\IdentifierNumberParserTest.cs" />
        <File uid="21" fullPath="C:\Users\Honza\Projects\czech-identifiers\Identifiers.Tests\IdentifierNumberTest.cs" />
      </Files>
      <Classes>
        <Class>
          <Summary numSequencePoints="0" visitedSequencePoints="0" numBranchPoints="0" visitedBranchPoints="0" sequenceCoverage="0" branchCoverage="0" maxCyclomaticComplexity="0" minCyclomaticComplexity="0" visitedClasses="0" numClasses="0" visitedMethods="0" numMethods="0" />
          <FullName>&lt;Module&gt;</FullName>
          <Methods />
        </Class>
        <Class>
          <Summary numSequencePoints="33" visitedSequencePoints="33" numBranchPoints="10" visitedBranchPoints="10" sequenceCoverage="100" branchCoverage="100" maxCyclomaticComplexity="5" minCyclomaticComplexity="1" visitedClasses="1" numClasses="1" visitedMethods="10" numMethods="10" />
          <FullName>Identifiers.Czech.Tests.AccountNumberParserTest</FullName>
          <Methods>
            <Method visited="true" cyclomaticComplexity="1" nPathComplexity="0" sequenceCoverage="100" branchCoverage="100" isConstructor="false" isStatic="false" isGetter="false" isSetter="false">
              <Summary numSequencePoints="3" visitedSequencePoints="3" numBranchPoints="1" visitedBranchPoints="1" sequenceCoverage="100" branchCoverage="100" maxCyclomaticComplexity="1" minCyclomaticComplexity="1" visitedClasses="0" numClasses="0" visitedMethods="1" numMethods="1" />
              <MetadataToken>100663297</MetadataToken>
              <Name>System.Void Identifiers.Czech.Tests.AccountNumberParserTest::ParseDoesntAcceptNull()</Name>
              <FileRef uid="1" />
              <SequencePoints>
                <SequencePoint vc="1" uspid="1" ordinal="0" offset="0" sl="12" sc="9" el="12" ec="10" bec="0" bev="0" fileid="1" />
                <SequencePoint vc="1" uspid="2" ordinal="1" offset="1" sl="13" sc="13" el="13" ec="76" bec="0" bev="0" fileid="1" />
                <SequencePoint vc="1" uspid="3" ordinal="2" offset="19" sl="14" sc="9" el="14" ec="10" bec="0" bev="0" fileid="1" />
              </SequencePoints>
              <BranchPoints />
              <MethodPoint xsi:type="SequencePoint" vc="1" uspid="1" ordinal="0" offset="0" sl="12" sc="9" el="12" ec="10" bec="0" bev="0" fileid="1" />
            </Method>
            <Method visited="true" cyclomaticComplexity="1" nPathComplexity="0" sequenceCoverage="100" branchCoverage="100" isConstructor="false" isStatic="false" isGetter="false" isSetter="false">
              <Summary numSequencePoints="3" visitedSequencePoints="3" numBranchPoints="1" visitedBranchPoints="1" sequenceCoverage="100" branchCoverage="100" maxCyclomaticComplexity="1" minCyclomaticComplexity="1" visitedClasses="0" numClasses="0" visitedMethods="1" numMethods="1" />
              <MetadataToken>100663298</MetadataToken>
              <Name>System.Void Identifiers.Czech.Tests.AccountNumberParserTest::Input_WithPrefix0To6Digits_IsParsed(System.String,System.Int64)</Name>
              <FileRef uid="1" />
              <SequencePoints>
                <SequencePoint vc="3" uspid="4" ordinal="0" offset="0" sl="21" sc="9" el="21" ec="10" bec="0" bev="0" fileid="1" />
                <SequencePoint vc="3" uspid="5" ordinal="1" offset="1" sl="22" sc="13" el="22" ec="78" bec="0" bev="0" fileid="1" />
                <SequencePoint vc="3" uspid="6" ordinal="2" offset="30" sl="23" sc="9" el="23" ec="10" bec="0" bev="0" fileid="1" />
              </SequencePoints>
              <BranchPoints />
              <MethodPoint xsi:type="SequencePoint" vc="3" uspid="4" ordinal="0" offset="0" sl="21" sc="9" el="21" ec="10" bec="0" bev="0" fileid="1" />
            </Method>
            <Method visited="true" cyclomaticComplexity="1" nPathComplexity="0" sequenceCoverage="100" branchCoverage="100" isConstructor="false" isStatic="false" isGetter="false" isSetter="false">
              <Summary numSequencePoints="3" visitedSequencePoints="3" numBranchPoints="1" visitedBranchPoints="1" sequenceCoverage="100" branchCoverage="100" maxCyclomaticComplexity="1" minCyclomaticComplexity="1" visitedClasses="0" numClasses="0" visitedMethods="1" numMethods="1" />
              <MetadataToken>100663299</MetadataToken>
              <Name>System.Void Identifiers.Czech.Tests.AccountNumberParserTest::Input_WithoutPrefix0To6Digits_ThrowFormatException(System.String)</Name>
              <FileRef uid="1" />
              <SequencePoints>
                <SequencePoint vc="3" uspid="7" ordinal="0" offset="20" sl="30" sc="9" el="30" ec="10" bec="0" bev="0" fileid="1" />
                <SequencePoint vc="3" uspid="8" ordinal="1" offset="21" sl="31" sc="13" el="31" ec="79" bec="0" bev="0" fileid="1" />
                <SequencePoint vc="3" uspid="9" ordinal="2" offset="39" sl="32" sc="9" el="32" ec="10" bec="0" bev="0" fileid="1" />
              </SequencePoints>
              <BranchPoints />
              <MethodPoint vc="3" uspid="10" ordinal="0" offset="0" />
            </Method>
            <Method visited="true" cyclomaticComplexity="1" nPathComplexity="0" sequenceCoverage="100" branchCoverage="100" isConstructor="false" isStatic="false" isGetter="false" isSetter="false">
              <Summary numSequencePoints="3" visitedSequencePoints="3" numBranchPoints="1" visitedBranchPoints="1" sequenceCoverage="100" branchCoverage="100" maxCyclomaticComplexity="1" minCyclomaticComplexity="1" visitedClasses="0" numClasses="0" visitedMethods="1" numMethods="1" />
              <MetadataToken>100663300</MetadataToken>
              <Name>System.Void Identifiers.Czech.Tests.AccountNumberParserTest::Input_WithNumber2To10Digits_IsParsed(System.String,System.Int64)</Name>
              <FileRef uid="1" />
              <SequencePoints>
                <SequencePoint vc="3" uspid="11" ordinal="0" offset="0" sl="39" sc="9" el="39" ec="10" bec="0" bev="0" fileid="1" />
                <SequencePoint vc="3" uspid="12" ordinal="1" offset="1" sl="40" sc="13" el="40" ec="78" bec="0" bev="0" fileid="1" />
                <SequencePoint vc="3" uspid="13" ordinal="2" offset="30" sl="41" sc="9" el="41" ec="10" bec="0" bev="0" fileid="1" />
              </SequencePoints>
              <BranchPoints />
              <MethodPoint xsi:type="SequencePoint" vc="3" uspid="11" ordinal="0" offset="0" sl="39" sc="9" el="39" ec="10" bec="0" bev="0" fileid="1" />
            </Method>
            <Method visited="true" cyclomaticComplexity="1" nPathComplexity="0" sequenceCoverage="100" branchCoverage="100" isConstructor="false" isStatic="false" isGetter="false" isSetter="false">
              <Summary numSequencePoints="3" visitedSequencePoints="3" numBranchPoints="1" visitedBranchPoints="1" sequenceCoverage="100" branchCoverage="100" maxCyclomaticComplexity="1" minCyclomaticComplexity="1" visitedClasses="0" numClasses="0" visitedMethods="1" numMethods="1" />
              <MetadataToken>100663301</MetadataToken>
              <Name>System.Void Identifiers.Czech.Tests.AccountNumberParserTest::Input_WithoutNumber2To10Digits_ThrowsFormatException(System.String)</Name>
              <FileRef uid="1" />
              <SequencePoints>
                <SequencePoint vc="4" uspid="14" ordinal="0" offset="20" sl="49" sc="9" el="49" ec="10" bec="0" bev="0" fileid="1" />
                <SequencePoint vc="4" uspid="15" ordinal="1" offset="21" sl="50" sc="13" el="50" ec="79" bec="0" bev="0" fileid="1" />
                <SequencePoint vc="4" uspid="16" ordinal="2" offset="39" sl="51" sc="9" el="51" ec="10" bec="0" bev="0" fileid="1" />
              </SequencePoints>
              <BranchPoints />
              <MethodPoint vc="4" uspid="17" ordinal="0" offset="0" />
            </Method>
            <Method visited="true" cyclomaticComplexity="3" nPathComplexity="0" sequenceCoverage="100" branchCoverage="100" isConstructor="false" isStatic="false" isGetter="false" isSetter="false">
              <Summary numSequencePoints="6" visitedSequencePoints="6" numBranchPoints="1" visitedBranchPoints="1" sequenceCoverage="100" branchCoverage="100" maxCyclomaticComplexity="3" minCyclomaticComplexity="3" visitedClasses="0" numClasses="0" visitedMethods="1" numMethods="1" />
              <MetadataToken>100663302</MetadataToken>
              <Name>System.Void Identifiers.Czech.Tests.AccountNumberParserTest::CanAcceptAccountWithoutPrefix(System.String,System.Nullable`1&lt;System.Int32&gt;,System.String)</Name>
              <FileRef uid="1" />
              <SequencePoints>
                <SequencePoint vc="3" uspid="18" ordinal="0" offset="0" sl="58" sc="9" el="58" ec="10" bec="0" bev="0" fileid="1" />
                <SequencePoint vc="3" uspid="19" ordinal="1" offset="1" sl="59" sc="13" el="59" ec="55" bec="0" bev="0" fileid="1" />
                <SequencePoint vc="3" uspid="20" ordinal="2" offset="14" sl="60" sc="13" el="60" ec="52" bec="0" bev="0" fileid="1" />
                <SequencePoint vc="3" uspid="21" ordinal="3" offset="26" sl="61" sc="13" el="61" ec="58" bec="0" bev="0" fileid="1" />
                <SequencePoint vc="3" uspid="22" ordinal="4" offset="73" sl="62" sc="13" el="62" ec="62" bec="0" bev="0" fileid="1" />
                <SequencePoint vc="3" uspid="23" ordinal="5" offset="86" sl="63" sc="9" el="63" ec="10" bec="0" bev="0" fileid="1" />
              </SequencePoints>
              <BranchPoints />
              <MethodPoint xsi:type="SequencePoint" vc="3" uspid="18" ordinal="0" offset="0" sl="58" sc="9" el="58" ec="10" bec="0" bev="0" fileid="1" />
            </Method>
            <Method visited="true" cyclomaticComplexity="5" nPathComplexity="0" sequenceCoverage="100" branchCoverage="100" isConstructor="false" isStatic="false" isGetter="false" isSetter="false">
              <Summary numSequencePoints="7" visitedSequencePoints="7" numBranchPoints="1" visitedBranchPoints="1" sequenceCoverage="100" branchCoverage="100" maxCyclomaticComplexity="5" minCyclomaticComplexity="5" visitedClasses="0" numClasses="0" visitedMethods="1" numMethods="1" />
              <MetadataToken>100663303</MetadataToken>
              <Name>System.Void Identifiers.Czech.Tests.AccountNumberParserTest::CanAcceptAccountWithPrefix(System.String,System.Nullable`1&lt;System.Int32&gt;,System.Nullable`1&lt;System.Int32&gt;,System.String)</Name>
              <FileRef uid="1" />
              <SequencePoints>
                <SequencePoint vc="2" uspid="26" ordinal="0" offset="0" sl="69" sc="9" el="69" ec="10" bec="0" bev="0" fileid="1" />
                <SequencePoint vc="2" uspid="27" ordinal="1" offset="1" sl="70" sc="13" el="70" ec="55" bec="0" bev="0" fileid="1" />
                <SequencePoint vc="2" uspid="28" ordinal="2" offset="14" sl="71" sc="13" el="71" ec="52" bec="0" bev="0" fileid="1" />
                <SequencePoint vc="2" uspid="29" ordinal="3" offset="26" sl="72" sc="13" el="72" ec="58" bec="0" bev="0" fileid="1" />
                <SequencePoint vc="2" uspid="30" ordinal="4" offset="73" sl="73" sc="13" el="73" ec="58" bec="0" bev="0" fileid="1" />
                <SequencePoint vc="2" uspid="31" ordinal="5" offset="120" sl="74" sc="13" el="74" ec="62" bec="0" bev="0" fileid="1" />
                <SequencePoint vc="2" uspid="32" ordinal="6" offset="134" sl="75" sc="9" el="75" ec="10" bec="0" bev="0" fileid="1" />
              </SequencePoints>
              <BranchPoints />
              <MethodPoint xsi:type="SequencePoint" vc="2" uspid="26" ordinal="0" offset="0" sl="69" sc="9" el="69" ec="10" bec="0" bev="0" fileid="1" />
            </Method>
            <Method visited="true" cyclomaticComplexity="1" nPathComplexity="0" sequenceCoverage="100" branchCoverage="100" isConstructor="false" isStatic="false" isGetter="false" isSetter="false">
              <Summary numSequencePoints="3" visitedSequencePoints="3" numBranchPoints="1" visitedBranchPoints="1" sequenceCoverage="100" branchCoverage="100" maxCyclomaticComplexity="1" minCyclomaticComplexity="1" visitedClasses="0" numClasses="0" visitedMethods="1" numMethods="1" />
              <MetadataToken>100663304</MetadataToken>
              <Name>System.Void Identifiers.Czech.Tests.AccountNumberParserTest::Input_Without4DigitBankCode_ThrowsFormatException(System.String)</Name>
              <FileRef uid="1" />
              <SequencePoints>
                <SequencePoint vc="4" uspid="37" ordinal="0" offset="20" sl="84" sc="9" el="84" ec="10" bec="0" bev="0" fileid="1" />
                <SequencePoint vc="4" uspid="38" ordinal="1" offset="21" sl="85" sc="13" el="85" ec="78" bec="0" bev="0" fileid="1" />
                <SequencePoint vc="4" uspid="39" ordinal="2" offset="39" sl="86" sc="9" el="86" ec="10" bec="0" bev="0" fileid="1" />
              </SequencePoints>
              <BranchPoints />
              <MethodPoint vc="4" uspid="40" ordinal="0" offset="0" />
            </Method>
            <Method visited="true" cyclomaticComplexity="1" nPathComplexity="0" sequenceCoverage="100" branchCoverage="100" isConstructor="true" isStatic="false" isGetter="false" isSetter="false">
              <Summary numSequencePoints="1" visitedSequencePoints="1" numBranchPoints="1" visitedBranchPoints="1" sequenceCoverage="100" branchCoverage="100" maxCyclomaticComplexity="1" minCyclomaticComplexity="1" visitedClasses="0" numClasses="0" visitedMethods="1" numMethods="1" />
              <MetadataToken>100663305</MetadataToken>
              <Name>System.Void Identifiers.Czech.Tests.AccountNumberParserTest::.ctor()</Name>
              <FileRef uid="1" />
              <SequencePoints>
                <SequencePoint vc="23" uspid="41" ordinal="0" offset="0" sl="8" sc="9" el="8" ec="72" bec="0" bev="0" fileid="1" />
              </SequencePoints>
              <BranchPoints />
              <MethodPoint xsi:type="SequencePoint" vc="23" uspid="41" ordinal="0" offset="0" sl="8" sc="9" el="8" ec="72" bec="0" bev="0" fileid="1" />
            </Method>
            <Method visited="true" cyclomaticComplexity="1" nPathComplexity="0" sequenceCoverage="100" branchCoverage="100" isConstructor="false" isStatic="false" isGetter="false" isSetter="false">
              <Summary numSequencePoints="1" visitedSequencePoints="1" numBranchPoints="1" visitedBranchPoints="1" sequenceCoverage="100" branchCoverage="100" maxCyclomaticComplexity="1" minCyclomaticComplexity="1" visitedClasses="0" numClasses="0" visitedMethods="1" numMethods="1" />
              <MetadataToken>100663306</MetadataToken>
              <Name>System.Object Identifiers.Czech.Tests.AccountNumberParserTest::&lt;ParseDoesntAcceptNull&gt;b__1_0()</Name>
              <FileRef uid="1" />
              <SequencePoints>
                <SequencePoint vc="1" uspid="42" ordinal="0" offset="0" sl="13" sc="56" el="13" ec="74" bec="0" bev="0" fileid="1" />
              </SequencePoints>
              <BranchPoints />
              <MethodPoint xsi:type="SequencePoint" vc="1" uspid="42" ordinal="0" offset="0" sl="13" sc="56" el="13" ec="74" bec="0" bev="0" fileid="1" />
            </Method>
          </Methods>
        </Class>
        <Class>
          <Summary numSequencePoints="1" visitedSequencePoints="1" numBranchPoints="1" visitedBranchPoints="1" sequenceCoverage="100" branchCoverage="100" maxCyclomaticComplexity="1" minCyclomaticComplexity="1" visitedClasses="1" numClasses="1" visitedMethods="1" numMethods="1" />
          <FullName>Identifiers.Czech.Tests.AccountNumberParserTest/&lt;&gt;c__DisplayClass3_0</FullName>
          <Methods>
            <Method visited="true" cyclomaticComplexity="1" nPathComplexity="0" sequenceCoverage="0" branchCoverage="0" isConstructor="true" isStatic="false" isGetter="false" isSetter="false">
              <Summary numSequencePoints="0" visitedSequencePoints="0" numBranchPoints="0" visitedBranchPoints="0" sequenceCoverage="0" branchCoverage="0" maxCyclomaticComplexity="1" minCyclomaticComplexity="1" visitedClasses="0" numClasses="0" visitedMethods="0" numMethods="0" />
              <MetadataToken>100663366</MetadataToken>
              <Name>System.Void Identifiers.Czech.Tests.AccountNumberParserTest/&lt;&gt;c__DisplayClass3_0::.ctor()</Name>
              <SequencePoints />
              <BranchPoints />
              <MethodPoint vc="3" uspid="43" ordinal="0" offset="0" />
            </Method>
            <Method visited="true" cyclomaticComplexity="1" nPathComplexity="0" sequenceCoverage="100" branchCoverage="100" isConstructor="false" isStatic="false" isGetter="false" isSetter="false">
              <Summary numSequencePoints="1" visitedSequencePoints="1" numBranchPoints="1" visitedBranchPoints="1" sequenceCoverage="100" branchCoverage="100" maxCyclomaticComplexity="1" minCyclomaticComplexity="1" visitedClasses="0" numClasses="0" visitedMethods="1" numMethods="1" />
              <MetadataToken>100663367</MetadataToken>
              <Name>System.Object Identifiers.Czech.Tests.AccountNumberParserTest/&lt;&gt;c__DisplayClass3_0::&lt;Input_WithoutPrefix0To6Digits_ThrowFormatException&gt;b__0()</Name>
              <FileRef uid="1" />
              <SequencePoints>
                <SequencePoint vc="3" uspid="44" ordinal="0" offset="0" sl="31" sc="50" el="31" ec="77" bec="0" bev="0" fileid="1" />
              </SequencePoints>
              <BranchPoints />
              <MethodPoint xsi:type="SequencePoint" vc="3" uspid="44" ordinal="0" offset="0" sl="31" sc="50" el="31" ec="77" bec="0" bev="0" fileid="1" />
            </Method>
          </Methods>
        </Class>
        <Class>
          <Summary numSequencePoints="1" visitedSequencePoints="1" numBranchPoints="1" visitedBranchPoints="1" sequenceCoverage="100" branchCoverage="100" maxCyclomaticComplexity="1" minCyclomaticComplexity="1" visitedClasses="1" numClasses="1" visitedMethods="1" numMethods="1" />
          <FullName>Identifiers.Czech.Tests.AccountNumberParserTest/&lt;&gt;c__DisplayClass5_0</FullName>
          <Methods>
            <Method visited="true" cyclomaticComplexity="1" nPathComplexity="0" sequenceCoverage="0" branchCoverage="0" isConstructor="true" isStatic="false" isGetter="false" isSetter="false">
              <Summary numSequencePoints="0" visitedSequencePoints="0" numBranchPoints="0" visitedBranchPoints="0" sequenceCoverage="0" branchCoverage="0" maxCyclomaticComplexity="1" minCyclomaticComplexity="1" visitedClasses="0" numClasses="0" visitedMethods="0" numMethods="0" />
              <MetadataToken>100663368</MetadataToken>
              <Name>System.Void Identifiers.Czech.Tests.AccountNumberParserTest/&lt;&gt;c__DisplayClass5_0::.ctor()</Name>
              <SequencePoints />
              <BranchPoints />
              <MethodPoint vc="4" uspid="45" ordinal="0" offset="0" />
            </Method>
            <Method visited="true" cyclomaticComplexity="1" nPathComplexity="0" sequenceCoverage="100" branchCoverage="100" isConstructor="false" isStatic="false" isGetter="false" isSetter="false">
              <Summary numSequencePoints="1" visitedSequencePoints="1" numBranchPoints="1" visitedBranchPoints="1" sequenceCoverage="100" branchCoverage="100" maxCyclomaticComplexity="1" minCyclomaticComplexity="1" visitedClasses="0" numClasses="0" visitedMethods="1" numMethods="1" />
              <MetadataToken>100663369</MetadataToken>
              <Name>System.Object Identifiers.Czech.Tests.AccountNumberParserTest/&lt;&gt;c__DisplayClass5_0::&lt;Input_WithoutNumber2To10Digits_ThrowsFormatException&gt;b__0()</Name>
              <FileRef uid="1" />
              <SequencePoints>
                <SequencePoint vc="4" uspid="46" ordinal="0" offset="0" sl="50" sc="50" el="50" ec="77" bec="0" bev="0" fileid="1" />
              </SequencePoints>
              <BranchPoints />
              <MethodPoint xsi:type="SequencePoint" vc="4" uspid="46" ordinal="0" offset="0" sl="50" sc="50" el="50" ec="77" bec="0" bev="0" fileid="1" />
            </Method>
          </Methods>
        </Class>
        <Class>
          <Summary numSequencePoints="1" visitedSequencePoints="1" numBranchPoints="1" visitedBranchPoints="1" sequenceCoverage="100" branchCoverage="100" maxCyclomaticComplexity="1" minCyclomaticComplexity="1" visitedClasses="1" numClasses="1" visitedMethods="1" numMethods="1" />
          <FullName>Identifiers.Czech.Tests.AccountNumberParserTest/&lt;&gt;c__DisplayClass8_0</FullName>
          <Methods>
            <Method visited="true" cyclomaticComplexity="1" nPathComplexity="0" sequenceCoverage="0" branchCoverage="0" isConstructor="true" isStatic="false" isGetter="false" isSetter="false">
              <Summary numSequencePoints="0" visitedSequencePoints="0" numBranchPoints="0" visitedBranchPoints="0" sequenceCoverage="0" branchCoverage="0" maxCyclomaticComplexity="1" minCyclomaticComplexity="1" visitedClasses="0" numClasses="0" visitedMethods="0" numMethods="0" />
              <MetadataToken>100663370</MetadataToken>
              <Name>System.Void Identifiers.Czech.Tests.AccountNumberParserTest/&lt;&gt;c__DisplayClass8_0::.ctor()</Name>
              <SequencePoints />
              <BranchPoints />
              <MethodPoint vc="4" uspid="47" ordinal="0" offset="0" />
            </Method>
            <Method visited="true" cyclomaticComplexity="1" nPathComplexity="0" sequenceCoverage="100" branchCoverage="100" isConstructor="false" isStatic="false" isGetter="false" isSetter="false">
              <Summary numSequencePoints="1" visitedSequencePoints="1" numBranchPoints="1" visitedBranchPoints="1" sequenceCoverage="100" branchCoverage="100" maxCyclomaticComplexity="1" minCyclomaticComplexity="1" visitedClasses="0" numClasses="0" visitedMethods="1" numMethods="1" />
              <MetadataToken>100663371</MetadataToken>
              <Name>System.Object Identifiers.Czech.Tests.AccountNumberParserTest/&lt;&gt;c__DisplayClass8_0::&lt;Input_Without4DigitBankCode_ThrowsFormatException&gt;b__0()</Name>
              <FileRef uid="1" />
              <SequencePoints>
                <SequencePoint vc="4" uspid="48" ordinal="0" offset="0" sl="85" sc="50" el="85" ec="76" bec="0" bev="0" fileid="1" />
              </SequencePoints>
              <BranchPoints />
              <MethodPoint xsi:type="SequencePoint" vc="4" uspid="48" ordinal="0" offset="0" sl="85" sc="50" el="85" ec="76" bec="0" bev="0" fileid="1" />
            </Method>
          </Methods>
        </Class>
        <Class>
          <Summary numSequencePoints="18" visitedSequencePoints="18" numBranchPoints="8" visitedBranchPoints="8" sequenceCoverage="100" branchCoverage="100" maxCyclomaticComplexity="5" minCyclomaticComplexity="1" visitedClasses="1" numClasses="1" visitedMethods="4" numMethods="4" />
          <FullName>Identifiers.Czech.Tests.AccountNumberTest</FullName>
          <Methods>
            <Method visited="true" cyclomaticComplexity="2" nPathComplexity="0" sequenceCoverage="100" branchCoverage="100" isConstructor="false" isStatic="false" isGetter="false" isSetter="false">
              <Summary numSequencePoints="3" visitedSequencePoints="3" numBranchPoints="1" visitedBranchPoints="1" sequenceCoverage="100" branchCoverage="100" maxCyclomaticComplexity="2" minCyclomaticComplexity="2" visitedClasses="0" numClasses="0" visitedMethods="1" numMethods="1" />
              <MetadataToken>100663307</MetadataToken>
              <Name>System.Void Identifiers.Czech.Tests.AccountNumberTest::StandardFormatConstructor_BankCode_CantBeNull()</Name>
              <FileRef uid="5" />
              <SequencePoints>
                <SequencePoint vc="1" uspid="49" ordinal="0" offset="0" sl="10" sc="9" el="10" ec="10" bec="0" bev="0" fileid="5" />
                <SequencePoint vc="1" uspid="50" ordinal="1" offset="1" sl="11" sc="13" el="11" ec="101" bec="0" bev="0" fileid="5" />
                <SequencePoint vc="1" uspid="51" ordinal="2" offset="38" sl="12" sc="9" el="12" ec="10" bec="0" bev="0" fileid="5" />
              </SequencePoints>
              <BranchPoints />
              <MethodPoint xsi:type="SequencePoint" vc="1" uspid="49" ordinal="0" offset="0" sl="10" sc="9" el="10" ec="10" bec="0" bev="0" fileid="5" />
            </Method>
            <Method visited="true" cyclomaticComplexity="1" nPathComplexity="0" sequenceCoverage="100" branchCoverage="100" isConstructor="false" isStatic="false" isGetter="false" isSetter="false">
              <Summary numSequencePoints="3" visitedSequencePoints="3" numBranchPoints="1" visitedBranchPoints="1" sequenceCoverage="100" branchCoverage="100" maxCyclomaticComplexity="1" minCyclomaticComplexity="1" visitedClasses="0" numClasses="0" visitedMethods="1" numMethods="1" />
              <MetadataToken>100663308</MetadataToken>
              <Name>System.Void Identifiers.Czech.Tests.AccountNumberTest::NumberMustHaveAtLeast2NonZeroDigitsToBeValid(System.Int64,System.Boolean)</Name>
              <FileRef uid="5" />
              <SequencePoints>
                <SequencePoint vc="6" uspid="54" ordinal="0" offset="0" sl="22" sc="9" el="22" ec="10" bec="0" bev="0" fileid="5" />
                <SequencePoint vc="6" uspid="55" ordinal="1" offset="1" sl="23" sc="13" el="23" ec="95" bec="0" bev="0" fileid="5" />
                <SequencePoint vc="6" uspid="56" ordinal="2" offset="31" sl="24" sc="9" el="24" ec="10" bec="0" bev="0" fileid="5" />
              </SequencePoints>
              <BranchPoints />
              <MethodPoint xsi:type="SequencePoint" vc="6" uspid="54" ordinal="0" offset="0" sl="22" sc="9" el="22" ec="10" bec="0" bev="0" fileid="5" />
            </Method>
            <Method visited="true" cyclomaticComplexity="5" nPathComplexity="2" sequenceCoverage="100" branchCoverage="100" isConstructor="false" isStatic="false" isGetter="false" isSetter="false">
              <Summary numSequencePoints="6" visitedSequencePoints="6" numBranchPoints="3" visitedBranchPoints="3" sequenceCoverage="100" branchCoverage="100" maxCyclomaticComplexity="5" minCyclomaticComplexity="5" visitedClasses="0" numClasses="0" visitedMethods="1" numMethods="1" />
              <MetadataToken>100663309</MetadataToken>
              <Name>System.Void Identifiers.Czech.Tests.AccountNumberTest::PrefixChecksumMustBeFullyDivisibleBy11ToBeValid(System.Int64,System.Int32,System.Boolean)</Name>
              <FileRef uid="5" />
              <SequencePoints>
                <SequencePoint vc="6" uspid="57" ordinal="0" offset="0" sl="34" sc="9" el="34" ec="10" bec="0" bev="0" fileid="5" />
                <SequencePoint vc="6" uspid="58" ordinal="1" offset="1" sl="35" sc="13" el="35" ec="85" bec="0" bev="0" fileid="5" />
                <SequencePoint vc="6" uspid="59" ordinal="2" offset="21" sl="36" sc="13" el="36" ec="75" bec="2" bev="2" fileid="5" />
                <SequencePoint vc="6" uspid="60" ordinal="3" offset="94" sl="37" sc="13" el="37" ec="72" bec="0" bev="0" fileid="5" />
                <SequencePoint vc="6" uspid="61" ordinal="4" offset="112" sl="38" sc="13" el="38" ec="58" bec="0" bev="0" fileid="5" />
                <SequencePoint vc="6" uspid="62" ordinal="5" offset="125" sl="39" sc="9" el="39" ec="10" bec="0" bev="0" fileid="5" />
              </SequencePoints>
              <BranchPoints>
                <BranchPoint vc="4" uspid="65" ordinal="2" offset="75" sl="36" path="0" offsetend="77" fileid="5" />
                <BranchPoint vc="2" uspid="66" ordinal="3" offset="75" sl="36" path="1" offsetend="80" fileid="5" />
              </BranchPoints>
              <MethodPoint xsi:type="SequencePoint" vc="6" uspid="57" ordinal="0" offset="0" sl="34" sc="9" el="34" ec="10" bec="0" bev="0" fileid="5" />
            </Method>
            <Method visited="true" cyclomaticComplexity="5" nPathComplexity="2" sequenceCoverage="100" branchCoverage="100" isConstructor="false" isStatic="false" isGetter="false" isSetter="false">
              <Summary numSequencePoints="6" visitedSequencePoints="6" numBranchPoints="3" visitedBranchPoints="3" sequenceCoverage="100" branchCoverage="100" maxCyclomaticComplexity="5" minCyclomaticComplexity="5" visitedClasses="0" numClasses="0" visitedMethods="1" numMethods="1" />
              <MetadataToken>100663310</MetadataToken>
              <Name>System.Void Identifiers.Czech.Tests.AccountNumberTest::NumberChecksumMustBeFullyDivisibleBy11ToBeValid(System.Int64,System.Int32,System.Boolean)</Name>
              <FileRef uid="5" />
              <SequencePoints>
                <SequencePoint vc="4" uspid="67" ordinal="0" offset="0" sl="47" sc="9" el="47" ec="10" bec="0" bev="0" fileid="5" />
                <SequencePoint vc="4" uspid="68" ordinal="1" offset="1" sl="48" sc="13" el="48" ec="84" bec="0" bev="0" fileid="5" />
                <SequencePoint vc="4" uspid="69" ordinal="2" offset="20" sl="49" sc="13" el="49" ec="75" bec="2" bev="2" fileid="5" />
                <SequencePoint vc="4" uspid="70" ordinal="3" offset="93" sl="50" sc="13" el="50" ec="72" bec="0" bev="0" fileid="5" />
                <SequencePoint vc="4" uspid="71" ordinal="4" offset="111" sl="51" sc="13" el="51" ec="58" bec="0" bev="0" fileid="5" />
                <SequencePoint vc="4" uspid="72" ordinal="5" offset="124" sl="52" sc="9" el="52" ec="10" bec="0" bev="0" fileid="5" />
              </SequencePoints>
              <BranchPoints>
                <BranchPoint vc="2" uspid="75" ordinal="2" offset="74" sl="49" path="0" offsetend="76" fileid="5" />
                <BranchPoint vc="2" uspid="76" ordinal="3" offset="74" sl="49" path="1" offsetend="79" fileid="5" />
              </BranchPoints>
              <MethodPoint xsi:type="SequencePoint" vc="4" uspid="67" ordinal="0" offset="0" sl="47" sc="9" el="47" ec="10" bec="0" bev="0" fileid="5" />
            </Method>
            <Method visited="true" cyclomaticComplexity="1" nPathComplexity="0" sequenceCoverage="0" branchCoverage="0" isConstructor="true" isStatic="false" isGetter="false" isSetter="false">
              <Summary numSequencePoints="0" visitedSequencePoints="0" numBranchPoints="0" visitedBranchPoints="0" sequenceCoverage="0" branchCoverage="0" maxCyclomaticComplexity="1" minCyclomaticComplexity="1" visitedClasses="0" numClasses="0" visitedMethods="0" numMethods="0" />
              <MetadataToken>100663311</MetadataToken>
              <Name>System.Void Identifiers.Czech.Tests.AccountNumberTest::.ctor()</Name>
              <SequencePoints />
              <BranchPoints />
              <MethodPoint vc="17" uspid="77" ordinal="0" offset="0" />
            </Method>
          </Methods>
        </Class>
        <Class>
          <Summary numSequencePoints="1" visitedSequencePoints="1" numBranchPoints="1" visitedBranchPoints="1" sequenceCoverage="100" branchCoverage="100" maxCyclomaticComplexity="1" minCyclomaticComplexity="1" visitedClasses="1" numClasses="1" visitedMethods="1" numMethods="1" />
          <FullName>Identifiers.Czech.Tests.AccountNumberTest/&lt;&gt;c</FullName>
          <Methods>
            <Method visited="true" cyclomaticComplexity="1" nPathComplexity="0" sequenceCoverage="0" branchCoverage="0" isConstructor="true" isStatic="true" isGetter="false" isSetter="false">
              <Summary numSequencePoints="0" visitedSequencePoints="0" numBranchPoints="0" visitedBranchPoints="0" sequenceCoverage="0" branchCoverage="0" maxCyclomaticComplexity="1" minCyclomaticComplexity="1" visitedClasses="0" numClasses="0" visitedMethods="0" numMethods="0" />
              <MetadataToken>100663372</MetadataToken>
              <Name>System.Void Identifiers.Czech.Tests.AccountNumberTest/&lt;&gt;c::.cctor()</Name>
              <SequencePoints />
              <BranchPoints />
              <MethodPoint vc="1" uspid="78" ordinal="0" offset="0" />
            </Method>
            <Method visited="true" cyclomaticComplexity="1" nPathComplexity="0" sequenceCoverage="0" branchCoverage="0" isConstructor="true" isStatic="false" isGetter="false" isSetter="false">
              <Summary numSequencePoints="0" visitedSequencePoints="0" numBranchPoints="0" visitedBranchPoints="0" sequenceCoverage="0" branchCoverage="0" maxCyclomaticComplexity="1" minCyclomaticComplexity="1" visitedClasses="0" numClasses="0" visitedMethods="0" numMethods="0" />
              <MetadataToken>100663373</MetadataToken>
              <Name>System.Void Identifiers.Czech.Tests.AccountNumberTest/&lt;&gt;c::.ctor()</Name>
              <SequencePoints />
              <BranchPoints />
              <MethodPoint vc="1" uspid="79" ordinal="0" offset="0" />
            </Method>
            <Method visited="true" cyclomaticComplexity="1" nPathComplexity="0" sequenceCoverage="100" branchCoverage="100" isConstructor="false" isStatic="false" isGetter="false" isSetter="false">
              <Summary numSequencePoints="1" visitedSequencePoints="1" numBranchPoints="1" visitedBranchPoints="1" sequenceCoverage="100" branchCoverage="100" maxCyclomaticComplexity="1" minCyclomaticComplexity="1" visitedClasses="0" numClasses="0" visitedMethods="1" numMethods="1" />
              <MetadataToken>100663374</MetadataToken>
              <Name>System.Object Identifiers.Czech.Tests.AccountNumberTest/&lt;&gt;c::&lt;StandardFormatConstructor_BankCode_CantBeNull&gt;b__0_0()</Name>
              <FileRef uid="5" />
              <SequencePoints>
                <SequencePoint vc="1" uspid="80" ordinal="0" offset="0" sl="11" sc="56" el="11" ec="99" bec="0" bev="0" fileid="5" />
              </SequencePoints>
              <BranchPoints />
              <MethodPoint xsi:type="SequencePoint" vc="1" uspid="80" ordinal="0" offset="0" sl="11" sc="56" el="11" ec="99" bec="0" bev="0" fileid="5" />
            </Method>
          </Methods>
        </Class>
        <Class>
          <Summary numSequencePoints="23" visitedSequencePoints="17" numBranchPoints="15" visitedBranchPoints="8" sequenceCoverage="73.91" branchCoverage="53.33" maxCyclomaticComplexity="8" minCyclomaticComplexity="1" visitedClasses="1" numClasses="1" visitedMethods="8" numMethods="9" />
          <FullName>Identifiers.Czech.Tests.BirthNumberParserTest</FullName>
          <Methods>
            <Method visited="true" cyclomaticComplexity="1" nPathComplexity="0" sequenceCoverage="100" branchCoverage="100" isConstructor="false" isStatic="false" isGetter="false" isSetter="false">
              <Summary numSequencePoints="3" visitedSequencePoints="3" numBranchPoints="1" visitedBranchPoints="1" sequenceCoverage="100" branchCoverage="100" maxCyclomaticComplexity="1" minCyclomaticComplexity="1" visitedClasses="0" numClasses="0" visitedMethods="1" numMethods="1" />
              <MetadataToken>100663312</MetadataToken>
              <Name>System.Void Identifiers.Czech.Tests.BirthNumberParserTest::ParseDoesntAcceptNull()</Name>
              <FileRef uid="7" />
              <SequencePoints>
                <SequencePoint vc="1" uspid="81" ordinal="0" offset="0" sl="12" sc="9" el="12" ec="10" bec="0" bev="0" fileid="7" />
                <SequencePoint vc="1" uspid="82" ordinal="1" offset="1" sl="13" sc="13" el="13" ec="76" bec="0" bev="0" fileid="7" />
                <SequencePoint vc="1" uspid="83" ordinal="2" offset="19" sl="14" sc="9" el="14" ec="10" bec="0" bev="0" fileid="7" />
              </SequencePoints>
              <BranchPoints />
              <MethodPoint xsi:type="SequencePoint" vc="1" uspid="81" ordinal="0" offset="0" sl="12" sc="9" el="12" ec="10" bec="0" bev="0" fileid="7" />
            </Method>
            <Method visited="true" cyclomaticComplexity="1" nPathComplexity="0" sequenceCoverage="100" branchCoverage="100" isConstructor="false" isStatic="false" isGetter="false" isSetter="false">
              <Summary numSequencePoints="4" visitedSequencePoints="4" numBranchPoints="1" visitedBranchPoints="1" sequenceCoverage="100" branchCoverage="100" maxCyclomaticComplexity="1" minCyclomaticComplexity="1" visitedClasses="0" numClasses="0" visitedMethods="1" numMethods="1" />
              <MetadataToken>100663313</MetadataToken>
              <Name>System.Void Identifiers.Czech.Tests.BirthNumberParserTest::Input_With9Or10Digits_WillBeParsed()</Name>
              <FileRef uid="7" />
              <SequencePoints>
                <SequencePoint vc="1" uspid="84" ordinal="0" offset="0" sl="18" sc="9" el="18" ec="10" bec="0" bev="0" fileid="7" />
                <SequencePoint vc="1" uspid="85" ordinal="1" offset="1" sl="19" sc="13" el="19" ec="39" bec="0" bev="0" fileid="7" />
                <SequencePoint vc="1" uspid="86" ordinal="2" offset="18" sl="20" sc="13" el="20" ec="40" bec="0" bev="0" fileid="7" />
                <SequencePoint vc="1" uspid="87" ordinal="3" offset="35" sl="21" sc="9" el="21" ec="10" bec="0" bev="0" fileid="7" />
              </SequencePoints>
              <BranchPoints />
              <MethodPoint xsi:type="SequencePoint" vc="1" uspid="84" ordinal="0" offset="0" sl="18" sc="9" el="18" ec="10" bec="0" bev="0" fileid="7" />
            </Method>
            <Method visited="true" cyclomaticComplexity="1" nPathComplexity="0" sequenceCoverage="100" branchCoverage="100" isConstructor="false" isStatic="false" isGetter="false" isSetter="false">
              <Summary numSequencePoints="3" visitedSequencePoints="3" numBranchPoints="1" visitedBranchPoints="1" sequenceCoverage="100" branchCoverage="100" maxCyclomaticComplexity="1" minCyclomaticComplexity="1" visitedClasses="0" numClasses="0" visitedMethods="1" numMethods="1" />
              <MetadataToken>100663314</MetadataToken>
              <Name>System.Void Identifiers.Czech.Tests.BirthNumberParserTest::Input_LongerThan10Digits_ThrowsFormatException()</Name>
              <FileRef uid="7" />
              <SequencePoints>
                <SequencePoint vc="1" uspid="88" ordinal="0" offset="0" sl="25" sc="9" el="25" ec="10" bec="0" bev="0" fileid="7" />
                <SequencePoint vc="1" uspid="89" ordinal="1" offset="1" sl="26" sc="13" el="26" ec="79" bec="0" bev="0" fileid="7" />
                <SequencePoint vc="1" uspid="90" ordinal="2" offset="19" sl="27" sc="9" el="27" ec="10" bec="0" bev="0" fileid="7" />
              </SequencePoints>
              <BranchPoints />
              <MethodPoint xsi:type="SequencePoint" vc="1" uspid="88" ordinal="0" offset="0" sl="25" sc="9" el="25" ec="10" bec="0" bev="0" fileid="7" />
            </Method>
            <Method visited="true" cyclomaticComplexity="1" nPathComplexity="0" sequenceCoverage="100" branchCoverage="100" isConstructor="false" isStatic="false" isGetter="false" isSetter="false">
              <Summary numSequencePoints="3" visitedSequencePoints="3" numBranchPoints="1" visitedBranchPoints="1" sequenceCoverage="100" branchCoverage="100" maxCyclomaticComplexity="1" minCyclomaticComplexity="1" visitedClasses="0" numClasses="0" visitedMethods="1" numMethods="1" />
              <MetadataToken>100663315</MetadataToken>
              <Name>System.Void Identifiers.Czech.Tests.BirthNumberParserTest::Input_ShorterThan9Digits_ThrowsFormatException()</Name>
              <FileRef uid="7" />
              <SequencePoints>
                <SequencePoint vc="1" uspid="91" ordinal="0" offset="0" sl="31" sc="9" el="31" ec="10" bec="0" bev="0" fileid="7" />
                <SequencePoint vc="1" uspid="92" ordinal="1" offset="1" sl="32" sc="13" el="32" ec="74" bec="0" bev="0" fileid="7" />
                <SequencePoint vc="1" uspid="93" ordinal="2" offset="19" sl="33" sc="9" el="33" ec="10" bec="0" bev="0" fileid="7" />
              </SequencePoints>
              <BranchPoints />
              <MethodPoint xsi:type="SequencePoint" vc="1" uspid="91" ordinal="0" offset="0" sl="31" sc="9" el="31" ec="10" bec="0" bev="0" fileid="7" />
            </Method>
            <Method visited="false" cyclomaticComplexity="8" nPathComplexity="8" sequenceCoverage="0" branchCoverage="0" isConstructor="false" isStatic="false" isGetter="false" isSetter="false">
              <Summary numSequencePoints="6" visitedSequencePoints="0" numBranchPoints="7" visitedBranchPoints="0" sequenceCoverage="0" branchCoverage="0" maxCyclomaticComplexity="8" minCyclomaticComplexity="8" visitedClasses="0" numClasses="0" visitedMethods="0" numMethods="1" />
              <MetadataToken>100663316</MetadataToken>
              <Name>System.Nullable`1&lt;System.Int32&gt; Identifiers.Czech.Tests.BirthNumberParserTest::IgnoreOutsideRange(System.Nullable`1&lt;System.Int32&gt;)</Name>
              <FileRef uid="7" />
              <SequencePoints>
                <SequencePoint vc="0" uspid="94" ordinal="0" offset="0" sl="36" sc="9" el="36" ec="10" bec="0" bev="0" fileid="7" />
                <SequencePoint vc="0" uspid="95" ordinal="1" offset="1" sl="37" sc="13" el="37" ec="58" bec="6" bev="0" fileid="7" />
                <SequencePoint vc="0" uspid="96" ordinal="2" offset="68" sl="38" sc="13" el="38" ec="14" bec="0" bev="0" fileid="7" />
                <SequencePoint vc="0" uspid="97" ordinal="3" offset="69" sl="39" sc="17" el="39" ec="29" bec="0" bev="0" fileid="7" />
                <SequencePoint vc="0" uspid="98" ordinal="4" offset="81" sl="42" sc="13" el="42" ec="26" bec="0" bev="0" fileid="7" />
                <SequencePoint vc="0" uspid="99" ordinal="5" offset="85" sl="43" sc="9" el="43" ec="10" bec="0" bev="0" fileid="7" />
              </SequencePoints>
              <BranchPoints>
                <BranchPoint vc="0" uspid="102" ordinal="2" offset="22" sl="37" path="0" offsetend="24" fileid="7" />
                <BranchPoint vc="0" uspid="103" ordinal="3" offset="22" sl="37" path="1" offsetend="27" fileid="7" />
                <BranchPoint vc="0" uspid="106" ordinal="6" offset="49" sl="37" path="0" offsetend="51" fileid="7" />
                <BranchPoint vc="0" uspid="107" ordinal="7" offset="49" sl="37" path="1" offsetend="54" fileid="7" />
                <BranchPoint vc="0" uspid="108" ordinal="8" offset="66" sl="37" path="0" offsetend="68" fileid="7" />
                <BranchPoint vc="0" uspid="109" ordinal="9" offset="66" sl="37" path="1" offsetend="81" fileid="7" />
              </BranchPoints>
              <MethodPoint xsi:type="SequencePoint" vc="0" uspid="94" ordinal="0" offset="0" sl="36" sc="9" el="36" ec="10" bec="0" bev="0" fileid="7" />
            </Method>
            <Method visited="true" cyclomaticComplexity="1" nPathComplexity="0" sequenceCoverage="100" branchCoverage="100" isConstructor="true" isStatic="false" isGetter="false" isSetter="false">
              <Summary numSequencePoints="1" visitedSequencePoints="1" numBranchPoints="1" visitedBranchPoints="1" sequenceCoverage="100" branchCoverage="100" maxCyclomaticComplexity="1" minCyclomaticComplexity="1" visitedClasses="0" numClasses="0" visitedMethods="1" numMethods="1" />
              <MetadataToken>100663317</MetadataToken>
              <Name>System.Void Identifiers.Czech.Tests.BirthNumberParserTest::.ctor()</Name>
              <FileRef uid="7" />
              <SequencePoints>
                <SequencePoint vc="4" uspid="110" ordinal="0" offset="0" sl="8" sc="9" el="8" ec="68" bec="0" bev="0" fileid="7" />
              </SequencePoints>
              <BranchPoints />
              <MethodPoint xsi:type="SequencePoint" vc="4" uspid="110" ordinal="0" offset="0" sl="8" sc="9" el="8" ec="68" bec="0" bev="0" fileid="7" />
            </Method>
            <Method visited="true" cyclomaticComplexity="1" nPathComplexity="0" sequenceCoverage="100" branchCoverage="100" isConstructor="false" isStatic="false" isGetter="false" isSetter="false">
              <Summary numSequencePoints="1" visitedSequencePoints="1" numBranchPoints="1" visitedBranchPoints="1" sequenceCoverage="100" branchCoverage="100" maxCyclomaticComplexity="1" minCyclomaticComplexity="1" visitedClasses="0" numClasses="0" visitedMethods="1" numMethods="1" />
              <MetadataToken>100663318</MetadataToken>
              <Name>System.Object Identifiers.Czech.Tests.BirthNumberParserTest::&lt;ParseDoesntAcceptNull&gt;b__1_0()</Name>
              <FileRef uid="7" />
              <SequencePoints>
                <SequencePoint vc="1" uspid="111" ordinal="0" offset="0" sl="13" sc="56" el="13" ec="74" bec="0" bev="0" fileid="7" />
              </SequencePoints>
              <BranchPoints />
              <MethodPoint xsi:type="SequencePoint" vc="1" uspid="111" ordinal="0" offset="0" sl="13" sc="56" el="13" ec="74" bec="0" bev="0" fileid="7" />
            </Method>
            <Method visited="true" cyclomaticComplexity="1" nPathComplexity="0" sequenceCoverage="100" branchCoverage="100" isConstructor="false" isStatic="false" isGetter="false" isSetter="false">
              <Summary numSequencePoints="1" visitedSequencePoints="1" numBranchPoints="1" visitedBranchPoints="1" sequenceCoverage="100" branchCoverage="100" maxCyclomaticComplexity="1" minCyclomaticComplexity="1" visitedClasses="0" numClasses="0" visitedMethods="1" numMethods="1" />
              <MetadataToken>100663319</MetadataToken>
              <Name>System.Object Identifiers.Czech.Tests.BirthNumberParserTest::&lt;Input_LongerThan10Digits_ThrowsFormatException&gt;b__3_0()</Name>
              <FileRef uid="7" />
              <SequencePoints>
                <SequencePoint vc="1" uspid="112" ordinal="0" offset="0" sl="26" sc="50" el="26" ec="77" bec="0" bev="0" fileid="7" />
              </SequencePoints>
              <BranchPoints />
              <MethodPoint xsi:type="SequencePoint" vc="1" uspid="112" ordinal="0" offset="0" sl="26" sc="50" el="26" ec="77" bec="0" bev="0" fileid="7" />
            </Method>
            <Method visited="true" cyclomaticComplexity="1" nPathComplexity="0" sequenceCoverage="100" branchCoverage="100" isConstructor="false" isStatic="false" isGetter="false" isSetter="false">
              <Summary numSequencePoints="1" visitedSequencePoints="1" numBranchPoints="1" visitedBranchPoints="1" sequenceCoverage="100" branchCoverage="100" maxCyclomaticComplexity="1" minCyclomaticComplexity="1" visitedClasses="0" numClasses="0" visitedMethods="1" numMethods="1" />
              <MetadataToken>100663320</MetadataToken>
              <Name>System.Object Identifiers.Czech.Tests.BirthNumberParserTest::&lt;Input_ShorterThan9Digits_ThrowsFormatException&gt;b__4_0()</Name>
              <FileRef uid="7" />
              <SequencePoints>
                <SequencePoint vc="1" uspid="113" ordinal="0" offset="0" sl="32" sc="50" el="32" ec="72" bec="0" bev="0" fileid="7" />
              </SequencePoints>
              <BranchPoints />
              <MethodPoint xsi:type="SequencePoint" vc="1" uspid="113" ordinal="0" offset="0" sl="32" sc="50" el="32" ec="72" bec="0" bev="0" fileid="7" />
            </Method>
          </Methods>
        </Class>
        <Class>
          <Summary numSequencePoints="68" visitedSequencePoints="68" numBranchPoints="20" visitedBranchPoints="20" sequenceCoverage="100" branchCoverage="100" maxCyclomaticComplexity="3" minCyclomaticComplexity="1" visitedClasses="1" numClasses="1" visitedMethods="20" numMethods="20" />
          <FullName>Identifiers.Czech.Tests.BirthNumberTest</FullName>
          <Methods>
            <Method visited="true" cyclomaticComplexity="1" nPathComplexity="0" sequenceCoverage="100" branchCoverage="100" isConstructor="false" isStatic="false" isGetter="false" isSetter="false">
              <Summary numSequencePoints="3" visitedSequencePoints="3" numBranchPoints="1" visitedBranchPoints="1" sequenceCoverage="100" branchCoverage="100" maxCyclomaticComplexity="1" minCyclomaticComplexity="1" visitedClasses="0" numClasses="0" visitedMethods="1" numMethods="1" />
              <MetadataToken>100663321</MetadataToken>
              <Name>System.Void Identifiers.Czech.Tests.BirthNumberTest::StandardFormConstructor_Accepts0To99InDateParts(System.Int32,System.Int32,System.Int32)</Name>
              <FileRef uid="8" />
              <SequencePoints>
                <SequencePoint vc="2" uspid="114" ordinal="0" offset="0" sl="13" sc="9" el="13" ec="10" bec="0" bev="0" fileid="8" />
                <SequencePoint vc="2" uspid="115" ordinal="1" offset="1" sl="14" sc="13" el="14" ec="82" bec="0" bev="0" fileid="8" />
                <SequencePoint vc="2" uspid="116" ordinal="2" offset="25" sl="15" sc="9" el="15" ec="10" bec="0" bev="0" fileid="8" />
              </SequencePoints>
              <BranchPoints />
              <MethodPoint xsi:type="SequencePoint" vc="2" uspid="114" ordinal="0" offset="0" sl="13" sc="9" el="13" ec="10" bec="0" bev="0" fileid="8" />
            </Method>
            <Method visited="true" cyclomaticComplexity="1" nPathComplexity="0" sequenceCoverage="100" branchCoverage="100" isConstructor="false" isStatic="false" isGetter="false" isSetter="false">
              <Summary numSequencePoints="3" visitedSequencePoints="3" numBranchPoints="1" visitedBranchPoints="1" sequenceCoverage="100" branchCoverage="100" maxCyclomaticComplexity="1" minCyclomaticComplexity="1" visitedClasses="0" numClasses="0" visitedMethods="1" numMethods="1" />
              <MetadataToken>100663322</MetadataToken>
              <Name>System.Void Identifiers.Czech.Tests.BirthNumberTest::StandardFormConstructor_OnNumbersOutside0To99InDatePart_ThrowsOutOfRangeException(System.Int32,System.Int32,System.Int32)</Name>
              <FileRef uid="8" />
              <SequencePoints>
                <SequencePoint vc="6" uspid="117" ordinal="0" offset="27" sl="25" sc="9" el="25" ec="10" bec="0" bev="0" fileid="8" />
                <SequencePoint vc="6" uspid="118" ordinal="1" offset="28" sl="26" sc="13" el="26" ec="132" bec="0" bev="0" fileid="8" />
                <SequencePoint vc="6" uspid="119" ordinal="2" offset="46" sl="27" sc="9" el="27" ec="10" bec="0" bev="0" fileid="8" />
              </SequencePoints>
              <BranchPoints />
              <MethodPoint vc="6" uspid="120" ordinal="0" offset="0" />
            </Method>
            <Method visited="true" cyclomaticComplexity="1" nPathComplexity="0" sequenceCoverage="100" branchCoverage="100" isConstructor="false" isStatic="false" isGetter="false" isSetter="false">
              <Summary numSequencePoints="3" visitedSequencePoints="3" numBranchPoints="1" visitedBranchPoints="1" sequenceCoverage="100" branchCoverage="100" maxCyclomaticComplexity="1" minCyclomaticComplexity="1" visitedClasses="0" numClasses="0" visitedMethods="1" numMethods="1" />
              <MetadataToken>100663323</MetadataToken>
              <Name>System.Void Identifiers.Czech.Tests.BirthNumberTest::StandardFormConstructor_Accepts0To999InSequence(System.Int32)</Name>
              <FileRef uid="8" />
              <SequencePoints>
                <SequencePoint vc="2" uspid="121" ordinal="0" offset="0" sl="33" sc="9" el="33" ec="10" bec="0" bev="0" fileid="8" />
                <SequencePoint vc="2" uspid="122" ordinal="1" offset="1" sl="34" sc="13" el="34" ec="68" bec="0" bev="0" fileid="8" />
                <SequencePoint vc="2" uspid="123" ordinal="2" offset="25" sl="35" sc="9" el="35" ec="10" bec="0" bev="0" fileid="8" />
              </SequencePoints>
              <BranchPoints />
              <MethodPoint xsi:type="SequencePoint" vc="2" uspid="121" ordinal="0" offset="0" sl="33" sc="9" el="33" ec="10" bec="0" bev="0" fileid="8" />
            </Method>
            <Method visited="true" cyclomaticComplexity="1" nPathComplexity="0" sequenceCoverage="100" branchCoverage="100" isConstructor="false" isStatic="false" isGetter="false" isSetter="false">
              <Summary numSequencePoints="3" visitedSequencePoints="3" numBranchPoints="1" visitedBranchPoints="1" sequenceCoverage="100" branchCoverage="100" maxCyclomaticComplexity="1" minCyclomaticComplexity="1" visitedClasses="0" numClasses="0" visitedMethods="1" numMethods="1" />
              <MetadataToken>100663324</MetadataToken>
              <Name>System.Void Identifiers.Czech.Tests.BirthNumberTest::StandardFormConstructor_OnNumbersOutside0To999InSequence_ThrowsOutOfRangeException(System.Int32)</Name>
              <FileRef uid="8" />
              <SequencePoints>
                <SequencePoint vc="2" uspid="124" ordinal="0" offset="13" sl="41" sc="9" el="41" ec="10" bec="0" bev="0" fileid="8" />
                <SequencePoint vc="2" uspid="125" ordinal="1" offset="14" sl="42" sc="13" el="42" ec="118" bec="0" bev="0" fileid="8" />
                <SequencePoint vc="2" uspid="126" ordinal="2" offset="32" sl="43" sc="9" el="43" ec="10" bec="0" bev="0" fileid="8" />
              </SequencePoints>
              <BranchPoints />
              <MethodPoint vc="2" uspid="127" ordinal="0" offset="0" />
            </Method>
            <Method visited="true" cyclomaticComplexity="1" nPathComplexity="0" sequenceCoverage="100" branchCoverage="100" isConstructor="false" isStatic="false" isGetter="false" isSetter="false">
              <Summary numSequencePoints="3" visitedSequencePoints="3" numBranchPoints="1" visitedBranchPoints="1" sequenceCoverage="100" branchCoverage="100" maxCyclomaticComplexity="1" minCyclomaticComplexity="1" visitedClasses="0" numClasses="0" visitedMethods="1" numMethods="1" />
              <MetadataToken>100663325</MetadataToken>
              <Name>System.Void Identifiers.Czech.Tests.BirthNumberTest::StandardFormConstructor_Accepts0To9OrNullInCheckDigit(System.Nullable`1&lt;System.Int32&gt;)</Name>
              <FileRef uid="8" />
              <SequencePoints>
                <SequencePoint vc="3" uspid="128" ordinal="0" offset="0" sl="50" sc="9" el="50" ec="10" bec="0" bev="0" fileid="8" />
                <SequencePoint vc="3" uspid="129" ordinal="1" offset="1" sl="51" sc="13" el="51" ec="67" bec="0" bev="0" fileid="8" />
                <SequencePoint vc="3" uspid="130" ordinal="2" offset="17" sl="52" sc="9" el="52" ec="10" bec="0" bev="0" fileid="8" />
              </SequencePoints>
              <BranchPoints />
              <MethodPoint xsi:type="SequencePoint" vc="3" uspid="128" ordinal="0" offset="0" sl="50" sc="9" el="50" ec="10" bec="0" bev="0" fileid="8" />
            </Method>
            <Method visited="true" cyclomaticComplexity="1" nPathComplexity="0" sequenceCoverage="100" branchCoverage="100" isConstructor="false" isStatic="false" isGetter="false" isSetter="false">
              <Summary numSequencePoints="3" visitedSequencePoints="3" numBranchPoints="1" visitedBranchPoints="1" sequenceCoverage="100" branchCoverage="100" maxCyclomaticComplexity="1" minCyclomaticComplexity="1" visitedClasses="0" numClasses="0" visitedMethods="1" numMethods="1" />
              <MetadataToken>100663326</MetadataToken>
              <Name>System.Void Identifiers.Czech.Tests.BirthNumberTest::StandardFormConstructor_OnNumbersOutside0To9InCheckDigit_ThrowsOutOfRangeException(System.Int32)</Name>
              <FileRef uid="8" />
              <SequencePoints>
                <SequencePoint vc="2" uspid="131" ordinal="0" offset="13" sl="58" sc="9" el="58" ec="10" bec="0" bev="0" fileid="8" />
                <SequencePoint vc="2" uspid="132" ordinal="1" offset="14" sl="59" sc="13" el="59" ec="117" bec="0" bev="0" fileid="8" />
                <SequencePoint vc="2" uspid="133" ordinal="2" offset="32" sl="60" sc="9" el="60" ec="10" bec="0" bev="0" fileid="8" />
              </SequencePoints>
              <BranchPoints />
              <MethodPoint vc="2" uspid="134" ordinal="0" offset="0" />
            </Method>
            <Method visited="true" cyclomaticComplexity="1" nPathComplexity="0" sequenceCoverage="100" branchCoverage="100" isConstructor="false" isStatic="false" isGetter="false" isSetter="false">
              <Summary numSequencePoints="4" visitedSequencePoints="4" numBranchPoints="1" visitedBranchPoints="1" sequenceCoverage="100" branchCoverage="100" maxCyclomaticComplexity="1" minCyclomaticComplexity="1" visitedClasses="0" numClasses="0" visitedMethods="1" numMethods="1" />
              <MetadataToken>100663327</MetadataToken>
              <Name>System.Void Identifiers.Czech.Tests.BirthNumberTest::StandardFormConstructor_AcceptsAnythingInInput(System.String)</Name>
              <FileRef uid="8" />
              <SequencePoints>
                <SequencePoint vc="3" uspid="135" ordinal="0" offset="0" sl="67" sc="9" el="67" ec="10" bec="0" bev="0" fileid="8" />
                <SequencePoint vc="3" uspid="136" ordinal="1" offset="1" sl="68" sc="13" el="68" ec="69" bec="0" bev="0" fileid="8" />
                <SequencePoint vc="3" uspid="137" ordinal="2" offset="18" sl="69" sc="13" el="69" ec="52" bec="0" bev="0" fileid="8" />
                <SequencePoint vc="3" uspid="138" ordinal="3" offset="31" sl="70" sc="9" el="70" ec="10" bec="0" bev="0" fileid="8" />
              </SequencePoints>
              <BranchPoints />
              <MethodPoint xsi:type="SequencePoint" vc="3" uspid="135" ordinal="0" offset="0" sl="67" sc="9" el="67" ec="10" bec="0" bev="0" fileid="8" />
            </Method>
            <Method visited="true" cyclomaticComplexity="1" nPathComplexity="0" sequenceCoverage="100" branchCoverage="100" isConstructor="false" isStatic="false" isGetter="false" isSetter="false">
              <Summary numSequencePoints="4" visitedSequencePoints="4" numBranchPoints="1" visitedBranchPoints="1" sequenceCoverage="100" branchCoverage="100" maxCyclomaticComplexity="1" minCyclomaticComplexity="1" visitedClasses="0" numClasses="0" visitedMethods="1" numMethods="1" />
              <MetadataToken>100663328</MetadataToken>
              <Name>System.Void Identifiers.Czech.Tests.BirthNumberTest::MonthPartCanBeShiftedBy50ForWomen(System.Int32,System.Int32)</Name>
              <FileRef uid="8" />
              <SequencePoints>
                <SequencePoint vc="6" uspid="139" ordinal="0" offset="0" sl="80" sc="9" el="80" ec="10" bec="0" bev="0" fileid="8" />
                <SequencePoint vc="6" uspid="140" ordinal="1" offset="1" sl="81" sc="13" el="81" ec="76" bec="0" bev="0" fileid="8" />
                <SequencePoint vc="6" uspid="141" ordinal="2" offset="18" sl="82" sc="13" el="82" ec="60" bec="0" bev="0" fileid="8" />
                <SequencePoint vc="6" uspid="142" ordinal="3" offset="36" sl="83" sc="9" el="83" ec="10" bec="0" bev="0" fileid="8" />
              </SequencePoints>
              <BranchPoints />
              <MethodPoint xsi:type="SequencePoint" vc="6" uspid="139" ordinal="0" offset="0" sl="80" sc="9" el="80" ec="10" bec="0" bev="0" fileid="8" />
            </Method>
            <Method visited="true" cyclomaticComplexity="1" nPathComplexity="0" sequenceCoverage="100" branchCoverage="100" isConstructor="false" isStatic="false" isGetter="false" isSetter="false">
              <Summary numSequencePoints="4" visitedSequencePoints="4" numBranchPoints="1" visitedBranchPoints="1" sequenceCoverage="100" branchCoverage="100" maxCyclomaticComplexity="1" minCyclomaticComplexity="1" visitedClasses="0" numClasses="0" visitedMethods="1" numMethods="1" />
              <MetadataToken>100663329</MetadataToken>
              <Name>System.Void Identifiers.Czech.Tests.BirthNumberTest::MonthPartCanBeShiftedBy20WhenSequenceIsExhaustedAfterYear2003(System.Int32,System.Int32)</Name>
              <FileRef uid="8" />
              <SequencePoints>
                <SequencePoint vc="6" uspid="143" ordinal="0" offset="0" sl="93" sc="9" el="93" ec="10" bec="0" bev="0" fileid="8" />
                <SequencePoint vc="6" uspid="144" ordinal="1" offset="1" sl="94" sc="13" el="94" ec="77" bec="0" bev="0" fileid="8" />
                <SequencePoint vc="6" uspid="145" ordinal="2" offset="18" sl="95" sc="13" el="95" ec="60" bec="0" bev="0" fileid="8" />
                <SequencePoint vc="6" uspid="146" ordinal="3" offset="36" sl="96" sc="9" el="96" ec="10" bec="0" bev="0" fileid="8" />
              </SequencePoints>
              <BranchPoints />
              <MethodPoint xsi:type="SequencePoint" vc="6" uspid="143" ordinal="0" offset="0" sl="93" sc="9" el="93" ec="10" bec="0" bev="0" fileid="8" />
            </Method>
            <Method visited="true" cyclomaticComplexity="1" nPathComplexity="0" sequenceCoverage="100" branchCoverage="100" isConstructor="false" isStatic="false" isGetter="false" isSetter="false">
              <Summary numSequencePoints="4" visitedSequencePoints="4" numBranchPoints="1" visitedBranchPoints="1" sequenceCoverage="100" branchCoverage="100" maxCyclomaticComplexity="1" minCyclomaticComplexity="1" visitedClasses="0" numClasses="0" visitedMethods="1" numMethods="1" />
              <MetadataToken>100663330</MetadataToken>
              <Name>System.Void Identifiers.Czech.Tests.BirthNumberTest::BirthNumberWithInvalidMonthPartWillBeOutOf1To12Range(System.Int32,System.Int32)</Name>
              <FileRef uid="8" />
              <SequencePoints>
                <SequencePoint vc="128" uspid="147" ordinal="0" offset="0" sl="102" sc="9" el="102" ec="10" bec="0" bev="0" fileid="8" />
                <SequencePoint vc="128" uspid="148" ordinal="1" offset="1" sl="103" sc="13" el="103" ec="79" bec="0" bev="0" fileid="8" />
                <SequencePoint vc="128" uspid="149" ordinal="2" offset="18" sl="104" sc="13" el="104" ec="63" bec="0" bev="0" fileid="8" />
                <SequencePoint vc="128" uspid="150" ordinal="3" offset="41" sl="105" sc="9" el="105" ec="10" bec="0" bev="0" fileid="8" />
              </SequencePoints>
              <BranchPoints />
              <MethodPoint xsi:type="SequencePoint" vc="128" uspid="147" ordinal="0" offset="0" sl="102" sc="9" el="102" ec="10" bec="0" bev="0" fileid="8" />
            </Method>
            <Method visited="true" cyclomaticComplexity="1" nPathComplexity="0" sequenceCoverage="100" branchCoverage="100" isConstructor="false" isStatic="false" isGetter="false" isSetter="false">
              <Summary numSequencePoints="4" visitedSequencePoints="4" numBranchPoints="1" visitedBranchPoints="1" sequenceCoverage="100" branchCoverage="100" maxCyclomaticComplexity="1" minCyclomaticComplexity="1" visitedClasses="0" numClasses="0" visitedMethods="1" numMethods="1" />
              <MetadataToken>100663331</MetadataToken>
              <Name>System.Void Identifiers.Czech.Tests.BirthNumberTest::BirthNumberWithValidMonthPartWillBeIn1To12Range(System.Int32,System.Int32)</Name>
              <FileRef uid="8" />
              <SequencePoints>
                <SequencePoint vc="72" uspid="151" ordinal="0" offset="0" sl="111" sc="9" el="111" ec="10" bec="0" bev="0" fileid="8" />
                <SequencePoint vc="72" uspid="152" ordinal="1" offset="1" sl="112" sc="13" el="112" ec="79" bec="0" bev="0" fileid="8" />
                <SequencePoint vc="72" uspid="153" ordinal="2" offset="18" sl="113" sc="13" el="113" ec="60" bec="0" bev="0" fileid="8" />
                <SequencePoint vc="72" uspid="154" ordinal="3" offset="41" sl="114" sc="9" el="114" ec="10" bec="0" bev="0" fileid="8" />
              </SequencePoints>
              <BranchPoints />
              <MethodPoint xsi:type="SequencePoint" vc="72" uspid="151" ordinal="0" offset="0" sl="111" sc="9" el="111" ec="10" bec="0" bev="0" fileid="8" />
            </Method>
            <Method visited="true" cyclomaticComplexity="3" nPathComplexity="0" sequenceCoverage="100" branchCoverage="100" isConstructor="false" isStatic="false" isGetter="false" isSetter="false">
              <Summary numSequencePoints="4" visitedSequencePoints="4" numBranchPoints="1" visitedBranchPoints="1" sequenceCoverage="100" branchCoverage="100" maxCyclomaticComplexity="3" minCyclomaticComplexity="3" visitedClasses="0" numClasses="0" visitedMethods="1" numMethods="1" />
              <MetadataToken>100663332</MetadataToken>
              <Name>System.Void Identifiers.Czech.Tests.BirthNumberTest::BirthNumberCorrectlyDeterminesYear(System.Int32,System.Boolean,System.Int32)</Name>
              <FileRef uid="8" />
              <SequencePoints>
                <SequencePoint vc="200" uspid="155" ordinal="0" offset="0" sl="119" sc="9" el="119" ec="10" bec="0" bev="0" fileid="8" />
                <SequencePoint vc="200" uspid="156" ordinal="1" offset="1" sl="120" sc="13" el="120" ec="112" bec="0" bev="0" fileid="8" />
                <SequencePoint vc="200" uspid="157" ordinal="2" offset="36" sl="121" sc="13" el="121" ec="58" bec="0" bev="0" fileid="8" />
                <SequencePoint vc="200" uspid="158" ordinal="3" offset="54" sl="122" sc="9" el="122" ec="10" bec="0" bev="0" fileid="8" />
              </SequencePoints>
              <BranchPoints />
              <MethodPoint xsi:type="SequencePoint" vc="200" uspid="155" ordinal="0" offset="0" sl="119" sc="9" el="119" ec="10" bec="0" bev="0" fileid="8" />
            </Method>
            <Method visited="true" cyclomaticComplexity="1" nPathComplexity="0" sequenceCoverage="100" branchCoverage="100" isConstructor="false" isStatic="false" isGetter="false" isSetter="false">
              <Summary numSequencePoints="3" visitedSequencePoints="3" numBranchPoints="1" visitedBranchPoints="1" sequenceCoverage="100" branchCoverage="100" maxCyclomaticComplexity="1" minCyclomaticComplexity="1" visitedClasses="0" numClasses="0" visitedMethods="1" numMethods="1" />
              <MetadataToken>100663333</MetadataToken>
              <Name>System.Void Identifiers.Czech.Tests.BirthNumberTest::ExpectedCheckDigitIsCalculatedAsNumberWithoutCheckDigitModulo11(System.Int32,System.Int32,System.Int32,System.Int32,System.Int32)</Name>
              <FileRef uid="8" />
              <SequencePoints>
                <SequencePoint vc="11" uspid="161" ordinal="0" offset="0" sl="137" sc="9" el="137" ec="10" bec="0" bev="0" fileid="8" />
                <SequencePoint vc="11" uspid="162" ordinal="1" offset="1" sl="138" sc="13" el="138" ec="139" bec="0" bev="0" fileid="8" />
                <SequencePoint vc="11" uspid="163" ordinal="2" offset="40" sl="139" sc="9" el="139" ec="10" bec="0" bev="0" fileid="8" />
              </SequencePoints>
              <BranchPoints />
              <MethodPoint xsi:type="SequencePoint" vc="11" uspid="161" ordinal="0" offset="0" sl="137" sc="9" el="137" ec="10" bec="0" bev="0" fileid="8" />
            </Method>
            <Method visited="true" cyclomaticComplexity="1" nPathComplexity="0" sequenceCoverage="100" branchCoverage="100" isConstructor="false" isStatic="false" isGetter="false" isSetter="false">
              <Summary numSequencePoints="3" visitedSequencePoints="3" numBranchPoints="1" visitedBranchPoints="1" sequenceCoverage="100" branchCoverage="100" maxCyclomaticComplexity="1" minCyclomaticComplexity="1" visitedClasses="0" numClasses="0" visitedMethods="1" numMethods="1" />
              <MetadataToken>100663334</MetadataToken>
              <Name>System.Void Identifiers.Czech.Tests.BirthNumberTest::ExpectedCheckDigit_ForBirthNumbersBefore1954_IsNull()</Name>
              <FileRef uid="8" />
              <SequencePoints>
                <SequencePoint vc="1" uspid="164" ordinal="0" offset="0" sl="143" sc="9" el="143" ec="10" bec="0" bev="0" fileid="8" />
                <SequencePoint vc="1" uspid="165" ordinal="1" offset="1" sl="144" sc="13" el="144" ec="94" bec="0" bev="0" fileid="8" />
                <SequencePoint vc="1" uspid="166" ordinal="2" offset="41" sl="145" sc="9" el="145" ec="10" bec="0" bev="0" fileid="8" />
              </SequencePoints>
              <BranchPoints />
              <MethodPoint xsi:type="SequencePoint" vc="1" uspid="164" ordinal="0" offset="0" sl="143" sc="9" el="143" ec="10" bec="0" bev="0" fileid="8" />
            </Method>
            <Method visited="true" cyclomaticComplexity="1" nPathComplexity="0" sequenceCoverage="100" branchCoverage="100" isConstructor="false" isStatic="false" isGetter="false" isSetter="false">
              <Summary numSequencePoints="3" visitedSequencePoints="3" numBranchPoints="1" visitedBranchPoints="1" sequenceCoverage="100" branchCoverage="100" maxCyclomaticComplexity="1" minCyclomaticComplexity="1" visitedClasses="0" numClasses="0" visitedMethods="1" numMethods="1" />
              <MetadataToken>100663335</MetadataToken>
              <Name>System.Void Identifiers.Czech.Tests.BirthNumberTest::Day_ForStandardFormConstructor_IsEqualToDayPart(System.Int32)</Name>
              <FileRef uid="8" />
              <SequencePoints>
                <SequencePoint vc="3" uspid="167" ordinal="0" offset="0" sl="152" sc="9" el="152" ec="10" bec="0" bev="0" fileid="8" />
                <SequencePoint vc="3" uspid="168" ordinal="1" offset="1" sl="153" sc="13" el="153" ec="87" bec="0" bev="0" fileid="8" />
                <SequencePoint vc="3" uspid="169" ordinal="2" offset="42" sl="154" sc="9" el="154" ec="10" bec="0" bev="0" fileid="8" />
              </SequencePoints>
              <BranchPoints />
              <MethodPoint xsi:type="SequencePoint" vc="3" uspid="167" ordinal="0" offset="0" sl="152" sc="9" el="152" ec="10" bec="0" bev="0" fileid="8" />
            </Method>
            <Method visited="true" cyclomaticComplexity="1" nPathComplexity="0" sequenceCoverage="100" branchCoverage="100" isConstructor="false" isStatic="false" isGetter="false" isSetter="false">
              <Summary numSequencePoints="3" visitedSequencePoints="3" numBranchPoints="1" visitedBranchPoints="1" sequenceCoverage="100" branchCoverage="100" maxCyclomaticComplexity="1" minCyclomaticComplexity="1" visitedClasses="0" numClasses="0" visitedMethods="1" numMethods="1" />
              <MetadataToken>100663336</MetadataToken>
              <Name>System.Void Identifiers.Czech.Tests.BirthNumberTest::DatePartMustBeValidDateForValidNumber(System.Int32,System.Int32,System.Int32,System.Boolean)</Name>
              <FileRef uid="8" />
              <SequencePoints>
                <SequencePoint vc="6" uspid="170" ordinal="0" offset="0" sl="164" sc="9" el="164" ec="10" bec="0" bev="0" fileid="8" />
                <SequencePoint vc="6" uspid="171" ordinal="1" offset="1" sl="165" sc="13" el="165" ec="119" bec="0" bev="0" fileid="8" />
                <SequencePoint vc="6" uspid="172" ordinal="2" offset="37" sl="166" sc="9" el="166" ec="10" bec="0" bev="0" fileid="8" />
              </SequencePoints>
              <BranchPoints />
              <MethodPoint xsi:type="SequencePoint" vc="6" uspid="170" ordinal="0" offset="0" sl="164" sc="9" el="164" ec="10" bec="0" bev="0" fileid="8" />
            </Method>
            <Method visited="true" cyclomaticComplexity="1" nPathComplexity="0" sequenceCoverage="100" branchCoverage="100" isConstructor="false" isStatic="false" isGetter="false" isSetter="false">
              <Summary numSequencePoints="3" visitedSequencePoints="3" numBranchPoints="1" visitedBranchPoints="1" sequenceCoverage="100" branchCoverage="100" maxCyclomaticComplexity="1" minCyclomaticComplexity="1" visitedClasses="0" numClasses="0" visitedMethods="1" numMethods="1" />
              <MetadataToken>100663337</MetadataToken>
              <Name>System.Void Identifiers.Czech.Tests.BirthNumberTest::YearIsAccuratelyDetermined(System.Int32,System.Nullable`1&lt;System.Int32&gt;,System.Int32)</Name>
              <FileRef uid="8" />
              <SequencePoints>
                <SequencePoint vc="9" uspid="173" ordinal="0" offset="0" sl="179" sc="9" el="179" ec="10" bec="0" bev="0" fileid="8" />
                <SequencePoint vc="9" uspid="174" ordinal="1" offset="1" sl="180" sc="13" el="180" ec="107" bec="0" bev="0" fileid="8" />
                <SequencePoint vc="9" uspid="175" ordinal="2" offset="33" sl="181" sc="9" el="181" ec="10" bec="0" bev="0" fileid="8" />
              </SequencePoints>
              <BranchPoints />
              <MethodPoint xsi:type="SequencePoint" vc="9" uspid="173" ordinal="0" offset="0" sl="179" sc="9" el="179" ec="10" bec="0" bev="0" fileid="8" />
            </Method>
            <Method visited="true" cyclomaticComplexity="1" nPathComplexity="0" sequenceCoverage="100" branchCoverage="100" isConstructor="false" isStatic="false" isGetter="false" isSetter="false">
[...]
              <MetadataToken>100663338</MetadataToken>
              <Name>System.Nullable`1&lt;System.Int64&gt; Identifiers.Czech.IdentificationNumber::get_Number()</Name>
              <FileRef uid="51" />
              <SequencePoints>
                <SequencePoint vc="2" uspid="759" ordinal="0" offset="0" sl="73" sc="32" el="73" ec="72" bec="0" bev="0" fileid="51" />
              </SequencePoints>
              <BranchPoints />
              <MethodPoint xsi:type="SequencePoint" vc="2" uspid="759" ordinal="0" offset="0" sl="73" sc="32" el="73" ec="72" bec="0" bev="0" fileid="51" />
            </Method>
            <Method visited="true" cyclomaticComplexity="3" nPathComplexity="0" sequenceCoverage="100" branchCoverage="100" isConstructor="false" isStatic="false" isGetter="true" isSetter="false">
              <Summary numSequencePoints="1" visitedSequencePoints="1" numBranchPoints="1" visitedBranchPoints="1" sequenceCoverage="100" branchCoverage="100" maxCyclomaticComplexity="3" minCyclomaticComplexity="3" visitedClasses="0" numClasses="0" visitedMethods="1" numMethods="1" />
              <MetadataToken>100663339</MetadataToken>
              <Name>System.Nullable`1&lt;System.Int32&gt; Identifiers.Czech.IdentificationNumber::get_CheckDigit()</Name>
              <FileRef uid="51" />
              <SequencePoints>
                <SequencePoint vc="5" uspid="762" ordinal="0" offset="0" sl="78" sc="35" el="78" ec="78" bec="0" bev="0" fileid="51" />
              </SequencePoints>
              <BranchPoints />
              <MethodPoint xsi:type="SequencePoint" vc="5" uspid="762" ordinal="0" offset="0" sl="78" sc="35" el="78" ec="78" bec="0" bev="0" fileid="51" />
            </Method>
            <Method visited="true" cyclomaticComplexity="3" nPathComplexity="0" sequenceCoverage="100" branchCoverage="100" isConstructor="false" isStatic="false" isGetter="true" isSetter="false">
              <Summary numSequencePoints="1" visitedSequencePoints="1" numBranchPoints="1" visitedBranchPoints="1" sequenceCoverage="100" branchCoverage="100" maxCyclomaticComplexity="3" minCyclomaticComplexity="3" visitedClasses="0" numClasses="0" visitedMethods="1" numMethods="1" />
              <MetadataToken>100663340</MetadataToken>
              <Name>System.Nullable`1&lt;System.Int32&gt; Identifiers.Czech.IdentificationNumber::get_ExpectedCheckDigit()</Name>
              <FileRef uid="51" />
              <SequencePoints>
                <SequencePoint vc="6" uspid="765" ordinal="0" offset="0" sl="83" sc="43" el="83" ec="128" bec="0" bev="0" fileid="51" />
              </SequencePoints>
              <BranchPoints />
              <MethodPoint xsi:type="SequencePoint" vc="6" uspid="765" ordinal="0" offset="0" sl="83" sc="43" el="83" ec="128" bec="0" bev="0" fileid="51" />
            </Method>
            <Method visited="true" cyclomaticComplexity="5" nPathComplexity="4" sequenceCoverage="100" branchCoverage="100" isConstructor="true" isStatic="false" isGetter="false" isSetter="false">
              <Summary numSequencePoints="13" visitedSequencePoints="13" numBranchPoints="5" visitedBranchPoints="5" sequenceCoverage="100" branchCoverage="100" maxCyclomaticComplexity="5" minCyclomaticComplexity="5" visitedClasses="0" numClasses="0" visitedMethods="1" numMethods="1" />
              <MetadataToken>100663334</MetadataToken>
              <Name>System.Void Identifiers.Czech.IdentificationNumber::.ctor(System.Int64,System.Int32,System.String)</Name>
              <FileRef uid="51" />
              <SequencePoints>
                <SequencePoint vc="25" uspid="768" ordinal="0" offset="0" sl="37" sc="9" el="37" ec="79" bec="0" bev="0" fileid="51" />
                <SequencePoint vc="25" uspid="769" ordinal="1" offset="7" sl="38" sc="9" el="38" ec="10" bec="0" bev="0" fileid="51" />
                <SequencePoint vc="25" uspid="770" ordinal="2" offset="8" sl="39" sc="13" el="39" ec="72" bec="2" bev="2" fileid="51" />
                <SequencePoint vc="4" uspid="771" ordinal="3" offset="29" sl="40" sc="13" el="40" ec="14" bec="0" bev="0" fileid="51" />
                <SequencePoint vc="4" uspid="772" ordinal="4" offset="30" sl="41" sc="17" el="41" ec="157" bec="0" bev="0" fileid="51" />
                <SequencePoint vc="21" uspid="773" ordinal="5" offset="75" sl="44" sc="13" el="44" ec="88" bec="2" bev="2" fileid="51" />
                <SequencePoint vc="3" uspid="774" ordinal="6" offset="95" sl="45" sc="13" el="45" ec="14" bec="0" bev="0" fileid="51" />
                <SequencePoint vc="3" uspid="775" ordinal="7" offset="96" sl="46" sc="17" el="46" ec="173" bec="0" bev="0" fileid="51" />
                <SequencePoint vc="18" uspid="776" ordinal="8" offset="138" sl="49" sc="13" el="49" ec="27" bec="0" bev="0" fileid="51" />
                <SequencePoint vc="18" uspid="777" ordinal="9" offset="145" sl="50" sc="13" el="50" ec="38" bec="0" bev="0" fileid="51" />
                <SequencePoint vc="18" uspid="778" ordinal="10" offset="152" sl="51" sc="13" el="51" ec="34" bec="0" bev="0" fileid="51" />
                <SequencePoint vc="18" uspid="779" ordinal="11" offset="159" sl="52" sc="13" el="52" ec="42" bec="0" bev="0" fileid="51" />
                <SequencePoint vc="18" uspid="780" ordinal="12" offset="166" sl="53" sc="9" el="53" ec="10" bec="0" bev="0" fileid="51" />
              </SequencePoints>
              <BranchPoints>
                <BranchPoint vc="4" uspid="783" ordinal="2" offset="27" sl="39" path="0" offsetend="29" fileid="51" />
                <BranchPoint vc="21" uspid="784" ordinal="3" offset="27" sl="39" path="1" offsetend="75" fileid="51" />
                <BranchPoint vc="3" uspid="787" ordinal="6" offset="93" sl="44" path="0" offsetend="95" fileid="51" />
                <BranchPoint vc="18" uspid="788" ordinal="7" offset="93" sl="44" path="1" offsetend="138" fileid="51" />
              </BranchPoints>
              <MethodPoint xsi:type="SequencePoint" vc="25" uspid="768" ordinal="0" offset="0" sl="37" sc="9" el="37" ec="79" bec="0" bev="0" fileid="51" />
            </Method>
            <Method visited="true" cyclomaticComplexity="2" nPathComplexity="2" sequenceCoverage="100" branchCoverage="100" isConstructor="false" isStatic="false" isGetter="false" isSetter="false">
              <Summary numSequencePoints="12" visitedSequencePoints="12" numBranchPoints="3" visitedBranchPoints="3" sequenceCoverage="100" branchCoverage="100" maxCyclomaticComplexity="2" minCyclomaticComplexity="2" visitedClasses="0" numClasses="0" visitedMethods="1" numMethods="1" />
              <MetadataToken>100663341</MetadataToken>
              <Name>System.Int32 Identifiers.Czech.IdentificationNumber::CalculateModulo(System.Int64)</Name>
              <FileRef uid="51" />
              <SequencePoints>
                <SequencePoint vc="6" uspid="789" ordinal="0" offset="0" sl="91" sc="9" el="91" ec="10" bec="0" bev="0" fileid="51" />
                <SequencePoint vc="6" uspid="790" ordinal="1" offset="1" sl="92" sc="13" el="92" ec="33" bec="0" bev="0" fileid="51" />
                <SequencePoint vc="6" uspid="791" ordinal="2" offset="3" sl="93" sc="13" el="93" ec="28" bec="0" bev="0" fileid="51" />
                <SequencePoint vc="26" uspid="792" ordinal="3" offset="7" sl="95" sc="13" el="95" ec="14" bec="0" bev="0" fileid="51" />
                <SequencePoint vc="26" uspid="793" ordinal="4" offset="8" sl="96" sc="17" el="96" ec="48" bec="0" bev="0" fileid="51" />
                <SequencePoint vc="26" uspid="794" ordinal="5" offset="15" sl="97" sc="17" el="97" ec="60" bec="0" bev="0" fileid="51" />
                <SequencePoint vc="26" uspid="795" ordinal="6" offset="21" sl="98" sc="17" el="98" ec="26" bec="0" bev="0" fileid="51" />
                <SequencePoint vc="26" uspid="796" ordinal="7" offset="25" sl="99" sc="17" el="99" ec="38" bec="0" bev="0" fileid="51" />
                <SequencePoint vc="26" uspid="797" ordinal="8" offset="32" sl="100" sc="13" el="100" ec="14" bec="0" bev="0" fileid="51" />
                <SequencePoint vc="32" uspid="798" ordinal="9" offset="33" sl="94" sc="13" el="94" ec="31" bec="2" bev="2" fileid="51" />
                <SequencePoint vc="6" uspid="799" ordinal="10" offset="42" sl="102" sc="13" el="102" ec="37" bec="0" bev="0" fileid="51" />
                <SequencePoint vc="6" uspid="800" ordinal="11" offset="50" sl="103" sc="9" el="103" ec="10" bec="0" bev="0" fileid="51" />
              </SequencePoints>
              <BranchPoints>
                <BranchPoint vc="6" uspid="801" ordinal="0" offset="40" sl="94" path="0" offsetend="42" fileid="51" />
                <BranchPoint vc="26" uspid="802" ordinal="1" offset="40" sl="94" path="1" offsetend="7" fileid="51" />
              </BranchPoints>
              <MethodPoint xsi:type="SequencePoint" vc="6" uspid="789" ordinal="0" offset="0" sl="91" sc="9" el="91" ec="10" bec="0" bev="0" fileid="51" />
            </Method>
            <Method visited="true" cyclomaticComplexity="3" nPathComplexity="4" sequenceCoverage="66.67" branchCoverage="60" isConstructor="false" isStatic="false" isGetter="false" isSetter="false">
              <Summary numSequencePoints="6" visitedSequencePoints="4" numBranchPoints="5" visitedBranchPoints="3" sequenceCoverage="66.67" branchCoverage="60" maxCyclomaticComplexity="3" minCyclomaticComplexity="3" visitedClasses="0" numClasses="0" visitedMethods="1" numMethods="1" />
              <MetadataToken>100663342</MetadataToken>
              <Name>System.Int32 Identifiers.Czech.IdentificationNumber::CalculateExpectedCheckDigit(System.Int32)</Name>
              <FileRef uid="51" />
              <SequencePoints>
                <SequencePoint vc="6" uspid="803" ordinal="0" offset="0" sl="106" sc="9" el="106" ec="10" bec="0" bev="0" fileid="51" />
                <SequencePoint vc="6" uspid="804" ordinal="1" offset="1" sl="107" sc="13" el="107" ec="28" bec="4" bev="2" fileid="51" />
                <SequencePoint vc="0" uspid="805" ordinal="2" offset="14" sl="110" sc="21" el="110" ec="30" bec="0" bev="0" fileid="51" />
                <SequencePoint vc="0" uspid="806" ordinal="3" offset="18" sl="112" sc="21" el="112" ec="30" bec="0" bev="0" fileid="51" />
                <SequencePoint vc="6" uspid="807" ordinal="4" offset="22" sl="114" sc="21" el="114" ec="40" bec="0" bev="0" fileid="51" />
                <SequencePoint vc="6" uspid="808" ordinal="5" offset="29" sl="116" sc="9" el="116" ec="10" bec="0" bev="0" fileid="51" />
              </SequencePoints>
              <BranchPoints>
                <BranchPoint vc="6" uspid="809" ordinal="0" offset="4" sl="107" path="0" offsetchain="6" offsetend="8" fileid="51" />
                <BranchPoint vc="0" uspid="810" ordinal="1" offset="4" sl="107" path="1" offsetend="14" fileid="51" />
                <BranchPoint vc="6" uspid="811" ordinal="2" offset="10" sl="107" path="0" offsetchain="12" offsetend="22" fileid="51" />
                <BranchPoint vc="0" uspid="812" ordinal="3" offset="10" sl="107" path="1" offsetend="18" fileid="51" />
              </BranchPoints>
              <MethodPoint xsi:type="SequencePoint" vc="6" uspid="803" ordinal="0" offset="0" sl="106" sc="9" el="106" ec="10" bec="0" bev="0" fileid="51" />
            </Method>
          </Methods>
        </Class>
        <Class>
          <Summary numSequencePoints="20" visitedSequencePoints="20" numBranchPoints="8" visitedBranchPoints="8" sequenceCoverage="100" branchCoverage="100" maxCyclomaticComplexity="4" minCyclomaticComplexity="1" visitedClasses="1" numClasses="1" visitedMethods="2" numMethods="2" />
          <FullName>Identifiers.Czech.IdentifierNumberParser</FullName>
          <Methods>
            <Method visited="true" cyclomaticComplexity="4" nPathComplexity="8" sequenceCoverage="100" branchCoverage="100" isConstructor="false" isStatic="false" isGetter="false" isSetter="false">
              <Summary numSequencePoints="19" visitedSequencePoints="19" numBranchPoints="7" visitedBranchPoints="7" sequenceCoverage="100" branchCoverage="100" maxCyclomaticComplexity="4" minCyclomaticComplexity="4" visitedClasses="0" numClasses="0" visitedMethods="1" numMethods="1" />
              <MetadataToken>100663343</MetadataToken>
              <Name>Identifiers.Czech.IdentificationNumber Identifiers.Czech.IdentifierNumberParser::Parse(System.String)</Name>
              <FileRef uid="52" />
              <SequencePoints>
                <SequencePoint vc="6" uspid="813" ordinal="0" offset="0" sl="25" sc="9" el="25" ec="10" bec="0" bev="0" fileid="52" />
                <SequencePoint vc="6" uspid="814" ordinal="1" offset="1" sl="26" sc="13" el="26" ec="31" bec="2" bev="2" fileid="52" />
                <SequencePoint vc="1" uspid="815" ordinal="2" offset="9" sl="27" sc="13" el="27" ec="14" bec="0" bev="0" fileid="52" />
                <SequencePoint vc="1" uspid="816" ordinal="3" offset="10" sl="28" sc="17" el="28" ec="64" bec="0" bev="0" fileid="52" />
                <SequencePoint vc="5" uspid="817" ordinal="4" offset="21" sl="31" sc="13" el="31" ec="65" bec="0" bev="0" fileid="52" />
                <SequencePoint vc="5" uspid="818" ordinal="5" offset="33" sl="32" sc="13" el="32" ec="36" bec="2" bev="2" fileid="52" />
                <SequencePoint vc="4" uspid="819" ordinal="6" offset="43" sl="33" sc="13" el="33" ec="14" bec="0" bev="0" fileid="52" />
                <SequencePoint vc="4" uspid="820" ordinal="7" offset="44" sl="34" sc="17" el="34" ec="124" bec="0" bev="0" fileid="52" />
                <SequencePoint vc="1" uspid="821" ordinal="8" offset="61" sl="37" sc="13" el="37" ec="28" bec="0" bev="0" fileid="52" />
                <SequencePoint vc="1" uspid="822" ordinal="9" offset="63" sl="38" sc="18" el="38" ec="27" bec="0" bev="0" fileid="52" />
                <SequencePoint vc="7" uspid="823" ordinal="10" offset="68" sl="39" sc="13" el="39" ec="14" bec="0" bev="0" fileid="52" />
                <SequencePoint vc="7" uspid="824" ordinal="11" offset="69" sl="40" sc="17" el="40" ec="44" bec="0" bev="0" fileid="52" />
                <SequencePoint vc="7" uspid="825" ordinal="12" offset="82" sl="41" sc="17" el="41" ec="46" bec="0" bev="0" fileid="52" />
                <SequencePoint vc="7" uspid="826" ordinal="13" offset="90" sl="42" sc="13" el="42" ec="14" bec="0" bev="0" fileid="52" />
                <SequencePoint vc="7" uspid="827" ordinal="14" offset="91" sl="38" sc="51" el="38" ec="54" bec="0" bev="0" fileid="52" />
                <SequencePoint vc="8" uspid="828" ordinal="15" offset="97" sl="38" sc="29" el="38" ec="49" bec="2" bev="2" fileid="52" />
                <SequencePoint vc="1" uspid="829" ordinal="16" offset="115" sl="44" sc="13" el="44" ec="60" bec="0" bev="0" fileid="52" />
                <SequencePoint vc="1" uspid="830" ordinal="17" offset="133" sl="45" sc="13" el="45" ec="72" bec="0" bev="0" fileid="52" />
                <SequencePoint vc="1" uspid="831" ordinal="18" offset="146" sl="46" sc="9" el="46" ec="10" bec="0" bev="0" fileid="52" />
              </SequencePoints>
              <BranchPoints>
                <BranchPoint vc="1" uspid="832" ordinal="0" offset="7" sl="26" path="0" offsetend="9" fileid="52" />
                <BranchPoint vc="5" uspid="833" ordinal="1" offset="7" sl="26" path="1" offsetend="21" fileid="52" />
                <BranchPoint vc="4" uspid="834" ordinal="2" offset="41" sl="32" path="0" offsetend="43" fileid="52" />
                <BranchPoint vc="1" uspid="835" ordinal="3" offset="41" sl="32" path="1" offsetend="61" fileid="52" />
                <BranchPoint vc="1" uspid="836" ordinal="4" offset="113" sl="38" path="0" offsetend="115" fileid="52" />
                <BranchPoint vc="7" uspid="837" ordinal="5" offset="113" sl="38" path="1" offsetend="68" fileid="52" />
              </BranchPoints>
              <MethodPoint xsi:type="SequencePoint" vc="6" uspid="813" ordinal="0" offset="0" sl="25" sc="9" el="25" ec="10" bec="0" bev="0" fileid="52" />
            </Method>
            <Method visited="true" cyclomaticComplexity="1" nPathComplexity="0" sequenceCoverage="0" branchCoverage="0" isConstructor="true" isStatic="false" isGetter="false" isSetter="false">
              <Summary numSequencePoints="0" visitedSequencePoints="0" numBranchPoints="0" visitedBranchPoints="0" sequenceCoverage="0" branchCoverage="0" maxCyclomaticComplexity="1" minCyclomaticComplexity="1" visitedClasses="0" numClasses="0" visitedMethods="0" numMethods="0" />
              <MetadataToken>100663344</MetadataToken>
              <Name>System.Void Identifiers.Czech.IdentifierNumberParser::.ctor()</Name>
              <SequencePoints />
              <BranchPoints />
              <MethodPoint vc="6" uspid="838" ordinal="0" offset="0" />
            </Method>
            <Method visited="true" cyclomaticComplexity="1" nPathComplexity="0" sequenceCoverage="100" branchCoverage="100" isConstructor="true" isStatic="true" isGetter="false" isSetter="false">
              <Summary numSequencePoints="1" visitedSequencePoints="1" numBranchPoints="1" visitedBranchPoints="1" sequenceCoverage="100" branchCoverage="100" maxCyclomaticComplexity="1" minCyclomaticComplexity="1" visitedClasses="0" numClasses="0" visitedMethods="1" numMethods="1" />
              <MetadataToken>100663345</MetadataToken>
              <Name>System.Void Identifiers.Czech.IdentifierNumberParser::.cctor()</Name>
              <FileRef uid="52" />
              <SequencePoints>
                <SequencePoint vc="1" uspid="839" ordinal="0" offset="0" sl="16" sc="9" el="16" ec="78" bec="0" bev="0" fileid="52" />
              </SequencePoints>
              <BranchPoints />
              <MethodPoint xsi:type="SequencePoint" vc="1" uspid="839" ordinal="0" offset="0" sl="16" sc="9" el="16" ec="78" bec="0" bev="0" fileid="52" />
            </Method>
          </Methods>
        </Class>
        <Class>
          <Summary numSequencePoints="0" visitedSequencePoints="0" numBranchPoints="0" visitedBranchPoints="0" sequenceCoverage="0" branchCoverage="0" maxCyclomaticComplexity="0" minCyclomaticComplexity="0" visitedClasses="0" numClasses="0" visitedMethods="0" numMethods="0" />
          <FullName>&lt;PrivateImplementationDetails&gt;</FullName>
          <Methods />
        </Class>
      </Classes>
    </Module>
    <Module skippedDueTo="Filter" hash="68-3A-48-C3-BE-F7-E7-19-FB-A6-CC-63-7C-42-CF-B7-A0-C9-C8-68">
      <ModulePath>C:\Windows\Microsoft.Net\assembly\GAC_MSIL\netstandard\v4.0_2.0.0.0__cc7b13ffcd2ddd51\netstandard.dll</ModulePath>
      <ModuleTime>2017-10-04T00:21:36Z</ModuleTime>
      <ModuleName>netstandard</ModuleName>
      <Classes />
    </Module>
    <Module skippedDueTo="Filter" hash="BF-E5-4F-FE-CF-53-6A-47-B3-9C-83-FA-80-22-8A-DC-19-81-A7-C4">
      <ModulePath>C:\Users\Honza\Projects\czech-identifiers\Identifiers.Tests\bin\Debug\xunit.assert.dll</ModulePath>
      <ModuleTime>2017-10-27T03:34:24Z</ModuleTime>
      <ModuleName>xunit.assert</ModuleName>
      <Classes />
    </Module>
    <Module skippedDueTo="Filter" hash="BA-5F-31-2F-12-92-F2-45-05-D3-BD-CA-13-62-7D-F3-B8-10-E0-93">
      <ModulePath>C:\Windows\Microsoft.Net\assembly\GAC_MSIL\System.Reflection\v4.0_4.0.0.0__b03f5f7f11d50a3a\System.Reflection.dll</ModulePath>
      <ModuleTime>2017-10-04T00:21:36Z</ModuleTime>
      <ModuleName>System.Reflection</ModuleName>
      <Classes />
    </Module>
    <Module skippedDueTo="Filter" hash="3C-8E-FB-3B-B2-C0-07-AF-97-15-A6-B6-7C-55-B6-96-2D-10-DE-1B">
      <ModulePath>C:\Windows\Microsoft.Net\assembly\GAC_MSIL\System.Reflection.Extensions\v4.0_4.0.0.0__b03f5f7f11d50a3a\System.Reflection.Extensions.dll</ModulePath>
      <ModuleTime>2017-10-04T00:21:36Z</ModuleTime>
      <ModuleName>System.Reflection.Extensions</ModuleName>
      <Classes />
    </Module>
  </Modules>
</CoverageSession>