<?xml version="1.0" encoding="utf-8"?>
<CoverageSession xmlns:xsd="http://www.w3.org/2001/XMLSchema" xmlns:xsi="http://www.w3.org/2001/XMLSchema-instance">
  <Summary numSequencePoints="247" visitedSequencePoints="240" numBranchPoints="129" visitedBranchPoints="119" sequenceCoverage="97.17" branchCoverage="92.25" maxCyclomaticComplexity="14" minCyclomaticComplexity="0" visitedClasses="6" numClasses="6" visitedMethods="40" numMethods="43" />
  <Modules>
    <Module skippedDueTo="Filter" hash="26-C3-90-24-75-23-5D-CC-CA-46-C0-92-7E-96-43-B5-40-00-83-7F">
      <ModulePath>C:\Program Files\dotnet\shared\Microsoft.NETCore.App\2.0.3\System.Private.CoreLib.dll</ModulePath>
      <ModuleTime>2017-10-16T14:46:18Z</ModuleTime>
      <ModuleName>System.Private.CoreLib</ModuleName>
      <Classes />
    </Module>
    <Module skippedDueTo="MissingPdb" hash="DE-36-F2-86-1A-D0-77-4B-85-D1-1F-A4-E0-79-63-F4-17-E1-BE-2A">
      <ModulePath>C:\Program Files\dotnet\sdk\2.0.3\dotnet.dll</ModulePath>
      <ModuleTime>2017-11-09T12:58:02Z</ModuleTime>
      <ModuleName>dotnet</ModuleName>
      <Classes />
    </Module>
    <Module skippedDueTo="Filter" hash="4A-8F-65-8B-4A-A5-3E-B7-E2-BC-F3-23-33-A9-CF-46-B0-0B-BF-A3">
      <ModulePath>C:\Program Files\dotnet\shared\Microsoft.NETCore.App\2.0.3\System.Runtime.dll</ModulePath>
      <ModuleTime>2017-10-16T14:46:18Z</ModuleTime>
      <ModuleName>System.Runtime</ModuleName>
      <Classes />
    </Module>
    <Module skippedDueTo="MissingPdb" hash="82-65-B6-5C-1B-D0-FC-EA-19-29-71-F0-C4-F1-03-29-AE-DD-B3-3D">
      <ModulePath>C:\Program Files\dotnet\sdk\2.0.3\Microsoft.DotNet.Cli.Utils.dll</ModulePath>
      <ModuleTime>2017-11-09T13:07:24Z</ModuleTime>
      <ModuleName>Microsoft.DotNet.Cli.Utils</ModuleName>
      <Classes />
    </Module>
    <Module skippedDueTo="Filter" hash="B0-E0-8C-99-09-3A-DF-23-09-C5-7C-2A-C5-40-C1-4C-99-18-B6-33">
      <ModulePath>C:\Program Files\dotnet\shared\Microsoft.NETCore.App\2.0.3\System.Runtime.Extensions.dll</ModulePath>
      <ModuleTime>2017-10-16T14:46:18Z</ModuleTime>
      <ModuleName>System.Runtime.Extensions</ModuleName>
      <Classes />
    </Module>
    <Module skippedDueTo="Filter" hash="80-C3-4D-6A-77-23-FA-1C-1B-37-48-BD-C0-D3-42-10-81-3F-22-6B">
      <ModulePath>C:\Program Files\dotnet\shared\Microsoft.NETCore.App\2.0.3\System.Runtime.Loader.dll</ModulePath>
      <ModuleTime>2017-10-16T14:46:18Z</ModuleTime>
      <ModuleName>System.Runtime.Loader</ModuleName>
      <Classes />
    </Module>
    <Module skippedDueTo="MissingPdb" hash="A3-F8-80-99-71-86-B1-B2-CA-24-F2-AA-FE-64-4B-0C-A8-1B-B4-D9">
      <ModulePath>C:\Program Files\dotnet\sdk\2.0.3\Microsoft.DotNet.PlatformAbstractions.dll</ModulePath>
      <ModuleTime>2017-11-09T13:07:24Z</ModuleTime>
      <ModuleName>Microsoft.DotNet.PlatformAbstractions</ModuleName>
      <Classes />
    </Module>
    <Module skippedDueTo="Filter" hash="7B-E5-46-CC-B4-85-A0-09-28-75-27-3D-02-A4-18-07-C2-B4-71-9B">
      <ModulePath>C:\Program Files\dotnet\shared\Microsoft.NETCore.App\2.0.3\System.Runtime.InteropServices.RuntimeInformation.dll</ModulePath>
      <ModuleTime>2017-10-16T14:46:18Z</ModuleTime>
      <ModuleName>System.Runtime.InteropServices.RuntimeInformation</ModuleName>
      <Classes />
    </Module>
    <Module skippedDueTo="Filter" hash="06-69-E2-02-F1-E2-73-39-9D-83-2C-D7-5C-C4-F7-91-7A-C4-8E-E7">
      <ModulePath>C:\Program Files\dotnet\shared\Microsoft.NETCore.App\2.0.3\System.Reflection.dll</ModulePath>
      <ModuleTime>2017-10-16T14:46:18Z</ModuleTime>
      <ModuleName>System.Reflection</ModuleName>
      <Classes />
    </Module>
    <Module skippedDueTo="Filter" hash="10-38-FB-36-C4-F2-6A-DC-7B-C4-A0-C7-6F-38-06-06-5B-09-9D-9A">
      <ModulePath>C:\Program Files\dotnet\shared\Microsoft.NETCore.App\2.0.3\System.Reflection.Extensions.dll</ModulePath>
      <ModuleTime>2017-10-16T14:46:18Z</ModuleTime>
      <ModuleName>System.Reflection.Extensions</ModuleName>
      <Classes />
    </Module>
    <Module skippedDueTo="Filter" hash="97-86-71-18-67-36-CF-86-B1-74-E9-8E-5D-82-BA-42-6A-42-6E-36">
      <ModulePath>C:\Program Files\dotnet\shared\Microsoft.NETCore.App\2.0.3\System.Runtime.InteropServices.dll</ModulePath>
      <ModuleTime>2017-10-16T14:46:18Z</ModuleTime>
      <ModuleName>System.Runtime.InteropServices</ModuleName>
      <Classes />
    </Module>
    <Module skippedDueTo="Filter" hash="61-16-5D-79-9B-CE-CF-63-33-69-FE-2B-CD-E5-CB-B7-E8-3D-D9-7E">
      <ModulePath>C:\Program Files\dotnet\shared\Microsoft.NETCore.App\2.0.3\System.IO.FileSystem.dll</ModulePath>
      <ModuleTime>2017-10-16T14:46:16Z</ModuleTime>
      <ModuleName>System.IO.FileSystem</ModuleName>
      <Classes />
    </Module>
    <Module skippedDueTo="Filter" hash="FF-F0-05-CA-2B-A0-22-55-5E-31-D7-DA-F4-DD-82-EA-3D-2D-B1-4F">
      <ModulePath>C:\Program Files\dotnet\sdk\2.0.3\runtimes\win\lib\netstandard1.3\System.Text.Encoding.CodePages.dll</ModulePath>
      <ModuleTime>2017-11-09T13:04:22Z</ModuleTime>
      <ModuleName>System.Text.Encoding.CodePages</ModuleName>
      <Classes />
    </Module>
    <Module skippedDueTo="Filter" hash="18-67-F2-BC-DA-07-0D-B9-58-29-53-BF-F1-4C-7C-82-01-76-9D-95">
      <ModulePath>C:\Program Files\dotnet\shared\Microsoft.NETCore.App\2.0.3\System.Text.Encoding.dll</ModulePath>
      <ModuleTime>2017-10-16T14:46:18Z</ModuleTime>
      <ModuleName>System.Text.Encoding</ModuleName>
      <Classes />
    </Module>
    <Module skippedDueTo="Filter" hash="B3-9E-DB-77-A7-DF-96-93-4B-6A-40-0C-83-30-CF-C0-5B-4C-CD-76">
      <ModulePath>C:\Program Files\dotnet\shared\Microsoft.NETCore.App\2.0.3\System.Collections.dll</ModulePath>
      <ModuleTime>2017-10-16T14:46:16Z</ModuleTime>
      <ModuleName>System.Collections</ModuleName>
      <Classes />
    </Module>
    <Module skippedDueTo="Filter" hash="39-B5-92-E1-80-6D-9D-DF-41-24-82-B8-32-CF-22-FF-84-A0-37-EA">
      <ModulePath>C:\Program Files\dotnet\shared\Microsoft.NETCore.App\2.0.3\System.Threading.dll</ModulePath>
      <ModuleTime>2017-10-16T14:46:18Z</ModuleTime>
      <ModuleName>System.Threading</ModuleName>
      <Classes />
    </Module>
    <Module skippedDueTo="Filter" hash="DD-1C-65-2C-49-24-BD-EC-76-E6-9D-35-56-A5-D8-6E-56-5C-28-1E">
      <ModulePath>C:\Program Files\dotnet\shared\Microsoft.NETCore.App\2.0.3\System.Collections.Concurrent.dll</ModulePath>
      <ModuleTime>2017-10-16T14:46:16Z</ModuleTime>
      <ModuleName>System.Collections.Concurrent</ModuleName>
      <Classes />
    </Module>
    <Module skippedDueTo="Filter" hash="D8-BA-CC-F3-E7-0B-5A-27-2D-1D-56-B9-69-72-F8-53-17-F5-B4-56">
      <ModulePath>C:\Program Files\dotnet\shared\Microsoft.NETCore.App\2.0.3\System.Threading.Thread.dll</ModulePath>
      <ModuleTime>2017-10-16T14:46:18Z</ModuleTime>
      <ModuleName>System.Threading.Thread</ModuleName>
      <Classes />
    </Module>
    <Module skippedDueTo="MissingPdb" hash="C3-36-8A-EE-61-24-DD-11-BF-9C-74-42-99-8E-E0-47-E1-2D-C6-BF">
      <ModulePath>C:\Program Files\dotnet\sdk\2.0.3\Microsoft.DotNet.Configurer.dll</ModulePath>
      <ModuleTime>2017-11-09T13:07:24Z</ModuleTime>
      <ModuleName>Microsoft.DotNet.Configurer</ModuleName>
      <Classes />
    </Module>
    <Module skippedDueTo="Filter" hash="F0-C5-F4-B7-29-88-AF-63-18-BB-5C-41-65-79-71-04-31-31-FD-EC">
      <ModulePath>C:\Program Files\dotnet\shared\Microsoft.NETCore.App\2.0.3\System.Diagnostics.Process.dll</ModulePath>
      <ModuleTime>2017-10-16T14:46:16Z</ModuleTime>
      <ModuleName>System.Diagnostics.Process</ModuleName>
      <Classes />
    </Module>
    <Module skippedDueTo="Filter" hash="F9-BC-F3-11-43-C6-74-18-CA-4B-3B-83-CB-24-63-46-87-13-A9-7A">
      <ModulePath>C:\Program Files\dotnet\shared\Microsoft.NETCore.App\2.0.3\System.Linq.dll</ModulePath>
      <ModuleTime>2017-10-16T14:46:16Z</ModuleTime>
      <ModuleName>System.Linq</ModuleName>
      <Classes />
    </Module>
    <Module skippedDueTo="MissingPdb" hash="73-BB-0C-DD-7A-26-1D-62-FE-5A-6C-AA-11-D9-EA-01-0F-93-32-8B">
      <ModulePath>C:\Program Files\dotnet\sdk\2.0.3\NuGet.Frameworks.dll</ModulePath>
      <ModuleTime>2017-11-09T13:07:34Z</ModuleTime>
      <ModuleName>NuGet.Frameworks</ModuleName>
      <Classes />
    </Module>
    <Module skippedDueTo="MissingPdb" hash="92-C4-08-7F-C4-9E-51-07-DD-43-82-14-F3-B1-C9-D3-13-FF-4C-8D">
      <ModulePath>C:\Program Files\dotnet\sdk\2.0.3\Microsoft.DotNet.Cli.CommandLine.dll</ModulePath>
      <ModuleTime>2017-11-09T13:07:24Z</ModuleTime>
      <ModuleName>Microsoft.DotNet.Cli.CommandLine</ModuleName>
      <Classes />
    </Module>
    <Module skippedDueTo="Filter" hash="7C-76-6F-C3-0D-50-D1-7E-68-CD-EC-AE-3B-9F-D6-6C-23-12-A1-89">
      <ModulePath>C:\Program Files\dotnet\shared\Microsoft.NETCore.App\2.0.3\System.Console.dll</ModulePath>
      <ModuleTime>2017-10-16T14:46:16Z</ModuleTime>
      <ModuleName>System.Console</ModuleName>
      <Classes />
    </Module>
    <Module skippedDueTo="MissingPdb" hash="15-A4-0E-EF-21-F0-D3-76-66-7F-6D-0B-EE-02-00-7F-53-79-B4-D1">
      <ModulePath>C:\Program Files\dotnet\sdk\2.0.3\Microsoft.DotNet.InternalAbstractions.dll</ModulePath>
      <ModuleTime>2017-11-09T13:07:24Z</ModuleTime>
      <ModuleName>Microsoft.DotNet.InternalAbstractions</ModuleName>
      <Classes />
    </Module>
    <Module skippedDueTo="Filter" hash="2E-E1-2D-F8-B6-D8-46-43-AB-93-25-F6-E0-DA-F4-2E-CC-D5-44-36">
      <ModulePath>C:\Program Files\dotnet\shared\Microsoft.NETCore.App\2.0.3\System.IO.FileSystem.Primitives.dll</ModulePath>
      <ModuleTime>2017-10-16T14:46:16Z</ModuleTime>
      <ModuleName>System.IO.FileSystem.Primitives</ModuleName>
      <Classes />
    </Module>
    <Module skippedDueTo="Filter" hash="30-6C-C2-A0-58-F0-99-DD-DD-D4-47-FA-48-EA-A0-8C-1B-B2-B9-15">
      <ModulePath>C:\Program Files\dotnet\shared\Microsoft.NETCore.App\2.0.3\System.AppContext.dll</ModulePath>
      <ModuleTime>2017-10-16T14:46:16Z</ModuleTime>
      <ModuleName>System.AppContext</ModuleName>
      <Classes />
    </Module>
    <Module skippedDueTo="Filter" hash="48-96-9B-02-C4-37-FE-4C-70-4F-56-63-42-2C-CF-2D-A8-B8-44-4A">
      <ModulePath>C:\Program Files\dotnet\shared\Microsoft.NETCore.App\2.0.3\System.IO.dll</ModulePath>
      <ModuleTime>2017-10-16T14:46:16Z</ModuleTime>
      <ModuleName>System.IO</ModuleName>
      <Classes />
    </Module>
    <Module skippedDueTo="Filter" hash="84-66-57-4C-D4-02-18-1A-72-BA-90-0A-4E-05-17-ED-A2-C4-F9-84">
      <ModulePath>C:\Program Files\dotnet\shared\Microsoft.NETCore.App\2.0.3\System.Text.Encoding.Extensions.dll</ModulePath>
      <ModuleTime>2017-10-16T14:46:18Z</ModuleTime>
      <ModuleName>System.Text.Encoding.Extensions</ModuleName>
      <Classes />
    </Module>
    <Module skippedDueTo="Filter" hash="6C-7A-E0-70-AC-7C-1F-EB-33-93-6D-55-5A-BA-C2-0D-E0-06-5D-95">
      <ModulePath>C:\Program Files\dotnet\shared\Microsoft.NETCore.App\2.0.3\System.Runtime.Handles.dll</ModulePath>
      <ModuleTime>2017-10-16T14:46:18Z</ModuleTime>
      <ModuleName>System.Runtime.Handles</ModuleName>
      <Classes />
    </Module>
    <Module skippedDueTo="MissingPdb" hash="3F-B1-0A-CE-41-AD-17-AC-B3-EB-A5-B5-41-A8-0D-7E-96-47-90-BF">
      <ModulePath>C:\Program Files\dotnet\sdk\2.0.3\Microsoft.ApplicationInsights.dll</ModulePath>
      <ModuleTime>2017-11-09T13:07:24Z</ModuleTime>
      <ModuleName>Microsoft.ApplicationInsights</ModuleName>
      <Classes />
    </Module>
    <Module skippedDueTo="Filter" hash="7A-15-82-83-09-E7-DF-16-F8-2C-E1-38-3F-33-71-6B-25-77-A2-DF">
      <ModulePath>C:\Program Files\dotnet\shared\Microsoft.NETCore.App\2.0.3\System.Xml.XDocument.dll</ModulePath>
      <ModuleTime>2017-10-16T14:46:18Z</ModuleTime>
      <ModuleName>System.Xml.XDocument</ModuleName>
      <Classes />
    </Module>
    <Module skippedDueTo="Filter" hash="F5-DB-C9-51-1E-54-56-C2-42-AC-52-14-07-B5-99-6E-4F-44-80-15">
      <ModulePath>C:\Program Files\dotnet\shared\Microsoft.NETCore.App\2.0.3\System.Private.Xml.Linq.dll</ModulePath>
      <ModuleTime>2017-10-16T14:46:16Z</ModuleTime>
      <ModuleName>System.Private.Xml.Linq</ModuleName>
      <Classes />
    </Module>
    <Module skippedDueTo="MissingPdb" hash="47-99-0C-8B-1D-06-3B-3E-A0-B0-03-CC-10-53-44-21-F6-C9-FF-56">
      <ModulePath>C:\Program Files\dotnet\sdk\2.0.3\Microsoft.Build.dll</ModulePath>
      <ModuleTime>2017-11-09T13:07:24Z</ModuleTime>
      <ModuleName>Microsoft.Build</ModuleName>
      <Classes />
    </Module>
    <Module skippedDueTo="Filter" hash="1A-3C-AB-AD-5B-EB-8F-99-D2-94-DE-D2-67-A7-EB-06-E4-71-D4-E6">
      <ModulePath>C:\Program Files\dotnet\shared\Microsoft.NETCore.App\2.0.3\System.Resources.ResourceManager.dll</ModulePath>
      <ModuleTime>2017-10-16T14:46:18Z</ModuleTime>
      <ModuleName>System.Resources.ResourceManager</ModuleName>
      <Classes />
    </Module>
    <Module skippedDueTo="Filter" hash="5D-2F-9B-8B-B0-59-E7-E6-DA-C2-37-B1-DC-9B-EC-D8-3D-22-9A-A9">
      <ModulePath>C:\Program Files\dotnet\shared\Microsoft.NETCore.App\2.0.3\System.Globalization.dll</ModulePath>
      <ModuleTime>2017-10-16T14:46:16Z</ModuleTime>
      <ModuleName>System.Globalization</ModuleName>
      <Classes />
    </Module>
    <Module skippedDueTo="Filter" hash="C2-40-B6-30-DB-97-DE-B7-27-B7-18-01-B8-46-7D-E9-7C-16-AF-CB">
      <ModulePath>C:\Program Files\dotnet\shared\Microsoft.NETCore.App\2.0.3\System.Private.Xml.dll</ModulePath>
      <ModuleTime>2017-10-16T14:46:16Z</ModuleTime>
      <ModuleName>System.Private.Xml</ModuleName>
      <Classes />
    </Module>
    <Module skippedDueTo="Filter" hash="9D-07-C8-D6-0B-05-17-6A-61-85-51-96-75-7D-88-A1-E9-D7-21-85">
      <ModulePath>C:\Program Files\dotnet\shared\Microsoft.NETCore.App\2.0.3\System.Xml.ReaderWriter.dll</ModulePath>
      <ModuleTime>2017-10-16T14:46:18Z</ModuleTime>
      <ModuleName>System.Xml.ReaderWriter</ModuleName>
      <Classes />
    </Module>
    <Module skippedDueTo="Filter" hash="5D-01-4D-09-BA-45-B6-AF-7E-24-2A-E8-03-38-67-E9-9A-A6-B2-B0">
      <ModulePath>C:\Program Files\dotnet\shared\Microsoft.NETCore.App\2.0.3\System.Diagnostics.Tracing.dll</ModulePath>
      <ModuleTime>2017-10-16T14:46:16Z</ModuleTime>
      <ModuleName>System.Diagnostics.Tracing</ModuleName>
      <Classes />
    </Module>
    <Module skippedDueTo="Filter" hash="2E-50-46-DD-DD-8D-09-32-90-F2-A8-87-EA-7B-F1-EF-C7-53-73-77">
      <ModulePath>C:\Program Files\dotnet\shared\Microsoft.NETCore.App\2.0.3\System.Private.Uri.dll</ModulePath>
      <ModuleTime>2017-10-16T14:46:16Z</ModuleTime>
      <ModuleName>System.Private.Uri</ModuleName>
      <Classes />
    </Module>
    <Module skippedDueTo="Filter" hash="A9-C1-E6-5D-BE-0D-9B-CA-B0-37-75-CA-CC-B0-AC-25-CD-11-CD-F5">
      <ModulePath>C:\Program Files\dotnet\shared\Microsoft.NETCore.App\2.0.3\System.Threading.Tasks.dll</ModulePath>
      <ModuleTime>2017-10-16T14:46:18Z</ModuleTime>
      <ModuleName>System.Threading.Tasks</ModuleName>
      <Classes />
    </Module>
    <Module skippedDueTo="MissingPdb" hash="FD-04-C5-C2-86-D5-89-57-2D-48-FB-DA-DC-BA-9D-F9-6D-EE-91-8E">
      <ModulePath>C:\Program Files\dotnet\sdk\2.0.3\Microsoft.Build.Framework.dll</ModulePath>
      <ModuleTime>2017-11-09T13:07:24Z</ModuleTime>
      <ModuleName>Microsoft.Build.Framework</ModuleName>
      <Classes />
    </Module>
    <Module skippedDueTo="Filter" hash="FD-3D-B8-56-BE-FF-8C-95-37-B8-B2-18-4E-C9-D9-B0-8A-72-A0-32">
      <ModulePath>C:\Program Files\dotnet\shared\Microsoft.NETCore.App\2.0.3\System.ComponentModel.Primitives.dll</ModulePath>
      <ModuleTime>2017-10-16T14:46:16Z</ModuleTime>
      <ModuleName>System.ComponentModel.Primitives</ModuleName>
      <Classes />
    </Module>
    <Module skippedDueTo="Filter" hash="0D-72-F1-66-71-E3-5E-C9-F7-8A-3A-41-5D-FC-F8-22-38-CF-38-6F">
      <ModulePath>C:\Program Files\dotnet\shared\Microsoft.NETCore.App\2.0.3\System.Collections.NonGeneric.dll</ModulePath>
      <ModuleTime>2017-10-16T14:46:16Z</ModuleTime>
      <ModuleName>System.Collections.NonGeneric</ModuleName>
      <Classes />
    </Module>
    <Module skippedDueTo="MissingPdb" hash="25-8E-2B-C6-AE-B6-55-C8-92-2C-1D-A2-45-8B-CB-4B-2A-A0-87-B6">
      <ModulePath>C:\Program Files\dotnet\shared\Microsoft.NETCore.App\2.0.3\Microsoft.Win32.Primitives.dll</ModulePath>
      <ModuleTime>2017-10-16T14:46:16Z</ModuleTime>
      <ModuleName>Microsoft.Win32.Primitives</ModuleName>
      <Classes />
    </Module>
    <Module skippedDueTo="Filter" hash="3A-FE-BB-8E-8F-AE-CF-5B-8C-11-5F-08-1A-07-7E-7E-1D-A0-A7-4E">
      <ModulePath>C:\Program Files\dotnet\shared\Microsoft.NETCore.App\2.0.3\System.Text.RegularExpressions.dll</ModulePath>
      <ModuleTime>2017-10-16T14:46:18Z</ModuleTime>
      <ModuleName>System.Text.RegularExpressions</ModuleName>
      <Classes />
    </Module>
    <Module skippedDueTo="Filter" hash="B2-31-DB-B0-4B-C6-D9-64-A2-60-4E-C2-40-62-DA-AF-FE-6B-90-D8">
      <ModulePath>C:\Program Files\dotnet\shared\Microsoft.NETCore.App\2.0.3\System.Reflection.TypeExtensions.dll</ModulePath>
      <ModuleTime>2017-10-16T14:46:18Z</ModuleTime>
      <ModuleName>System.Reflection.TypeExtensions</ModuleName>
      <Classes />
    </Module>
    <Module skippedDueTo="Filter" hash="EE-2C-65-96-1D-BC-3B-1D-02-24-A3-F2-DC-11-59-53-94-B7-64-32">
      <ModulePath>C:\Program Files\dotnet\shared\Microsoft.NETCore.App\2.0.3\System.Security.Cryptography.Algorithms.dll</ModulePath>
      <ModuleTime>2017-10-16T14:46:18Z</ModuleTime>
      <ModuleName>System.Security.Cryptography.Algorithms</ModuleName>
      <Classes />
    </Module>
    <Module skippedDueTo="Filter" hash="9B-CB-AC-22-FA-D1-14-69-F5-6D-AA-AC-D0-95-16-F9-5D-03-9B-8D">
      <ModulePath>C:\Program Files\dotnet\shared\Microsoft.NETCore.App\2.0.3\System.Security.Cryptography.Primitives.dll</ModulePath>
      <ModuleTime>2017-10-16T14:46:18Z</ModuleTime>
      <ModuleName>System.Security.Cryptography.Primitives</ModuleName>
      <Classes />
    </Module>
    <Module skippedDueTo="Filter" hash="6C-AD-56-10-07-D7-01-81-60-23-CD-11-ED-79-90-F1-2E-9A-7F-2F">
      <ModulePath>C:\Program Files\dotnet\shared\Microsoft.NETCore.App\2.0.3\System.Diagnostics.Tools.dll</ModulePath>
      <ModuleTime>2017-10-16T14:46:16Z</ModuleTime>
      <ModuleName>System.Diagnostics.Tools</ModuleName>
      <Classes />
    </Module>
    <Module skippedDueTo="Filter" hash="2A-F1-B9-D4-54-E3-AD-5C-AC-54-8C-44-5E-F6-E9-3D-FD-02-BB-82">
      <ModulePath>C:\Program Files\dotnet\shared\Microsoft.NETCore.App\2.0.3\System.Diagnostics.Debug.dll</ModulePath>
      <ModuleTime>2017-10-16T14:46:16Z</ModuleTime>
      <ModuleName>System.Diagnostics.Debug</ModuleName>
      <Classes />
    </Module>
    <Module skippedDueTo="Filter" hash="ED-58-2C-E5-C4-17-AB-28-AB-7B-0B-04-89-0F-56-96-43-9E-5A-10">
      <ModulePath>C:\Program Files\dotnet\shared\Microsoft.NETCore.App\2.0.3\System.IO.Compression.dll</ModulePath>
      <ModuleTime>2017-10-16T14:46:16Z</ModuleTime>
      <ModuleName>System.IO.Compression</ModuleName>
      <Classes />
    </Module>
    <Module skippedDueTo="Filter" hash="5C-C5-89-48-1F-D6-D3-10-81-06-67-F9-6A-F5-E8-36-29-9A-F4-AA">
      <ModulePath>C:\Program Files\dotnet\shared\Microsoft.NETCore.App\2.0.3\System.Buffers.dll</ModulePath>
      <ModuleTime>2017-10-16T14:46:16Z</ModuleTime>
      <ModuleName>System.Buffers</ModuleName>
      <Classes />
    </Module>
    <Module skippedDueTo="Filter" hash="5E-9E-6B-6A-B8-B0-48-B4-8D-F0-A9-D1-9E-13-8A-39-B6-4D-3C-76">
      <ModulePath>C:\Program Files\dotnet\shared\Microsoft.NETCore.App\2.0.3\System.ObjectModel.dll</ModulePath>
      <ModuleTime>2017-10-16T14:46:16Z</ModuleTime>
      <ModuleName>System.ObjectModel</ModuleName>
      <Classes />
    </Module>
    <Module skippedDueTo="Filter" hash="63-F4-8F-F8-44-8F-AF-43-A9-95-EF-F3-C4-2E-E7-06-89-49-9F-16">
      <ModulePath>C:\Program Files\dotnet\shared\Microsoft.NETCore.App\2.0.3\System.Xml.XmlDocument.dll</ModulePath>
      <ModuleTime>2017-10-16T14:46:18Z</ModuleTime>
      <ModuleName>System.Xml.XmlDocument</ModuleName>
      <Classes />
    </Module>
    <Module skippedDueTo="Filter" hash="5F-CA-90-3E-6B-73-7B-98-4E-AD-23-48-50-E4-2B-BF-35-66-56-F4">
      <ModulePath>C:\Program Files\dotnet\shared\Microsoft.NETCore.App\2.0.3\System.Net.Http.dll</ModulePath>
      <ModuleTime>2017-10-16T14:46:16Z</ModuleTime>
      <ModuleName>System.Net.Http</ModuleName>
      <Classes />
    </Module>
    <Module skippedDueTo="Filter" hash="0C-F8-15-91-19-61-8A-CA-8A-E2-FF-A7-B1-2C-92-A0-55-F6-F3-28">
      <ModulePath>C:\Program Files\dotnet\shared\Microsoft.NETCore.App\2.0.3\System.Net.Primitives.dll</ModulePath>
      <ModuleTime>2017-10-16T14:46:16Z</ModuleTime>
      <ModuleName>System.Net.Primitives</ModuleName>
      <Classes />
    </Module>
    <Module skippedDueTo="Filter" hash="42-26-8F-5E-FA-7A-1E-24-91-00-A7-33-78-A7-11-3A-AD-93-90-4C">
      <ModulePath>C:\Program Files\dotnet\shared\Microsoft.NETCore.App\2.0.3\System.Diagnostics.TraceSource.dll</ModulePath>
      <ModuleTime>2017-10-16T14:46:16Z</ModuleTime>
      <ModuleName>System.Diagnostics.TraceSource</ModuleName>
      <Classes />
    </Module>
    <Module skippedDueTo="Filter" hash="D7-EF-CB-80-BE-BE-58-19-63-92-D7-C8-C8-8A-0E-32-F4-00-A0-7C">
      <ModulePath>C:\Program Files\dotnet\shared\Microsoft.NETCore.App\2.0.3\System.Diagnostics.DiagnosticSource.dll</ModulePath>
      <ModuleTime>2017-10-16T14:46:16Z</ModuleTime>
      <ModuleName>System.Diagnostics.DiagnosticSource</ModuleName>
      <Classes />
    </Module>
    <Module skippedDueTo="Filter" hash="2C-A8-DF-60-4E-75-70-96-86-C0-80-C7-D5-CE-5B-50-AD-66-F3-09">
      <ModulePath>C:\Program Files\dotnet\shared\Microsoft.NETCore.App\2.0.3\System.Security.Cryptography.X509Certificates.dll</ModulePath>
      <ModuleTime>2017-10-16T14:46:18Z</ModuleTime>
      <ModuleName>System.Security.Cryptography.X509Certificates</ModuleName>
      <Classes />
    </Module>
    <Module skippedDueTo="Filter" hash="59-D8-16-A6-2F-B5-D9-1D-0D-CA-82-53-5A-88-32-3F-21-5F-BF-8A">
      <ModulePath>C:\Program Files\dotnet\shared\Microsoft.NETCore.App\2.0.3\System.Threading.Tasks.Dataflow.dll</ModulePath>
      <ModuleTime>2017-10-16T14:46:18Z</ModuleTime>
      <ModuleName>System.Threading.Tasks.Dataflow</ModuleName>
      <Classes />
    </Module>
    <Module skippedDueTo="MissingPdb" hash="97-09-67-7F-34-EF-B4-A9-88-93-59-A7-2A-A5-90-43-75-38-0E-DC">
      <ModulePath>C:\Program Files\dotnet\shared\Microsoft.NETCore.App\2.0.3\netstandard.dll</ModulePath>
      <ModuleTime>2017-10-16T14:46:18Z</ModuleTime>
      <ModuleName>netstandard</ModuleName>
      <Classes />
    </Module>
    <Module skippedDueTo="Filter" hash="B6-DD-CA-B3-F6-48-A4-04-2B-DE-04-61-65-1A-1D-50-19-BE-9A-26">
      <ModulePath>C:\Program Files\dotnet\shared\Microsoft.NETCore.App\2.0.3\System.Diagnostics.FileVersionInfo.dll</ModulePath>
      <ModuleTime>2017-10-16T14:46:16Z</ModuleTime>
      <ModuleName>System.Diagnostics.FileVersionInfo</ModuleName>
      <Classes />
    </Module>
    <Module skippedDueTo="Filter" hash="F6-5D-D4-7B-51-D4-71-03-BC-E5-7D-E8-17-55-E4-E5-9A-00-7D-23">
      <ModulePath>C:\Program Files\dotnet\shared\Microsoft.NETCore.App\2.0.3\System.Reflection.Primitives.dll</ModulePath>
      <ModuleTime>2017-10-16T14:46:18Z</ModuleTime>
      <ModuleName>System.Reflection.Primitives</ModuleName>
      <Classes />
    </Module>
    <Module skippedDueTo="Filter" hash="C7-E8-01-39-70-B7-4F-4D-43-70-1B-D9-86-6F-63-40-10-FC-62-8D">
      <ModulePath>C:\Program Files\dotnet\shared\Microsoft.NETCore.App\2.0.3\System.ComponentModel.dll</ModulePath>
      <ModuleTime>2017-10-16T14:46:16Z</ModuleTime>
      <ModuleName>System.ComponentModel</ModuleName>
      <Classes />
    </Module>
    <Module skippedDueTo="MissingPdb" hash="A7-46-90-72-9A-A5-92-6F-F6-EE-3F-45-3B-91-25-3F-59-06-7D-18">
      <ModulePath>C:\Program Files\dotnet\sdk\2.0.3\Microsoft.Build.Utilities.Core.dll</ModulePath>
      <ModuleTime>2017-11-09T13:07:24Z</ModuleTime>
      <ModuleName>Microsoft.Build.Utilities.Core</ModuleName>
      <Classes />
    </Module>
    <Module skippedDueTo="Filter" hash="36-E8-12-90-6F-79-37-F9-16-97-E8-04-51-88-75-77-34-C7-36-7D">
      <ModulePath>C:\Program Files\dotnet\shared\Microsoft.NETCore.App\2.0.3\System.Collections.Immutable.dll</ModulePath>
      <ModuleTime>2017-10-16T14:46:16Z</ModuleTime>
      <ModuleName>System.Collections.Immutable</ModuleName>
      <Classes />
    </Module>
    <Module skippedDueTo="MissingPdb" hash="57-AF-56-0C-74-B8-29-DE-3F-49-DF-65-BA-11-C3-6D-82-C6-19-96">
      <ModulePath>C:\Program Files\dotnet\sdk\2.0.3\NuGet.ProjectModel.dll</ModulePath>
      <ModuleTime>2017-11-09T13:07:34Z</ModuleTime>
      <ModuleName>NuGet.ProjectModel</ModuleName>
      <Classes />
    </Module>
    <Module skippedDueTo="MissingPdb" hash="65-3B-40-78-86-DC-43-29-11-D3-CA-DD-E8-04-27-7F-FA-2D-E1-9B">
      <ModulePath>C:\Program Files\dotnet\sdk\2.0.3\NuGet.Common.dll</ModulePath>
      <ModuleTime>2017-11-09T13:07:34Z</ModuleTime>
      <ModuleName>NuGet.Common</ModuleName>
      <Classes />
    </Module>
    <Module skippedDueTo="MissingPdb" hash="BA-B6-B0-F8-ED-24-CA-2C-65-43-5B-64-7D-93-BE-AF-AD-F3-26-99">
      <ModulePath>C:\Program Files\dotnet\sdk\2.0.3\Newtonsoft.Json.dll</ModulePath>
      <ModuleTime>2017-11-09T13:04:14Z</ModuleTime>
      <ModuleName>Newtonsoft.Json</ModuleName>
      <Classes />
    </Module>
    <Module skippedDueTo="Filter" hash="98-AC-01-38-92-1F-A2-14-2C-45-81-74-7B-88-AE-16-C7-72-5B-65">
      <ModulePath>C:\Program Files\dotnet\shared\Microsoft.NETCore.App\2.0.3\System.Dynamic.Runtime.dll</ModulePath>
      <ModuleTime>2017-10-16T14:46:16Z</ModuleTime>
      <ModuleName>System.Dynamic.Runtime</ModuleName>
      <Classes />
    </Module>
    <Module skippedDueTo="Filter" hash="1E-53-17-59-20-ED-57-91-0B-28-3A-1F-BA-CD-97-63-72-A2-E3-42">
      <ModulePath>C:\Program Files\dotnet\shared\Microsoft.NETCore.App\2.0.3\System.Linq.Expressions.dll</ModulePath>
      <ModuleTime>2017-10-16T14:46:16Z</ModuleTime>
      <ModuleName>System.Linq.Expressions</ModuleName>
      <Classes />
    </Module>
    <Module skippedDueTo="MissingPdb" hash="86-57-88-D4-E2-D8-B0-1B-E1-F2-9F-17-B6-2A-FE-E6-A9-93-12-D7">
      <ModulePath>C:\Program Files\dotnet\sdk\2.0.3\NuGet.Versioning.dll</ModulePath>
      <ModuleTime>2017-11-09T13:07:34Z</ModuleTime>
      <ModuleName>NuGet.Versioning</ModuleName>
      <Classes />
    </Module>
    <Module skippedDueTo="MissingPdb" hash="9A-8D-AE-D9-88-23-77-41-EE-37-60-35-3A-09-7B-33-92-70-33-EB">
      <ModulePath>C:\Program Files\dotnet\sdk\2.0.3\NuGet.Packaging.Core.dll</ModulePath>
      <ModuleTime>2017-11-09T13:07:34Z</ModuleTime>
      <ModuleName>NuGet.Packaging.Core</ModuleName>
      <Classes />
    </Module>
    <Module skippedDueTo="MissingPdb" hash="9F-1C-53-05-C1-2C-BC-FC-B0-98-95-E9-98-74-9E-10-6C-FA-28-A9">
      <ModulePath>C:\Program Files\dotnet\sdk\2.0.3\NuGet.LibraryModel.dll</ModulePath>
      <ModuleTime>2017-11-09T13:07:34Z</ModuleTime>
      <ModuleName>NuGet.LibraryModel</ModuleName>
      <Classes />
    </Module>
    <Module skippedDueTo="MissingPdb" hash="69-0C-DA-8F-31-EF-CB-BB-10-D9-49-46-FF-D8-8A-E5-18-36-EA-CD">
      <ModulePath>C:\Program Files\dotnet\sdk\2.0.3\NuGet.Packaging.dll</ModulePath>
      <ModuleTime>2017-11-09T13:07:34Z</ModuleTime>
      <ModuleName>NuGet.Packaging</ModuleName>
      <Classes />
    </Module>
    <Module skippedDueTo="Filter" hash="DB-7F-AA-65-67-DD-F2-86-F7-41-2B-E1-6C-28-21-93-6C-52-AC-8D">
      <ModulePath>C:\Program Files\dotnet\shared\Microsoft.NETCore.App\2.0.3\System.Runtime.Serialization.Primitives.dll</ModulePath>
      <ModuleTime>2017-10-16T14:46:18Z</ModuleTime>
      <ModuleName>System.Runtime.Serialization.Primitives</ModuleName>
      <Classes />
    </Module>
    <Module skippedDueTo="MissingPdb" hash="BB-30-C2-90-6B-10-51-38-21-16-CE-16-EC-AB-4B-4D-21-37-9C-E3">
      <ModulePath>C:\Program Files\dotnet\sdk\2.0.3\NuGet.Configuration.dll</ModulePath>
      <ModuleTime>2017-11-09T13:07:34Z</ModuleTime>
      <ModuleName>NuGet.Configuration</ModuleName>
      <Classes />
    </Module>
    <Module skippedDueTo="Filter" hash="A6-96-8D-21-F0-C9-16-49-EC-6E-8C-AB-07-92-58-E6-E5-9A-CB-79">
      <ModulePath>C:\Program Files\dotnet\shared\Microsoft.NETCore.App\2.0.3\System.Threading.ThreadPool.dll</ModulePath>
      <ModuleTime>2017-10-16T14:46:18Z</ModuleTime>
      <ModuleName>System.Threading.ThreadPool</ModuleName>
      <Classes />
    </Module>
    <Module skippedDueTo="Filter" hash="26-C3-90-24-75-23-5D-CC-CA-46-C0-92-7E-96-43-B5-40-00-83-7F">
      <ModulePath>C:\Program Files\dotnet\shared\Microsoft.NETCore.App\2.0.3\System.Private.CoreLib.dll</ModulePath>
      <ModuleTime>2017-10-16T14:46:18Z</ModuleTime>
      <ModuleName>System.Private.CoreLib</ModuleName>
      <Classes />
    </Module>
    <Module skippedDueTo="MissingPdb" hash="4F-81-64-13-AE-C2-78-11-00-EC-F1-3A-26-8B-C8-A4-99-C3-F9-F8">
      <ModulePath>C:\Users\Honza\.nuget\packages\dotnet-xunit\2.3.1\lib\netcoreapp2.0\dotnet-xunit.dll</ModulePath>
      <ModuleTime>2017-10-27T03:34:14Z</ModuleTime>
      <ModuleName>dotnet-xunit</ModuleName>
      <Classes />
    </Module>
    <Module skippedDueTo="Filter" hash="4A-8F-65-8B-4A-A5-3E-B7-E2-BC-F3-23-33-A9-CF-46-B0-0B-BF-A3">
      <ModulePath>C:\Program Files\dotnet\shared\Microsoft.NETCore.App\2.0.3\System.Runtime.dll</ModulePath>
      <ModuleTime>2017-10-16T14:46:18Z</ModuleTime>
      <ModuleName>System.Runtime</ModuleName>
      <Classes />
    </Module>
    <Module skippedDueTo="Filter" hash="B3-9E-DB-77-A7-DF-96-93-4B-6A-40-0C-83-30-CF-C0-5B-4C-CD-76">
      <ModulePath>C:\Program Files\dotnet\shared\Microsoft.NETCore.App\2.0.3\System.Collections.dll</ModulePath>
      <ModuleTime>2017-10-16T14:46:16Z</ModuleTime>
      <ModuleName>System.Collections</ModuleName>
      <Classes />
    </Module>
    <Module skippedDueTo="Filter" hash="7C-76-6F-C3-0D-50-D1-7E-68-CD-EC-AE-3B-9F-D6-6C-23-12-A1-89">
      <ModulePath>C:\Program Files\dotnet\shared\Microsoft.NETCore.App\2.0.3\System.Console.dll</ModulePath>
      <ModuleTime>2017-10-16T14:46:16Z</ModuleTime>
      <ModuleName>System.Console</ModuleName>
      <Classes />
    </Module>
    <Module skippedDueTo="Filter" hash="F9-BC-F3-11-43-C6-74-18-CA-4B-3B-83-CB-24-63-46-87-13-A9-7A">
      <ModulePath>C:\Program Files\dotnet\shared\Microsoft.NETCore.App\2.0.3\System.Linq.dll</ModulePath>
      <ModuleTime>2017-10-16T14:46:16Z</ModuleTime>
      <ModuleName>System.Linq</ModuleName>
      <Classes />
    </Module>
    <Module skippedDueTo="Filter" hash="61-16-5D-79-9B-CE-CF-63-33-69-FE-2B-CD-E5-CB-B7-E8-3D-D9-7E">
      <ModulePath>C:\Program Files\dotnet\shared\Microsoft.NETCore.App\2.0.3\System.IO.FileSystem.dll</ModulePath>
      <ModuleTime>2017-10-16T14:46:16Z</ModuleTime>
      <ModuleName>System.IO.FileSystem</ModuleName>
      <Classes />
    </Module>
    <Module skippedDueTo="Filter" hash="B0-E0-8C-99-09-3A-DF-23-09-C5-7C-2A-C5-40-C1-4C-99-18-B6-33">
      <ModulePath>C:\Program Files\dotnet\shared\Microsoft.NETCore.App\2.0.3\System.Runtime.Extensions.dll</ModulePath>
      <ModuleTime>2017-10-16T14:46:18Z</ModuleTime>
      <ModuleName>System.Runtime.Extensions</ModuleName>
      <Classes />
    </Module>
    <Module skippedDueTo="Filter" hash="39-B5-92-E1-80-6D-9D-DF-41-24-82-B8-32-CF-22-FF-84-A0-37-EA">
      <ModulePath>C:\Program Files\dotnet\shared\Microsoft.NETCore.App\2.0.3\System.Threading.dll</ModulePath>
      <ModuleTime>2017-10-16T14:46:18Z</ModuleTime>
      <ModuleName>System.Threading</ModuleName>
      <Classes />
    </Module>
    <Module skippedDueTo="Filter" hash="97-86-71-18-67-36-CF-86-B1-74-E9-8E-5D-82-BA-42-6A-42-6E-36">
      <ModulePath>C:\Program Files\dotnet\shared\Microsoft.NETCore.App\2.0.3\System.Runtime.InteropServices.dll</ModulePath>
      <ModuleTime>2017-10-16T14:46:18Z</ModuleTime>
      <ModuleName>System.Runtime.InteropServices</ModuleName>
      <Classes />
    </Module>
    <Module skippedDueTo="Filter" hash="F0-C5-F4-B7-29-88-AF-63-18-BB-5C-41-65-79-71-04-31-31-FD-EC">
      <ModulePath>C:\Program Files\dotnet\shared\Microsoft.NETCore.App\2.0.3\System.Diagnostics.Process.dll</ModulePath>
      <ModuleTime>2017-10-16T14:46:16Z</ModuleTime>
      <ModuleName>System.Diagnostics.Process</ModuleName>
      <Classes />
    </Module>
    <Module skippedDueTo="Filter" hash="FD-3D-B8-56-BE-FF-8C-95-37-B8-B2-18-4E-C9-D9-B0-8A-72-A0-32">
      <ModulePath>C:\Program Files\dotnet\shared\Microsoft.NETCore.App\2.0.3\System.ComponentModel.Primitives.dll</ModulePath>
      <ModuleTime>2017-10-16T14:46:16Z</ModuleTime>
      <ModuleName>System.ComponentModel.Primitives</ModuleName>
      <Classes />
    </Module>
    <Module skippedDueTo="Filter" hash="7B-E5-46-CC-B4-85-A0-09-28-75-27-3D-02-A4-18-07-C2-B4-71-9B">
      <ModulePath>C:\Program Files\dotnet\shared\Microsoft.NETCore.App\2.0.3\System.Runtime.InteropServices.RuntimeInformation.dll</ModulePath>
      <ModuleTime>2017-10-16T14:46:18Z</ModuleTime>
      <ModuleName>System.Runtime.InteropServices.RuntimeInformation</ModuleName>
      <Classes />
    </Module>
    <Module skippedDueTo="Filter" hash="84-66-57-4C-D4-02-18-1A-72-BA-90-0A-4E-05-17-ED-A2-C4-F9-84">
      <ModulePath>C:\Program Files\dotnet\shared\Microsoft.NETCore.App\2.0.3\System.Text.Encoding.Extensions.dll</ModulePath>
      <ModuleTime>2017-10-16T14:46:18Z</ModuleTime>
      <ModuleName>System.Text.Encoding.Extensions</ModuleName>
      <Classes />
    </Module>
    <Module skippedDueTo="Filter" hash="0D-72-F1-66-71-E3-5E-C9-F7-8A-3A-41-5D-FC-F8-22-38-CF-38-6F">
      <ModulePath>C:\Program Files\dotnet\shared\Microsoft.NETCore.App\2.0.3\System.Collections.NonGeneric.dll</ModulePath>
      <ModuleTime>2017-10-16T14:46:16Z</ModuleTime>
      <ModuleName>System.Collections.NonGeneric</ModuleName>
      <Classes />
    </Module>
    <Module skippedDueTo="MissingPdb" hash="25-8E-2B-C6-AE-B6-55-C8-92-2C-1D-A2-45-8B-CB-4B-2A-A0-87-B6">
      <ModulePath>C:\Program Files\dotnet\shared\Microsoft.NETCore.App\2.0.3\Microsoft.Win32.Primitives.dll</ModulePath>
      <ModuleTime>2017-10-16T14:46:16Z</ModuleTime>
      <ModuleName>Microsoft.Win32.Primitives</ModuleName>
      <Classes />
    </Module>
    <Module skippedDueTo="Filter" hash="D8-BA-CC-F3-E7-0B-5A-27-2D-1D-56-B9-69-72-F8-53-17-F5-B4-56">
      <ModulePath>C:\Program Files\dotnet\shared\Microsoft.NETCore.App\2.0.3\System.Threading.Thread.dll</ModulePath>
      <ModuleTime>2017-10-16T14:46:18Z</ModuleTime>
      <ModuleName>System.Threading.Thread</ModuleName>
      <Classes />
    </Module>
    <Module skippedDueTo="Filter" hash="26-C3-90-24-75-23-5D-CC-CA-46-C0-92-7E-96-43-B5-40-00-83-7F">
      <ModulePath>C:\Program Files\dotnet\shared\Microsoft.NETCore.App\2.0.3\System.Private.CoreLib.dll</ModulePath>
      <ModuleTime>2017-10-16T14:46:18Z</ModuleTime>
      <ModuleName>System.Private.CoreLib</ModuleName>
      <Classes />
    </Module>
    <Module skippedDueTo="MissingPdb" hash="DE-36-F2-86-1A-D0-77-4B-85-D1-1F-A4-E0-79-63-F4-17-E1-BE-2A">
      <ModulePath>C:\Program Files\dotnet\sdk\2.0.3\dotnet.dll</ModulePath>
      <ModuleTime>2017-11-09T12:58:02Z</ModuleTime>
      <ModuleName>dotnet</ModuleName>
      <Classes />
    </Module>
    <Module skippedDueTo="Filter" hash="4A-8F-65-8B-4A-A5-3E-B7-E2-BC-F3-23-33-A9-CF-46-B0-0B-BF-A3">
      <ModulePath>C:\Program Files\dotnet\shared\Microsoft.NETCore.App\2.0.3\System.Runtime.dll</ModulePath>
      <ModuleTime>2017-10-16T14:46:18Z</ModuleTime>
      <ModuleName>System.Runtime</ModuleName>
      <Classes />
    </Module>
    <Module skippedDueTo="MissingPdb" hash="82-65-B6-5C-1B-D0-FC-EA-19-29-71-F0-C4-F1-03-29-AE-DD-B3-3D">
      <ModulePath>C:\Program Files\dotnet\sdk\2.0.3\Microsoft.DotNet.Cli.Utils.dll</ModulePath>
      <ModuleTime>2017-11-09T13:07:24Z</ModuleTime>
      <ModuleName>Microsoft.DotNet.Cli.Utils</ModuleName>
      <Classes />
    </Module>
    <Module skippedDueTo="Filter" hash="B0-E0-8C-99-09-3A-DF-23-09-C5-7C-2A-C5-40-C1-4C-99-18-B6-33">
      <ModulePath>C:\Program Files\dotnet\shared\Microsoft.NETCore.App\2.0.3\System.Runtime.Extensions.dll</ModulePath>
      <ModuleTime>2017-10-16T14:46:18Z</ModuleTime>
      <ModuleName>System.Runtime.Extensions</ModuleName>
      <Classes />
    </Module>
    <Module skippedDueTo="Filter" hash="80-C3-4D-6A-77-23-FA-1C-1B-37-48-BD-C0-D3-42-10-81-3F-22-6B">
      <ModulePath>C:\Program Files\dotnet\shared\Microsoft.NETCore.App\2.0.3\System.Runtime.Loader.dll</ModulePath>
      <ModuleTime>2017-10-16T14:46:18Z</ModuleTime>
      <ModuleName>System.Runtime.Loader</ModuleName>
      <Classes />
    </Module>
    <Module skippedDueTo="MissingPdb" hash="A3-F8-80-99-71-86-B1-B2-CA-24-F2-AA-FE-64-4B-0C-A8-1B-B4-D9">
      <ModulePath>C:\Program Files\dotnet\sdk\2.0.3\Microsoft.DotNet.PlatformAbstractions.dll</ModulePath>
      <ModuleTime>2017-11-09T13:07:24Z</ModuleTime>
      <ModuleName>Microsoft.DotNet.PlatformAbstractions</ModuleName>
      <Classes />
    </Module>
    <Module skippedDueTo="Filter" hash="7B-E5-46-CC-B4-85-A0-09-28-75-27-3D-02-A4-18-07-C2-B4-71-9B">
      <ModulePath>C:\Program Files\dotnet\shared\Microsoft.NETCore.App\2.0.3\System.Runtime.InteropServices.RuntimeInformation.dll</ModulePath>
      <ModuleTime>2017-10-16T14:46:18Z</ModuleTime>
      <ModuleName>System.Runtime.InteropServices.RuntimeInformation</ModuleName>
      <Classes />
    </Module>
    <Module skippedDueTo="Filter" hash="06-69-E2-02-F1-E2-73-39-9D-83-2C-D7-5C-C4-F7-91-7A-C4-8E-E7">
      <ModulePath>C:\Program Files\dotnet\shared\Microsoft.NETCore.App\2.0.3\System.Reflection.dll</ModulePath>
      <ModuleTime>2017-10-16T14:46:18Z</ModuleTime>
      <ModuleName>System.Reflection</ModuleName>
      <Classes />
    </Module>
    <Module skippedDueTo="Filter" hash="10-38-FB-36-C4-F2-6A-DC-7B-C4-A0-C7-6F-38-06-06-5B-09-9D-9A">
      <ModulePath>C:\Program Files\dotnet\shared\Microsoft.NETCore.App\2.0.3\System.Reflection.Extensions.dll</ModulePath>
      <ModuleTime>2017-10-16T14:46:18Z</ModuleTime>
      <ModuleName>System.Reflection.Extensions</ModuleName>
      <Classes />
    </Module>
    <Module skippedDueTo="Filter" hash="97-86-71-18-67-36-CF-86-B1-74-E9-8E-5D-82-BA-42-6A-42-6E-36">
      <ModulePath>C:\Program Files\dotnet\shared\Microsoft.NETCore.App\2.0.3\System.Runtime.InteropServices.dll</ModulePath>
      <ModuleTime>2017-10-16T14:46:18Z</ModuleTime>
      <ModuleName>System.Runtime.InteropServices</ModuleName>
      <Classes />
    </Module>
    <Module skippedDueTo="Filter" hash="61-16-5D-79-9B-CE-CF-63-33-69-FE-2B-CD-E5-CB-B7-E8-3D-D9-7E">
      <ModulePath>C:\Program Files\dotnet\shared\Microsoft.NETCore.App\2.0.3\System.IO.FileSystem.dll</ModulePath>
      <ModuleTime>2017-10-16T14:46:16Z</ModuleTime>
      <ModuleName>System.IO.FileSystem</ModuleName>
      <Classes />
    </Module>
    <Module skippedDueTo="Filter" hash="FF-F0-05-CA-2B-A0-22-55-5E-31-D7-DA-F4-DD-82-EA-3D-2D-B1-4F">
      <ModulePath>C:\Program Files\dotnet\sdk\2.0.3\runtimes\win\lib\netstandard1.3\System.Text.Encoding.CodePages.dll</ModulePath>
      <ModuleTime>2017-11-09T13:04:22Z</ModuleTime>
      <ModuleName>System.Text.Encoding.CodePages</ModuleName>
      <Classes />
    </Module>
    <Module skippedDueTo="Filter" hash="18-67-F2-BC-DA-07-0D-B9-58-29-53-BF-F1-4C-7C-82-01-76-9D-95">
      <ModulePath>C:\Program Files\dotnet\shared\Microsoft.NETCore.App\2.0.3\System.Text.Encoding.dll</ModulePath>
      <ModuleTime>2017-10-16T14:46:18Z</ModuleTime>
      <ModuleName>System.Text.Encoding</ModuleName>
      <Classes />
    </Module>
    <Module skippedDueTo="Filter" hash="B3-9E-DB-77-A7-DF-96-93-4B-6A-40-0C-83-30-CF-C0-5B-4C-CD-76">
      <ModulePath>C:\Program Files\dotnet\shared\Microsoft.NETCore.App\2.0.3\System.Collections.dll</ModulePath>
      <ModuleTime>2017-10-16T14:46:16Z</ModuleTime>
      <ModuleName>System.Collections</ModuleName>
      <Classes />
    </Module>
    <Module skippedDueTo="Filter" hash="39-B5-92-E1-80-6D-9D-DF-41-24-82-B8-32-CF-22-FF-84-A0-37-EA">
      <ModulePath>C:\Program Files\dotnet\shared\Microsoft.NETCore.App\2.0.3\System.Threading.dll</ModulePath>
      <ModuleTime>2017-10-16T14:46:18Z</ModuleTime>
      <ModuleName>System.Threading</ModuleName>
      <Classes />
    </Module>
    <Module skippedDueTo="Filter" hash="DD-1C-65-2C-49-24-BD-EC-76-E6-9D-35-56-A5-D8-6E-56-5C-28-1E">
      <ModulePath>C:\Program Files\dotnet\shared\Microsoft.NETCore.App\2.0.3\System.Collections.Concurrent.dll</ModulePath>
      <ModuleTime>2017-10-16T14:46:16Z</ModuleTime>
      <ModuleName>System.Collections.Concurrent</ModuleName>
      <Classes />
    </Module>
    <Module skippedDueTo="Filter" hash="D8-BA-CC-F3-E7-0B-5A-27-2D-1D-56-B9-69-72-F8-53-17-F5-B4-56">
      <ModulePath>C:\Program Files\dotnet\shared\Microsoft.NETCore.App\2.0.3\System.Threading.Thread.dll</ModulePath>
      <ModuleTime>2017-10-16T14:46:18Z</ModuleTime>
      <ModuleName>System.Threading.Thread</ModuleName>
      <Classes />
    </Module>
    <Module skippedDueTo="MissingPdb" hash="C3-36-8A-EE-61-24-DD-11-BF-9C-74-42-99-8E-E0-47-E1-2D-C6-BF">
      <ModulePath>C:\Program Files\dotnet\sdk\2.0.3\Microsoft.DotNet.Configurer.dll</ModulePath>
      <ModuleTime>2017-11-09T13:07:24Z</ModuleTime>
      <ModuleName>Microsoft.DotNet.Configurer</ModuleName>
      <Classes />
    </Module>
    <Module skippedDueTo="Filter" hash="F0-C5-F4-B7-29-88-AF-63-18-BB-5C-41-65-79-71-04-31-31-FD-EC">
      <ModulePath>C:\Program Files\dotnet\shared\Microsoft.NETCore.App\2.0.3\System.Diagnostics.Process.dll</ModulePath>
      <ModuleTime>2017-10-16T14:46:16Z</ModuleTime>
      <ModuleName>System.Diagnostics.Process</ModuleName>
      <Classes />
    </Module>
    <Module skippedDueTo="Filter" hash="F9-BC-F3-11-43-C6-74-18-CA-4B-3B-83-CB-24-63-46-87-13-A9-7A">
      <ModulePath>C:\Program Files\dotnet\shared\Microsoft.NETCore.App\2.0.3\System.Linq.dll</ModulePath>
      <ModuleTime>2017-10-16T14:46:16Z</ModuleTime>
      <ModuleName>System.Linq</ModuleName>
      <Classes />
    </Module>
    <Module skippedDueTo="MissingPdb" hash="73-BB-0C-DD-7A-26-1D-62-FE-5A-6C-AA-11-D9-EA-01-0F-93-32-8B">
      <ModulePath>C:\Program Files\dotnet\sdk\2.0.3\NuGet.Frameworks.dll</ModulePath>
      <ModuleTime>2017-11-09T13:07:34Z</ModuleTime>
      <ModuleName>NuGet.Frameworks</ModuleName>
      <Classes />
    </Module>
    <Module skippedDueTo="MissingPdb" hash="92-C4-08-7F-C4-9E-51-07-DD-43-82-14-F3-B1-C9-D3-13-FF-4C-8D">
      <ModulePath>C:\Program Files\dotnet\sdk\2.0.3\Microsoft.DotNet.Cli.CommandLine.dll</ModulePath>
      <ModuleTime>2017-11-09T13:07:24Z</ModuleTime>
      <ModuleName>Microsoft.DotNet.Cli.CommandLine</ModuleName>
      <Classes />
    </Module>
    <Module skippedDueTo="Filter" hash="7C-76-6F-C3-0D-50-D1-7E-68-CD-EC-AE-3B-9F-D6-6C-23-12-A1-89">
      <ModulePath>C:\Program Files\dotnet\shared\Microsoft.NETCore.App\2.0.3\System.Console.dll</ModulePath>
      <ModuleTime>2017-10-16T14:46:16Z</ModuleTime>
      <ModuleName>System.Console</ModuleName>
      <Classes />
    </Module>
    <Module skippedDueTo="MissingPdb" hash="15-A4-0E-EF-21-F0-D3-76-66-7F-6D-0B-EE-02-00-7F-53-79-B4-D1">
      <ModulePath>C:\Program Files\dotnet\sdk\2.0.3\Microsoft.DotNet.InternalAbstractions.dll</ModulePath>
      <ModuleTime>2017-11-09T13:07:24Z</ModuleTime>
      <ModuleName>Microsoft.DotNet.InternalAbstractions</ModuleName>
      <Classes />
    </Module>
    <Module skippedDueTo="Filter" hash="2E-E1-2D-F8-B6-D8-46-43-AB-93-25-F6-E0-DA-F4-2E-CC-D5-44-36">
      <ModulePath>C:\Program Files\dotnet\shared\Microsoft.NETCore.App\2.0.3\System.IO.FileSystem.Primitives.dll</ModulePath>
      <ModuleTime>2017-10-16T14:46:16Z</ModuleTime>
      <ModuleName>System.IO.FileSystem.Primitives</ModuleName>
      <Classes />
    </Module>
    <Module skippedDueTo="Filter" hash="30-6C-C2-A0-58-F0-99-DD-DD-D4-47-FA-48-EA-A0-8C-1B-B2-B9-15">
      <ModulePath>C:\Program Files\dotnet\shared\Microsoft.NETCore.App\2.0.3\System.AppContext.dll</ModulePath>
      <ModuleTime>2017-10-16T14:46:16Z</ModuleTime>
      <ModuleName>System.AppContext</ModuleName>
      <Classes />
    </Module>
    <Module skippedDueTo="Filter" hash="48-96-9B-02-C4-37-FE-4C-70-4F-56-63-42-2C-CF-2D-A8-B8-44-4A">
      <ModulePath>C:\Program Files\dotnet\shared\Microsoft.NETCore.App\2.0.3\System.IO.dll</ModulePath>
      <ModuleTime>2017-10-16T14:46:16Z</ModuleTime>
      <ModuleName>System.IO</ModuleName>
      <Classes />
    </Module>
    <Module skippedDueTo="Filter" hash="84-66-57-4C-D4-02-18-1A-72-BA-90-0A-4E-05-17-ED-A2-C4-F9-84">
      <ModulePath>C:\Program Files\dotnet\shared\Microsoft.NETCore.App\2.0.3\System.Text.Encoding.Extensions.dll</ModulePath>
      <ModuleTime>2017-10-16T14:46:18Z</ModuleTime>
      <ModuleName>System.Text.Encoding.Extensions</ModuleName>
      <Classes />
    </Module>
    <Module skippedDueTo="Filter" hash="6C-7A-E0-70-AC-7C-1F-EB-33-93-6D-55-5A-BA-C2-0D-E0-06-5D-95">
      <ModulePath>C:\Program Files\dotnet\shared\Microsoft.NETCore.App\2.0.3\System.Runtime.Handles.dll</ModulePath>
      <ModuleTime>2017-10-16T14:46:18Z</ModuleTime>
      <ModuleName>System.Runtime.Handles</ModuleName>
      <Classes />
    </Module>
    <Module skippedDueTo="MissingPdb" hash="3F-B1-0A-CE-41-AD-17-AC-B3-EB-A5-B5-41-A8-0D-7E-96-47-90-BF">
      <ModulePath>C:\Program Files\dotnet\sdk\2.0.3\Microsoft.ApplicationInsights.dll</ModulePath>
      <ModuleTime>2017-11-09T13:07:24Z</ModuleTime>
      <ModuleName>Microsoft.ApplicationInsights</ModuleName>
      <Classes />
    </Module>
    <Module skippedDueTo="Filter" hash="7A-15-82-83-09-E7-DF-16-F8-2C-E1-38-3F-33-71-6B-25-77-A2-DF">
      <ModulePath>C:\Program Files\dotnet\shared\Microsoft.NETCore.App\2.0.3\System.Xml.XDocument.dll</ModulePath>
      <ModuleTime>2017-10-16T14:46:18Z</ModuleTime>
      <ModuleName>System.Xml.XDocument</ModuleName>
      <Classes />
    </Module>
    <Module skippedDueTo="Filter" hash="3A-FE-BB-8E-8F-AE-CF-5B-8C-11-5F-08-1A-07-7E-7E-1D-A0-A7-4E">
      <ModulePath>C:\Program Files\dotnet\shared\Microsoft.NETCore.App\2.0.3\System.Text.RegularExpressions.dll</ModulePath>
      <ModuleTime>2017-10-16T14:46:18Z</ModuleTime>
      <ModuleName>System.Text.RegularExpressions</ModuleName>
      <Classes />
    </Module>
    <Module skippedDueTo="Filter" hash="F5-DB-C9-51-1E-54-56-C2-42-AC-52-14-07-B5-99-6E-4F-44-80-15">
      <ModulePath>C:\Program Files\dotnet\shared\Microsoft.NETCore.App\2.0.3\System.Private.Xml.Linq.dll</ModulePath>
      <ModuleTime>2017-10-16T14:46:16Z</ModuleTime>
      <ModuleName>System.Private.Xml.Linq</ModuleName>
      <Classes />
    </Module>
    <Module skippedDueTo="Filter" hash="C2-40-B6-30-DB-97-DE-B7-27-B7-18-01-B8-46-7D-E9-7C-16-AF-CB">
      <ModulePath>C:\Program Files\dotnet\shared\Microsoft.NETCore.App\2.0.3\System.Private.Xml.dll</ModulePath>
      <ModuleTime>2017-10-16T14:46:16Z</ModuleTime>
      <ModuleName>System.Private.Xml</ModuleName>
      <Classes />
    </Module>
    <Module skippedDueTo="Filter" hash="9D-07-C8-D6-0B-05-17-6A-61-85-51-96-75-7D-88-A1-E9-D7-21-85">
      <ModulePath>C:\Program Files\dotnet\shared\Microsoft.NETCore.App\2.0.3\System.Xml.ReaderWriter.dll</ModulePath>
      <ModuleTime>2017-10-16T14:46:18Z</ModuleTime>
      <ModuleName>System.Xml.ReaderWriter</ModuleName>
      <Classes />
    </Module>
    <Module skippedDueTo="Filter" hash="5D-01-4D-09-BA-45-B6-AF-7E-24-2A-E8-03-38-67-E9-9A-A6-B2-B0">
      <ModulePath>C:\Program Files\dotnet\shared\Microsoft.NETCore.App\2.0.3\System.Diagnostics.Tracing.dll</ModulePath>
      <ModuleTime>2017-10-16T14:46:16Z</ModuleTime>
      <ModuleName>System.Diagnostics.Tracing</ModuleName>
      <Classes />
    </Module>
    <Module skippedDueTo="Filter" hash="2E-50-46-DD-DD-8D-09-32-90-F2-A8-87-EA-7B-F1-EF-C7-53-73-77">
      <ModulePath>C:\Program Files\dotnet\shared\Microsoft.NETCore.App\2.0.3\System.Private.Uri.dll</ModulePath>
      <ModuleTime>2017-10-16T14:46:16Z</ModuleTime>
      <ModuleName>System.Private.Uri</ModuleName>
      <Classes />
    </Module>
    <Module skippedDueTo="Filter" hash="1A-3C-AB-AD-5B-EB-8F-99-D2-94-DE-D2-67-A7-EB-06-E4-71-D4-E6">
      <ModulePath>C:\Program Files\dotnet\shared\Microsoft.NETCore.App\2.0.3\System.Resources.ResourceManager.dll</ModulePath>
      <ModuleTime>2017-10-16T14:46:18Z</ModuleTime>
      <ModuleName>System.Resources.ResourceManager</ModuleName>
      <Classes />
    </Module>
    <Module skippedDueTo="Filter" hash="A9-C1-E6-5D-BE-0D-9B-CA-B0-37-75-CA-CC-B0-AC-25-CD-11-CD-F5">
      <ModulePath>C:\Program Files\dotnet\shared\Microsoft.NETCore.App\2.0.3\System.Threading.Tasks.dll</ModulePath>
      <ModuleTime>2017-10-16T14:46:18Z</ModuleTime>
      <ModuleName>System.Threading.Tasks</ModuleName>
      <Classes />
    </Module>
    <Module skippedDueTo="Filter" hash="5D-2F-9B-8B-B0-59-E7-E6-DA-C2-37-B1-DC-9B-EC-D8-3D-22-9A-A9">
      <ModulePath>C:\Program Files\dotnet\shared\Microsoft.NETCore.App\2.0.3\System.Globalization.dll</ModulePath>
      <ModuleTime>2017-10-16T14:46:16Z</ModuleTime>
      <ModuleName>System.Globalization</ModuleName>
      <Classes />
    </Module>
    <Module skippedDueTo="MissingPdb" hash="A7-46-90-72-9A-A5-92-6F-F6-EE-3F-45-3B-91-25-3F-59-06-7D-18">
      <ModulePath>C:\Program Files\dotnet\sdk\2.0.3\Microsoft.Build.Utilities.Core.dll</ModulePath>
      <ModuleTime>2017-11-09T13:07:24Z</ModuleTime>
      <ModuleName>Microsoft.Build.Utilities.Core</ModuleName>
      <Classes />
    </Module>
    <Module skippedDueTo="MissingPdb" hash="FD-04-C5-C2-86-D5-89-57-2D-48-FB-DA-DC-BA-9D-F9-6D-EE-91-8E">
      <ModulePath>C:\Program Files\dotnet\sdk\2.0.3\Microsoft.Build.Framework.dll</ModulePath>
      <ModuleTime>2017-11-09T13:07:24Z</ModuleTime>
      <ModuleName>Microsoft.Build.Framework</ModuleName>
      <Classes />
    </Module>
    <Module skippedDueTo="Filter" hash="FD-3D-B8-56-BE-FF-8C-95-37-B8-B2-18-4E-C9-D9-B0-8A-72-A0-32">
      <ModulePath>C:\Program Files\dotnet\shared\Microsoft.NETCore.App\2.0.3\System.ComponentModel.Primitives.dll</ModulePath>
      <ModuleTime>2017-10-16T14:46:16Z</ModuleTime>
      <ModuleName>System.ComponentModel.Primitives</ModuleName>
      <Classes />
    </Module>
    <Module skippedDueTo="MissingPdb" hash="25-8E-2B-C6-AE-B6-55-C8-92-2C-1D-A2-45-8B-CB-4B-2A-A0-87-B6">
      <ModulePath>C:\Program Files\dotnet\shared\Microsoft.NETCore.App\2.0.3\Microsoft.Win32.Primitives.dll</ModulePath>
      <ModuleTime>2017-10-16T14:46:16Z</ModuleTime>
      <ModuleName>Microsoft.Win32.Primitives</ModuleName>
      <Classes />
    </Module>
    <Module skippedDueTo="Filter" hash="EE-2C-65-96-1D-BC-3B-1D-02-24-A3-F2-DC-11-59-53-94-B7-64-32">
      <ModulePath>C:\Program Files\dotnet\shared\Microsoft.NETCore.App\2.0.3\System.Security.Cryptography.Algorithms.dll</ModulePath>
      <ModuleTime>2017-10-16T14:46:18Z</ModuleTime>
      <ModuleName>System.Security.Cryptography.Algorithms</ModuleName>
      <Classes />
    </Module>
    <Module skippedDueTo="Filter" hash="9B-CB-AC-22-FA-D1-14-69-F5-6D-AA-AC-D0-95-16-F9-5D-03-9B-8D">
      <ModulePath>C:\Program Files\dotnet\shared\Microsoft.NETCore.App\2.0.3\System.Security.Cryptography.Primitives.dll</ModulePath>
      <ModuleTime>2017-10-16T14:46:18Z</ModuleTime>
      <ModuleName>System.Security.Cryptography.Primitives</ModuleName>
      <Classes />
    </Module>
    <Module skippedDueTo="Filter" hash="6C-AD-56-10-07-D7-01-81-60-23-CD-11-ED-79-90-F1-2E-9A-7F-2F">
      <ModulePath>C:\Program Files\dotnet\shared\Microsoft.NETCore.App\2.0.3\System.Diagnostics.Tools.dll</ModulePath>
      <ModuleTime>2017-10-16T14:46:16Z</ModuleTime>
      <ModuleName>System.Diagnostics.Tools</ModuleName>
      <Classes />
    </Module>
    <Module skippedDueTo="Filter" hash="2A-F1-B9-D4-54-E3-AD-5C-AC-54-8C-44-5E-F6-E9-3D-FD-02-BB-82">
      <ModulePath>C:\Program Files\dotnet\shared\Microsoft.NETCore.App\2.0.3\System.Diagnostics.Debug.dll</ModulePath>
      <ModuleTime>2017-10-16T14:46:16Z</ModuleTime>
      <ModuleName>System.Diagnostics.Debug</ModuleName>
      <Classes />
    </Module>
    <Module skippedDueTo="Filter" hash="ED-58-2C-E5-C4-17-AB-28-AB-7B-0B-04-89-0F-56-96-43-9E-5A-10">
      <ModulePath>C:\Program Files\dotnet\shared\Microsoft.NETCore.App\2.0.3\System.IO.Compression.dll</ModulePath>
      <ModuleTime>2017-10-16T14:46:16Z</ModuleTime>
      <ModuleName>System.IO.Compression</ModuleName>
      <Classes />
    </Module>
    <Module skippedDueTo="Filter" hash="5C-C5-89-48-1F-D6-D3-10-81-06-67-F9-6A-F5-E8-36-29-9A-F4-AA">
      <ModulePath>C:\Program Files\dotnet\shared\Microsoft.NETCore.App\2.0.3\System.Buffers.dll</ModulePath>
      <ModuleTime>2017-10-16T14:46:16Z</ModuleTime>
      <ModuleName>System.Buffers</ModuleName>
      <Classes />
    </Module>
    <Module skippedDueTo="Filter" hash="5F-CA-90-3E-6B-73-7B-98-4E-AD-23-48-50-E4-2B-BF-35-66-56-F4">
      <ModulePath>C:\Program Files\dotnet\shared\Microsoft.NETCore.App\2.0.3\System.Net.Http.dll</ModulePath>
      <ModuleTime>2017-10-16T14:46:16Z</ModuleTime>
      <ModuleName>System.Net.Http</ModuleName>
      <Classes />
    </Module>
    <Module skippedDueTo="Filter" hash="0C-F8-15-91-19-61-8A-CA-8A-E2-FF-A7-B1-2C-92-A0-55-F6-F3-28">
      <ModulePath>C:\Program Files\dotnet\shared\Microsoft.NETCore.App\2.0.3\System.Net.Primitives.dll</ModulePath>
      <ModuleTime>2017-10-16T14:46:16Z</ModuleTime>
      <ModuleName>System.Net.Primitives</ModuleName>
      <Classes />
    </Module>
    <Module skippedDueTo="Filter" hash="D7-EF-CB-80-BE-BE-58-19-63-92-D7-C8-C8-8A-0E-32-F4-00-A0-7C">
      <ModulePath>C:\Program Files\dotnet\shared\Microsoft.NETCore.App\2.0.3\System.Diagnostics.DiagnosticSource.dll</ModulePath>
      <ModuleTime>2017-10-16T14:46:16Z</ModuleTime>
      <ModuleName>System.Diagnostics.DiagnosticSource</ModuleName>
      <Classes />
    </Module>
    <Module skippedDueTo="Filter" hash="2C-A8-DF-60-4E-75-70-96-86-C0-80-C7-D5-CE-5B-50-AD-66-F3-09">
      <ModulePath>C:\Program Files\dotnet\shared\Microsoft.NETCore.App\2.0.3\System.Security.Cryptography.X509Certificates.dll</ModulePath>
      <ModuleTime>2017-10-16T14:46:18Z</ModuleTime>
      <ModuleName>System.Security.Cryptography.X509Certificates</ModuleName>
      <Classes />
    </Module>
    <Module skippedDueTo="Filter" hash="0D-72-F1-66-71-E3-5E-C9-F7-8A-3A-41-5D-FC-F8-22-38-CF-38-6F">
      <ModulePath>C:\Program Files\dotnet\shared\Microsoft.NETCore.App\2.0.3\System.Collections.NonGeneric.dll</ModulePath>
      <ModuleTime>2017-10-16T14:46:16Z</ModuleTime>
      <ModuleName>System.Collections.NonGeneric</ModuleName>
      <Classes />
    </Module>
    <Module skippedDueTo="Filter" hash="26-C3-90-24-75-23-5D-CC-CA-46-C0-92-7E-96-43-B5-40-00-83-7F">
      <ModulePath>C:\Program Files\dotnet\shared\Microsoft.NETCore.App\2.0.3\System.Private.CoreLib.dll</ModulePath>
      <ModuleTime>2017-10-16T14:46:18Z</ModuleTime>
      <ModuleName>System.Private.CoreLib</ModuleName>
      <Classes />
    </Module>
    <Module skippedDueTo="MissingPdb" hash="CB-AC-EF-BE-0E-9B-C2-F7-5D-99-B8-56-07-12-20-BE-FC-71-9E-06">
      <ModulePath>C:\Program Files\dotnet\sdk\2.0.3\MSBuild.dll</ModulePath>
      <ModuleTime>2017-11-09T13:07:34Z</ModuleTime>
      <ModuleName>MSBuild</ModuleName>
      <Classes />
    </Module>
    <Module skippedDueTo="Filter" hash="4A-8F-65-8B-4A-A5-3E-B7-E2-BC-F3-23-33-A9-CF-46-B0-0B-BF-A3">
      <ModulePath>C:\Program Files\dotnet\shared\Microsoft.NETCore.App\2.0.3\System.Runtime.dll</ModulePath>
      <ModuleTime>2017-10-16T14:46:18Z</ModuleTime>
      <ModuleName>System.Runtime</ModuleName>
      <Classes />
    </Module>
    <Module skippedDueTo="Filter" hash="B0-E0-8C-99-09-3A-DF-23-09-C5-7C-2A-C5-40-C1-4C-99-18-B6-33">
      <ModulePath>C:\Program Files\dotnet\shared\Microsoft.NETCore.App\2.0.3\System.Runtime.Extensions.dll</ModulePath>
      <ModuleTime>2017-10-16T14:46:18Z</ModuleTime>
      <ModuleName>System.Runtime.Extensions</ModuleName>
      <Classes />
    </Module>
    <Module skippedDueTo="Filter" hash="39-B5-92-E1-80-6D-9D-DF-41-24-82-B8-32-CF-22-FF-84-A0-37-EA">
      <ModulePath>C:\Program Files\dotnet\shared\Microsoft.NETCore.App\2.0.3\System.Threading.dll</ModulePath>
      <ModuleTime>2017-10-16T14:46:18Z</ModuleTime>
      <ModuleName>System.Threading</ModuleName>
      <Classes />
    </Module>
    <Module skippedDueTo="Filter" hash="06-69-E2-02-F1-E2-73-39-9D-83-2C-D7-5C-C4-F7-91-7A-C4-8E-E7">
      <ModulePath>C:\Program Files\dotnet\shared\Microsoft.NETCore.App\2.0.3\System.Reflection.dll</ModulePath>
      <ModuleTime>2017-10-16T14:46:18Z</ModuleTime>
      <ModuleName>System.Reflection</ModuleName>
      <Classes />
    </Module>
    <Module skippedDueTo="Filter" hash="B2-31-DB-B0-4B-C6-D9-64-A2-60-4E-C2-40-62-DA-AF-FE-6B-90-D8">
      <ModulePath>C:\Program Files\dotnet\shared\Microsoft.NETCore.App\2.0.3\System.Reflection.TypeExtensions.dll</ModulePath>
      <ModuleTime>2017-10-16T14:46:18Z</ModuleTime>
      <ModuleName>System.Reflection.TypeExtensions</ModuleName>
      <Classes />
    </Module>
    <Module skippedDueTo="Filter" hash="61-16-5D-79-9B-CE-CF-63-33-69-FE-2B-CD-E5-CB-B7-E8-3D-D9-7E">
      <ModulePath>C:\Program Files\dotnet\shared\Microsoft.NETCore.App\2.0.3\System.IO.FileSystem.dll</ModulePath>
      <ModuleTime>2017-10-16T14:46:16Z</ModuleTime>
      <ModuleName>System.IO.FileSystem</ModuleName>
      <Classes />
    </Module>
    <Module skippedDueTo="Filter" hash="97-86-71-18-67-36-CF-86-B1-74-E9-8E-5D-82-BA-42-6A-42-6E-36">
      <ModulePath>C:\Program Files\dotnet\shared\Microsoft.NETCore.App\2.0.3\System.Runtime.InteropServices.dll</ModulePath>
      <ModuleTime>2017-10-16T14:46:18Z</ModuleTime>
      <ModuleName>System.Runtime.InteropServices</ModuleName>
      <Classes />
    </Module>
    <Module skippedDueTo="Filter" hash="F0-C5-F4-B7-29-88-AF-63-18-BB-5C-41-65-79-71-04-31-31-FD-EC">
      <ModulePath>C:\Program Files\dotnet\shared\Microsoft.NETCore.App\2.0.3\System.Diagnostics.Process.dll</ModulePath>
      <ModuleTime>2017-10-16T14:46:16Z</ModuleTime>
      <ModuleName>System.Diagnostics.Process</ModuleName>
      <Classes />
    </Module>
    <Module skippedDueTo="Filter" hash="FD-3D-B8-56-BE-FF-8C-95-37-B8-B2-18-4E-C9-D9-B0-8A-72-A0-32">
      <ModulePath>C:\Program Files\dotnet\shared\Microsoft.NETCore.App\2.0.3\System.ComponentModel.Primitives.dll</ModulePath>
      <ModuleTime>2017-10-16T14:46:16Z</ModuleTime>
      <ModuleName>System.ComponentModel.Primitives</ModuleName>
      <Classes />
    </Module>
    <Module skippedDueTo="Filter" hash="0D-72-F1-66-71-E3-5E-C9-F7-8A-3A-41-5D-FC-F8-22-38-CF-38-6F">
      <ModulePath>C:\Program Files\dotnet\shared\Microsoft.NETCore.App\2.0.3\System.Collections.NonGeneric.dll</ModulePath>
      <ModuleTime>2017-10-16T14:46:16Z</ModuleTime>
      <ModuleName>System.Collections.NonGeneric</ModuleName>
      <Classes />
    </Module>
    <Module skippedDueTo="MissingPdb" hash="25-8E-2B-C6-AE-B6-55-C8-92-2C-1D-A2-45-8B-CB-4B-2A-A0-87-B6">
      <ModulePath>C:\Program Files\dotnet\shared\Microsoft.NETCore.App\2.0.3\Microsoft.Win32.Primitives.dll</ModulePath>
      <ModuleTime>2017-10-16T14:46:16Z</ModuleTime>
      <ModuleName>Microsoft.Win32.Primitives</ModuleName>
      <Classes />
    </Module>
    <Module skippedDueTo="Filter" hash="D8-BA-CC-F3-E7-0B-5A-27-2D-1D-56-B9-69-72-F8-53-17-F5-B4-56">
      <ModulePath>C:\Program Files\dotnet\shared\Microsoft.NETCore.App\2.0.3\System.Threading.Thread.dll</ModulePath>
      <ModuleTime>2017-10-16T14:46:18Z</ModuleTime>
      <ModuleName>System.Threading.Thread</ModuleName>
      <Classes />
    </Module>
    <Module skippedDueTo="Filter" hash="F9-BC-F3-11-43-C6-74-18-CA-4B-3B-83-CB-24-63-46-87-13-A9-7A">
      <ModulePath>C:\Program Files\dotnet\shared\Microsoft.NETCore.App\2.0.3\System.Linq.dll</ModulePath>
      <ModuleTime>2017-10-16T14:46:16Z</ModuleTime>
      <ModuleName>System.Linq</ModuleName>
      <Classes />
    </Module>
    <Module skippedDueTo="Filter" hash="7C-76-6F-C3-0D-50-D1-7E-68-CD-EC-AE-3B-9F-D6-6C-23-12-A1-89">
      <ModulePath>C:\Program Files\dotnet\shared\Microsoft.NETCore.App\2.0.3\System.Console.dll</ModulePath>
      <ModuleTime>2017-10-16T14:46:16Z</ModuleTime>
      <ModuleName>System.Console</ModuleName>
      <Classes />
    </Module>
    <Module skippedDueTo="Filter" hash="B3-9E-DB-77-A7-DF-96-93-4B-6A-40-0C-83-30-CF-C0-5B-4C-CD-76">
      <ModulePath>C:\Program Files\dotnet\shared\Microsoft.NETCore.App\2.0.3\System.Collections.dll</ModulePath>
      <ModuleTime>2017-10-16T14:46:16Z</ModuleTime>
      <ModuleName>System.Collections</ModuleName>
      <Classes />
    </Module>
    <Module skippedDueTo="MissingPdb" hash="FD-04-C5-C2-86-D5-89-57-2D-48-FB-DA-DC-BA-9D-F9-6D-EE-91-8E">
      <ModulePath>C:\Program Files\dotnet\sdk\2.0.3\Microsoft.Build.Framework.dll</ModulePath>
      <ModuleTime>2017-11-09T13:07:24Z</ModuleTime>
      <ModuleName>Microsoft.Build.Framework</ModuleName>
      <Classes />
    </Module>
    <Module skippedDueTo="Filter" hash="48-96-9B-02-C4-37-FE-4C-70-4F-56-63-42-2C-CF-2D-A8-B8-44-4A">
      <ModulePath>C:\Program Files\dotnet\shared\Microsoft.NETCore.App\2.0.3\System.IO.dll</ModulePath>
      <ModuleTime>2017-10-16T14:46:16Z</ModuleTime>
      <ModuleName>System.IO</ModuleName>
      <Classes />
    </Module>
    <Module skippedDueTo="MissingPdb" hash="47-99-0C-8B-1D-06-3B-3E-A0-B0-03-CC-10-53-44-21-F6-C9-FF-56">
      <ModulePath>C:\Program Files\dotnet\sdk\2.0.3\Microsoft.Build.dll</ModulePath>
      <ModuleTime>2017-11-09T13:07:24Z</ModuleTime>
      <ModuleName>Microsoft.Build</ModuleName>
      <Classes />
    </Module>
    <Module skippedDueTo="Filter" hash="FF-F0-05-CA-2B-A0-22-55-5E-31-D7-DA-F4-DD-82-EA-3D-2D-B1-4F">
      <ModulePath>C:\Program Files\dotnet\sdk\2.0.3\runtimes\win\lib\netstandard1.3\System.Text.Encoding.CodePages.dll</ModulePath>
      <ModuleTime>2017-11-09T13:04:22Z</ModuleTime>
      <ModuleName>System.Text.Encoding.CodePages</ModuleName>
      <Classes />
    </Module>
    <Module skippedDueTo="Filter" hash="18-67-F2-BC-DA-07-0D-B9-58-29-53-BF-F1-4C-7C-82-01-76-9D-95">
      <ModulePath>C:\Program Files\dotnet\shared\Microsoft.NETCore.App\2.0.3\System.Text.Encoding.dll</ModulePath>
      <ModuleTime>2017-10-16T14:46:18Z</ModuleTime>
      <ModuleName>System.Text.Encoding</ModuleName>
      <Classes />
    </Module>
    <Module skippedDueTo="Filter" hash="7B-E5-46-CC-B4-85-A0-09-28-75-27-3D-02-A4-18-07-C2-B4-71-9B">
      <ModulePath>C:\Program Files\dotnet\shared\Microsoft.NETCore.App\2.0.3\System.Runtime.InteropServices.RuntimeInformation.dll</ModulePath>
      <ModuleTime>2017-10-16T14:46:18Z</ModuleTime>
      <ModuleName>System.Runtime.InteropServices.RuntimeInformation</ModuleName>
      <Classes />
    </Module>
    <Module skippedDueTo="Filter" hash="5D-2F-9B-8B-B0-59-E7-E6-DA-C2-37-B1-DC-9B-EC-D8-3D-22-9A-A9">
      <ModulePath>C:\Program Files\dotnet\shared\Microsoft.NETCore.App\2.0.3\System.Globalization.dll</ModulePath>
      <ModuleTime>2017-10-16T14:46:16Z</ModuleTime>
      <ModuleName>System.Globalization</ModuleName>
      <Classes />
    </Module>
    <Module skippedDueTo="Filter" hash="DD-1C-65-2C-49-24-BD-EC-76-E6-9D-35-56-A5-D8-6E-56-5C-28-1E">
      <ModulePath>C:\Program Files\dotnet\shared\Microsoft.NETCore.App\2.0.3\System.Collections.Concurrent.dll</ModulePath>
      <ModuleTime>2017-10-16T14:46:16Z</ModuleTime>
      <ModuleName>System.Collections.Concurrent</ModuleName>
      <Classes />
    </Module>
    <Module skippedDueTo="MissingPdb" hash="DE-36-F2-86-1A-D0-77-4B-85-D1-1F-A4-E0-79-63-F4-17-E1-BE-2A">
      <ModulePath>C:\Program Files\dotnet\sdk\2.0.3\dotnet.dll</ModulePath>
      <ModuleTime>2017-11-09T12:58:02Z</ModuleTime>
      <ModuleName>dotnet</ModuleName>
      <Classes />
    </Module>
    <Module skippedDueTo="MissingPdb" hash="A7-46-90-72-9A-A5-92-6F-F6-EE-3F-45-3B-91-25-3F-59-06-7D-18">
      <ModulePath>C:\Program Files\dotnet\sdk\2.0.3\Microsoft.Build.Utilities.Core.dll</ModulePath>
      <ModuleTime>2017-11-09T13:07:24Z</ModuleTime>
      <ModuleName>Microsoft.Build.Utilities.Core</ModuleName>
      <Classes />
    </Module>
    <Module skippedDueTo="MissingPdb" hash="13-D5-1B-8C-D3-CB-7F-C2-84-A5-30-23-9D-F9-AE-76-87-6D-3A-CD">
      <ModulePath>C:\Program Files\dotnet\sdk\2.0.3\Microsoft.DotNet.Tools.MigrateCommand.dll</ModulePath>
      <ModuleTime>2017-11-09T13:07:24Z</ModuleTime>
      <ModuleName>Microsoft.DotNet.Tools.MigrateCommand</ModuleName>
      <Classes />
    </Module>
    <Module skippedDueTo="MissingPdb" hash="82-65-B6-5C-1B-D0-FC-EA-19-29-71-F0-C4-F1-03-29-AE-DD-B3-3D">
      <ModulePath>C:\Program Files\dotnet\sdk\2.0.3\Microsoft.DotNet.Cli.Utils.dll</ModulePath>
      <ModuleTime>2017-11-09T13:07:24Z</ModuleTime>
      <ModuleName>Microsoft.DotNet.Cli.Utils</ModuleName>
      <Classes />
    </Module>
    <Module skippedDueTo="MissingPdb" hash="73-BB-0C-DD-7A-26-1D-62-FE-5A-6C-AA-11-D9-EA-01-0F-93-32-8B">
      <ModulePath>C:\Program Files\dotnet\sdk\2.0.3\NuGet.Frameworks.dll</ModulePath>
      <ModuleTime>2017-11-09T13:07:34Z</ModuleTime>
      <ModuleName>NuGet.Frameworks</ModuleName>
      <Classes />
    </Module>
    <Module skippedDueTo="Filter" hash="10-38-FB-36-C4-F2-6A-DC-7B-C4-A0-C7-6F-38-06-06-5B-09-9D-9A">
      <ModulePath>C:\Program Files\dotnet\shared\Microsoft.NETCore.App\2.0.3\System.Reflection.Extensions.dll</ModulePath>
      <ModuleTime>2017-10-16T14:46:18Z</ModuleTime>
      <ModuleName>System.Reflection.Extensions</ModuleName>
      <Classes />
    </Module>
    <Module skippedDueTo="MissingPdb" hash="C3-36-8A-EE-61-24-DD-11-BF-9C-74-42-99-8E-E0-47-E1-2D-C6-BF">
      <ModulePath>C:\Program Files\dotnet\sdk\2.0.3\Microsoft.DotNet.Configurer.dll</ModulePath>
      <ModuleTime>2017-11-09T13:07:24Z</ModuleTime>
      <ModuleName>Microsoft.DotNet.Configurer</ModuleName>
      <Classes />
    </Module>
    <Module skippedDueTo="MissingPdb" hash="15-A4-0E-EF-21-F0-D3-76-66-7F-6D-0B-EE-02-00-7F-53-79-B4-D1">
      <ModulePath>C:\Program Files\dotnet\sdk\2.0.3\Microsoft.DotNet.InternalAbstractions.dll</ModulePath>
      <ModuleTime>2017-11-09T13:07:24Z</ModuleTime>
      <ModuleName>Microsoft.DotNet.InternalAbstractions</ModuleName>
      <Classes />
    </Module>
    <Module skippedDueTo="Filter" hash="2E-E1-2D-F8-B6-D8-46-43-AB-93-25-F6-E0-DA-F4-2E-CC-D5-44-36">
      <ModulePath>C:\Program Files\dotnet\shared\Microsoft.NETCore.App\2.0.3\System.IO.FileSystem.Primitives.dll</ModulePath>
      <ModuleTime>2017-10-16T14:46:16Z</ModuleTime>
      <ModuleName>System.IO.FileSystem.Primitives</ModuleName>
      <Classes />
    </Module>
    <Module skippedDueTo="MissingPdb" hash="3F-B1-0A-CE-41-AD-17-AC-B3-EB-A5-B5-41-A8-0D-7E-96-47-90-BF">
      <ModulePath>C:\Program Files\dotnet\sdk\2.0.3\Microsoft.ApplicationInsights.dll</ModulePath>
      <ModuleTime>2017-11-09T13:07:24Z</ModuleTime>
      <ModuleName>Microsoft.ApplicationInsights</ModuleName>
      <Classes />
    </Module>
    <Module skippedDueTo="Filter" hash="84-66-57-4C-D4-02-18-1A-72-BA-90-0A-4E-05-17-ED-A2-C4-F9-84">
      <ModulePath>C:\Program Files\dotnet\shared\Microsoft.NETCore.App\2.0.3\System.Text.Encoding.Extensions.dll</ModulePath>
      <ModuleTime>2017-10-16T14:46:18Z</ModuleTime>
      <ModuleName>System.Text.Encoding.Extensions</ModuleName>
      <Classes />
    </Module>
    <Module skippedDueTo="MissingPdb" hash="A3-F8-80-99-71-86-B1-B2-CA-24-F2-AA-FE-64-4B-0C-A8-1B-B4-D9">
      <ModulePath>C:\Program Files\dotnet\sdk\2.0.3\Microsoft.DotNet.PlatformAbstractions.dll</ModulePath>
      <ModuleTime>2017-11-09T13:07:24Z</ModuleTime>
      <ModuleName>Microsoft.DotNet.PlatformAbstractions</ModuleName>
      <Classes />
    </Module>
    <Module skippedDueTo="Filter" hash="7A-15-82-83-09-E7-DF-16-F8-2C-E1-38-3F-33-71-6B-25-77-A2-DF">
      <ModulePath>C:\Program Files\dotnet\shared\Microsoft.NETCore.App\2.0.3\System.Xml.XDocument.dll</ModulePath>
      <ModuleTime>2017-10-16T14:46:18Z</ModuleTime>
      <ModuleName>System.Xml.XDocument</ModuleName>
      <Classes />
    </Module>
    <Module skippedDueTo="Filter" hash="F5-DB-C9-51-1E-54-56-C2-42-AC-52-14-07-B5-99-6E-4F-44-80-15">
      <ModulePath>C:\Program Files\dotnet\shared\Microsoft.NETCore.App\2.0.3\System.Private.Xml.Linq.dll</ModulePath>
      <ModuleTime>2017-10-16T14:46:16Z</ModuleTime>
      <ModuleName>System.Private.Xml.Linq</ModuleName>
      <Classes />
    </Module>
    <Module skippedDueTo="Filter" hash="6C-7A-E0-70-AC-7C-1F-EB-33-93-6D-55-5A-BA-C2-0D-E0-06-5D-95">
      <ModulePath>C:\Program Files\dotnet\shared\Microsoft.NETCore.App\2.0.3\System.Runtime.Handles.dll</ModulePath>
      <ModuleTime>2017-10-16T14:46:18Z</ModuleTime>
      <ModuleName>System.Runtime.Handles</ModuleName>
      <Classes />
    </Module>
    <Module skippedDueTo="Filter" hash="C2-40-B6-30-DB-97-DE-B7-27-B7-18-01-B8-46-7D-E9-7C-16-AF-CB">
      <ModulePath>C:\Program Files\dotnet\shared\Microsoft.NETCore.App\2.0.3\System.Private.Xml.dll</ModulePath>
      <ModuleTime>2017-10-16T14:46:16Z</ModuleTime>
      <ModuleName>System.Private.Xml</ModuleName>
      <Classes />
    </Module>
    <Module skippedDueTo="Filter" hash="9D-07-C8-D6-0B-05-17-6A-61-85-51-96-75-7D-88-A1-E9-D7-21-85">
      <ModulePath>C:\Program Files\dotnet\shared\Microsoft.NETCore.App\2.0.3\System.Xml.ReaderWriter.dll</ModulePath>
      <ModuleTime>2017-10-16T14:46:18Z</ModuleTime>
      <ModuleName>System.Xml.ReaderWriter</ModuleName>
      <Classes />
    </Module>
    <Module skippedDueTo="Filter" hash="5D-01-4D-09-BA-45-B6-AF-7E-24-2A-E8-03-38-67-E9-9A-A6-B2-B0">
      <ModulePath>C:\Program Files\dotnet\shared\Microsoft.NETCore.App\2.0.3\System.Diagnostics.Tracing.dll</ModulePath>
      <ModuleTime>2017-10-16T14:46:16Z</ModuleTime>
      <ModuleName>System.Diagnostics.Tracing</ModuleName>
      <Classes />
    </Module>
    <Module skippedDueTo="Filter" hash="2E-50-46-DD-DD-8D-09-32-90-F2-A8-87-EA-7B-F1-EF-C7-53-73-77">
      <ModulePath>C:\Program Files\dotnet\shared\Microsoft.NETCore.App\2.0.3\System.Private.Uri.dll</ModulePath>
      <ModuleTime>2017-10-16T14:46:16Z</ModuleTime>
      <ModuleName>System.Private.Uri</ModuleName>
      <Classes />
    </Module>
    <Module skippedDueTo="Filter" hash="A9-C1-E6-5D-BE-0D-9B-CA-B0-37-75-CA-CC-B0-AC-25-CD-11-CD-F5">
      <ModulePath>C:\Program Files\dotnet\shared\Microsoft.NETCore.App\2.0.3\System.Threading.Tasks.dll</ModulePath>
      <ModuleTime>2017-10-16T14:46:18Z</ModuleTime>
      <ModuleName>System.Threading.Tasks</ModuleName>
      <Classes />
    </Module>
    <Module skippedDueTo="Filter" hash="3A-FE-BB-8E-8F-AE-CF-5B-8C-11-5F-08-1A-07-7E-7E-1D-A0-A7-4E">
      <ModulePath>C:\Program Files\dotnet\shared\Microsoft.NETCore.App\2.0.3\System.Text.RegularExpressions.dll</ModulePath>
      <ModuleTime>2017-10-16T14:46:18Z</ModuleTime>
      <ModuleName>System.Text.RegularExpressions</ModuleName>
      <Classes />
    </Module>
    <Module skippedDueTo="Filter" hash="59-D8-16-A6-2F-B5-D9-1D-0D-CA-82-53-5A-88-32-3F-21-5F-BF-8A">
      <ModulePath>C:\Program Files\dotnet\shared\Microsoft.NETCore.App\2.0.3\System.Threading.Tasks.Dataflow.dll</ModulePath>
      <ModuleTime>2017-10-16T14:46:18Z</ModuleTime>
      <ModuleName>System.Threading.Tasks.Dataflow</ModuleName>
      <Classes />
    </Module>
    <Module skippedDueTo="MissingPdb" hash="97-09-67-7F-34-EF-B4-A9-88-93-59-A7-2A-A5-90-43-75-38-0E-DC">
      <ModulePath>C:\Program Files\dotnet\shared\Microsoft.NETCore.App\2.0.3\netstandard.dll</ModulePath>
      <ModuleTime>2017-10-16T14:46:18Z</ModuleTime>
      <ModuleName>netstandard</ModuleName>
      <Classes />
    </Module>
    <Module skippedDueTo="Filter" hash="1A-3C-AB-AD-5B-EB-8F-99-D2-94-DE-D2-67-A7-EB-06-E4-71-D4-E6">
      <ModulePath>C:\Program Files\dotnet\shared\Microsoft.NETCore.App\2.0.3\System.Resources.ResourceManager.dll</ModulePath>
      <ModuleTime>2017-10-16T14:46:18Z</ModuleTime>
      <ModuleName>System.Resources.ResourceManager</ModuleName>
      <Classes />
    </Module>
    <Module skippedDueTo="MissingPdb" hash="93-F4-48-2B-91-5F-86-4F-E5-7B-BF-A1-E0-99-01-37-F2-48-4B-B3">
      <ModulePath>C:\Program Files\dotnet\sdk\2.0.3\cs\Microsoft.Build.resources.dll</ModulePath>
      <ModuleTime>2017-11-09T13:04:22Z</ModuleTime>
      <ModuleName>Microsoft.Build.resources</ModuleName>
      <Classes />
    </Module>
    <Module skippedDueTo="Filter" hash="EE-2C-65-96-1D-BC-3B-1D-02-24-A3-F2-DC-11-59-53-94-B7-64-32">
      <ModulePath>C:\Program Files\dotnet\shared\Microsoft.NETCore.App\2.0.3\System.Security.Cryptography.Algorithms.dll</ModulePath>
      <ModuleTime>2017-10-16T14:46:18Z</ModuleTime>
      <ModuleName>System.Security.Cryptography.Algorithms</ModuleName>
      <Classes />
    </Module>
    <Module skippedDueTo="Filter" hash="9B-CB-AC-22-FA-D1-14-69-F5-6D-AA-AC-D0-95-16-F9-5D-03-9B-8D">
      <ModulePath>C:\Program Files\dotnet\shared\Microsoft.NETCore.App\2.0.3\System.Security.Cryptography.Primitives.dll</ModulePath>
      <ModuleTime>2017-10-16T14:46:18Z</ModuleTime>
      <ModuleName>System.Security.Cryptography.Primitives</ModuleName>
      <Classes />
    </Module>
    <Module skippedDueTo="Filter" hash="5E-9E-6B-6A-B8-B0-48-B4-8D-F0-A9-D1-9E-13-8A-39-B6-4D-3C-76">
      <ModulePath>C:\Program Files\dotnet\shared\Microsoft.NETCore.App\2.0.3\System.ObjectModel.dll</ModulePath>
      <ModuleTime>2017-10-16T14:46:16Z</ModuleTime>
      <ModuleName>System.ObjectModel</ModuleName>
      <Classes />
    </Module>
    <Module skippedDueTo="Filter" hash="0C-F8-15-91-19-61-8A-CA-8A-E2-FF-A7-B1-2C-92-A0-55-F6-F3-28">
      <ModulePath>C:\Program Files\dotnet\shared\Microsoft.NETCore.App\2.0.3\System.Net.Primitives.dll</ModulePath>
      <ModuleTime>2017-10-16T14:46:16Z</ModuleTime>
      <ModuleName>System.Net.Primitives</ModuleName>
      <Classes />
    </Module>
    <Module skippedDueTo="Filter" hash="63-F4-8F-F8-44-8F-AF-43-A9-95-EF-F3-C4-2E-E7-06-89-49-9F-16">
      <ModulePath>C:\Program Files\dotnet\shared\Microsoft.NETCore.App\2.0.3\System.Xml.XmlDocument.dll</ModulePath>
      <ModuleTime>2017-10-16T14:46:18Z</ModuleTime>
      <ModuleName>System.Xml.XmlDocument</ModuleName>
      <Classes />
    </Module>
    <Module skippedDueTo="Filter" hash="42-26-8F-5E-FA-7A-1E-24-91-00-A7-33-78-A7-11-3A-AD-93-90-4C">
      <ModulePath>C:\Program Files\dotnet\shared\Microsoft.NETCore.App\2.0.3\System.Diagnostics.TraceSource.dll</ModulePath>
      <ModuleTime>2017-10-16T14:46:16Z</ModuleTime>
      <ModuleName>System.Diagnostics.TraceSource</ModuleName>
      <Classes />
    </Module>
    <Module skippedDueTo="Filter" hash="B6-DD-CA-B3-F6-48-A4-04-2B-DE-04-61-65-1A-1D-50-19-BE-9A-26">
      <ModulePath>C:\Program Files\dotnet\shared\Microsoft.NETCore.App\2.0.3\System.Diagnostics.FileVersionInfo.dll</ModulePath>
      <ModuleTime>2017-10-16T14:46:16Z</ModuleTime>
      <ModuleName>System.Diagnostics.FileVersionInfo</ModuleName>
      <Classes />
    </Module>
    <Module skippedDueTo="Filter" hash="F6-5D-D4-7B-51-D4-71-03-BC-E5-7D-E8-17-55-E4-E5-9A-00-7D-23">
      <ModulePath>C:\Program Files\dotnet\shared\Microsoft.NETCore.App\2.0.3\System.Reflection.Primitives.dll</ModulePath>
      <ModuleTime>2017-10-16T14:46:18Z</ModuleTime>
      <ModuleName>System.Reflection.Primitives</ModuleName>
      <Classes />
    </Module>
    <Module skippedDueTo="Filter" hash="C7-E8-01-39-70-B7-4F-4D-43-70-1B-D9-86-6F-63-40-10-FC-62-8D">
      <ModulePath>C:\Program Files\dotnet\shared\Microsoft.NETCore.App\2.0.3\System.ComponentModel.dll</ModulePath>
      <ModuleTime>2017-10-16T14:46:16Z</ModuleTime>
      <ModuleName>System.ComponentModel</ModuleName>
      <Classes />
    </Module>
    <Module skippedDueTo="Filter" hash="36-E8-12-90-6F-79-37-F9-16-97-E8-04-51-88-75-77-34-C7-36-7D">
      <ModulePath>C:\Program Files\dotnet\shared\Microsoft.NETCore.App\2.0.3\System.Collections.Immutable.dll</ModulePath>
      <ModuleTime>2017-10-16T14:46:16Z</ModuleTime>
      <ModuleName>System.Collections.Immutable</ModuleName>
      <Classes />
    </Module>
    <Module skippedDueTo="MissingPdb" hash="22-E4-57-16-F5-4E-0B-2F-E3-0E-DD-9D-07-3A-08-97-BC-46-49-11">
      <ModulePath>C:\Program Files\dotnet\sdk\2.0.3\Microsoft.Build.Tasks.Core.dll</ModulePath>
      <ModuleTime>2017-11-09T13:07:24Z</ModuleTime>
      <ModuleName>Microsoft.Build.Tasks.Core</ModuleName>
      <Classes />
    </Module>
    <Module skippedDueTo="Filter" hash="A6-96-8D-21-F0-C9-16-49-EC-6E-8C-AB-07-92-58-E6-E5-9A-CB-79">
      <ModulePath>C:\Program Files\dotnet\shared\Microsoft.NETCore.App\2.0.3\System.Threading.ThreadPool.dll</ModulePath>
      <ModuleTime>2017-10-16T14:46:18Z</ModuleTime>
      <ModuleName>System.Threading.ThreadPool</ModuleName>
      <Classes />
    </Module>
    <Module skippedDueTo="Filter" hash="26-C3-90-24-75-23-5D-CC-CA-46-C0-92-7E-96-43-B5-40-00-83-7F">
      <ModulePath>C:\Program Files\dotnet\shared\Microsoft.NETCore.App\2.0.3\System.Private.CoreLib.dll</ModulePath>
      <ModuleTime>2017-10-16T14:46:18Z</ModuleTime>
      <ModuleName>System.Private.CoreLib</ModuleName>
      <Classes />
    </Module>
    <Module skippedDueTo="MissingPdb" hash="DE-36-F2-86-1A-D0-77-4B-85-D1-1F-A4-E0-79-63-F4-17-E1-BE-2A">
      <ModulePath>C:\Program Files\dotnet\sdk\2.0.3\dotnet.dll</ModulePath>
      <ModuleTime>2017-11-09T12:58:02Z</ModuleTime>
      <ModuleName>dotnet</ModuleName>
      <Classes />
    </Module>
    <Module skippedDueTo="Filter" hash="4A-8F-65-8B-4A-A5-3E-B7-E2-BC-F3-23-33-A9-CF-46-B0-0B-BF-A3">
      <ModulePath>C:\Program Files\dotnet\shared\Microsoft.NETCore.App\2.0.3\System.Runtime.dll</ModulePath>
      <ModuleTime>2017-10-16T14:46:18Z</ModuleTime>
      <ModuleName>System.Runtime</ModuleName>
      <Classes />
    </Module>
    <Module skippedDueTo="MissingPdb" hash="82-65-B6-5C-1B-D0-FC-EA-19-29-71-F0-C4-F1-03-29-AE-DD-B3-3D">
      <ModulePath>C:\Program Files\dotnet\sdk\2.0.3\Microsoft.DotNet.Cli.Utils.dll</ModulePath>
      <ModuleTime>2017-11-09T13:07:24Z</ModuleTime>
      <ModuleName>Microsoft.DotNet.Cli.Utils</ModuleName>
      <Classes />
    </Module>
    <Module skippedDueTo="Filter" hash="B0-E0-8C-99-09-3A-DF-23-09-C5-7C-2A-C5-40-C1-4C-99-18-B6-33">
      <ModulePath>C:\Program Files\dotnet\shared\Microsoft.NETCore.App\2.0.3\System.Runtime.Extensions.dll</ModulePath>
      <ModuleTime>2017-10-16T14:46:18Z</ModuleTime>
      <ModuleName>System.Runtime.Extensions</ModuleName>
      <Classes />
    </Module>
    <Module skippedDueTo="Filter" hash="80-C3-4D-6A-77-23-FA-1C-1B-37-48-BD-C0-D3-42-10-81-3F-22-6B">
      <ModulePath>C:\Program Files\dotnet\shared\Microsoft.NETCore.App\2.0.3\System.Runtime.Loader.dll</ModulePath>
      <ModuleTime>2017-10-16T14:46:18Z</ModuleTime>
      <ModuleName>System.Runtime.Loader</ModuleName>
      <Classes />
    </Module>
    <Module skippedDueTo="MissingPdb" hash="A3-F8-80-99-71-86-B1-B2-CA-24-F2-AA-FE-64-4B-0C-A8-1B-B4-D9">
      <ModulePath>C:\Program Files\dotnet\sdk\2.0.3\Microsoft.DotNet.PlatformAbstractions.dll</ModulePath>
      <ModuleTime>2017-11-09T13:07:24Z</ModuleTime>
      <ModuleName>Microsoft.DotNet.PlatformAbstractions</ModuleName>
      <Classes />
    </Module>
    <Module skippedDueTo="Filter" hash="7B-E5-46-CC-B4-85-A0-09-28-75-27-3D-02-A4-18-07-C2-B4-71-9B">
      <ModulePath>C:\Program Files\dotnet\shared\Microsoft.NETCore.App\2.0.3\System.Runtime.InteropServices.RuntimeInformation.dll</ModulePath>
      <ModuleTime>2017-10-16T14:46:18Z</ModuleTime>
      <ModuleName>System.Runtime.InteropServices.RuntimeInformation</ModuleName>
      <Classes />
    </Module>
    <Module skippedDueTo="Filter" hash="06-69-E2-02-F1-E2-73-39-9D-83-2C-D7-5C-C4-F7-91-7A-C4-8E-E7">
[...]
            </Method>
            <Method visited="true" cyclomaticComplexity="3" nPathComplexity="0" sequenceCoverage="100" branchCoverage="100" isConstructor="false" isStatic="false" isGetter="true" isSetter="false">
              <Summary numSequencePoints="1" visitedSequencePoints="1" numBranchPoints="1" visitedBranchPoints="1" sequenceCoverage="100" branchCoverage="100" maxCyclomaticComplexity="3" minCyclomaticComplexity="3" visitedClasses="0" numClasses="0" visitedMethods="1" numMethods="1" />
              <MetadataToken>100663336</MetadataToken>
              <Name>System.Nullable`1&lt;System.Int64&gt; Identifiers.Czech.IdentificationNumber::get_Number()</Name>
              <FileRef uid="5" />
              <SequencePoints>
                <SequencePoint vc="2" uspid="311" ordinal="0" offset="0" sl="73" sc="32" el="73" ec="72" bec="0" bev="0" fileid="5" />
              </SequencePoints>
              <BranchPoints />
              <MethodPoint xsi:type="SequencePoint" vc="2" uspid="311" ordinal="0" offset="0" sl="73" sc="32" el="73" ec="72" bec="0" bev="0" fileid="5" />
            </Method>
            <Method visited="true" cyclomaticComplexity="3" nPathComplexity="0" sequenceCoverage="100" branchCoverage="100" isConstructor="false" isStatic="false" isGetter="true" isSetter="false">
              <Summary numSequencePoints="1" visitedSequencePoints="1" numBranchPoints="1" visitedBranchPoints="1" sequenceCoverage="100" branchCoverage="100" maxCyclomaticComplexity="3" minCyclomaticComplexity="3" visitedClasses="0" numClasses="0" visitedMethods="1" numMethods="1" />
              <MetadataToken>100663337</MetadataToken>
              <Name>System.Nullable`1&lt;System.Int32&gt; Identifiers.Czech.IdentificationNumber::get_CheckDigit()</Name>
              <FileRef uid="5" />
              <SequencePoints>
                <SequencePoint vc="5" uspid="314" ordinal="0" offset="0" sl="78" sc="35" el="78" ec="78" bec="0" bev="0" fileid="5" />
              </SequencePoints>
              <BranchPoints />
              <MethodPoint xsi:type="SequencePoint" vc="5" uspid="314" ordinal="0" offset="0" sl="78" sc="35" el="78" ec="78" bec="0" bev="0" fileid="5" />
            </Method>
            <Method visited="true" cyclomaticComplexity="3" nPathComplexity="0" sequenceCoverage="100" branchCoverage="100" isConstructor="false" isStatic="false" isGetter="true" isSetter="false">
              <Summary numSequencePoints="1" visitedSequencePoints="1" numBranchPoints="1" visitedBranchPoints="1" sequenceCoverage="100" branchCoverage="100" maxCyclomaticComplexity="3" minCyclomaticComplexity="3" visitedClasses="0" numClasses="0" visitedMethods="1" numMethods="1" />
              <MetadataToken>100663338</MetadataToken>
              <Name>System.Nullable`1&lt;System.Int32&gt; Identifiers.Czech.IdentificationNumber::get_ExpectedCheckDigit()</Name>
              <FileRef uid="5" />
              <SequencePoints>
                <SequencePoint vc="6" uspid="317" ordinal="0" offset="0" sl="83" sc="43" el="83" ec="128" bec="0" bev="0" fileid="5" />
              </SequencePoints>
              <BranchPoints />
              <MethodPoint xsi:type="SequencePoint" vc="6" uspid="317" ordinal="0" offset="0" sl="83" sc="43" el="83" ec="128" bec="0" bev="0" fileid="5" />
            </Method>
            <Method visited="true" cyclomaticComplexity="5" nPathComplexity="4" sequenceCoverage="100" branchCoverage="100" isConstructor="true" isStatic="false" isGetter="false" isSetter="false">
              <Summary numSequencePoints="13" visitedSequencePoints="13" numBranchPoints="5" visitedBranchPoints="5" sequenceCoverage="100" branchCoverage="100" maxCyclomaticComplexity="5" minCyclomaticComplexity="5" visitedClasses="0" numClasses="0" visitedMethods="1" numMethods="1" />
              <MetadataToken>100663332</MetadataToken>
              <Name>System.Void Identifiers.Czech.IdentificationNumber::.ctor(System.Int64,System.Int32,System.String)</Name>
              <FileRef uid="5" />
              <SequencePoints>
                <SequencePoint vc="25" uspid="320" ordinal="0" offset="0" sl="37" sc="9" el="37" ec="79" bec="0" bev="0" fileid="5" />
                <SequencePoint vc="25" uspid="321" ordinal="1" offset="7" sl="38" sc="9" el="38" ec="10" bec="0" bev="0" fileid="5" />
                <SequencePoint vc="25" uspid="322" ordinal="2" offset="8" sl="39" sc="13" el="39" ec="72" bec="2" bev="2" fileid="5" />
                <SequencePoint vc="4" uspid="323" ordinal="3" offset="29" sl="40" sc="13" el="40" ec="14" bec="0" bev="0" fileid="5" />
                <SequencePoint vc="4" uspid="324" ordinal="4" offset="30" sl="41" sc="17" el="41" ec="157" bec="0" bev="0" fileid="5" />
                <SequencePoint vc="21" uspid="325" ordinal="5" offset="75" sl="44" sc="13" el="44" ec="88" bec="2" bev="2" fileid="5" />
                <SequencePoint vc="3" uspid="326" ordinal="6" offset="95" sl="45" sc="13" el="45" ec="14" bec="0" bev="0" fileid="5" />
                <SequencePoint vc="3" uspid="327" ordinal="7" offset="96" sl="46" sc="17" el="46" ec="173" bec="0" bev="0" fileid="5" />
                <SequencePoint vc="18" uspid="328" ordinal="8" offset="138" sl="49" sc="13" el="49" ec="27" bec="0" bev="0" fileid="5" />
                <SequencePoint vc="18" uspid="329" ordinal="9" offset="145" sl="50" sc="13" el="50" ec="38" bec="0" bev="0" fileid="5" />
                <SequencePoint vc="18" uspid="330" ordinal="10" offset="152" sl="51" sc="13" el="51" ec="34" bec="0" bev="0" fileid="5" />
                <SequencePoint vc="18" uspid="331" ordinal="11" offset="159" sl="52" sc="13" el="52" ec="42" bec="0" bev="0" fileid="5" />
                <SequencePoint vc="18" uspid="332" ordinal="12" offset="166" sl="53" sc="9" el="53" ec="10" bec="0" bev="0" fileid="5" />
              </SequencePoints>
              <BranchPoints>
                <BranchPoint vc="4" uspid="335" ordinal="2" offset="27" sl="39" path="0" offsetend="29" fileid="5" />
                <BranchPoint vc="21" uspid="336" ordinal="3" offset="27" sl="39" path="1" offsetend="75" fileid="5" />
                <BranchPoint vc="3" uspid="339" ordinal="6" offset="93" sl="44" path="0" offsetend="95" fileid="5" />
                <BranchPoint vc="18" uspid="340" ordinal="7" offset="93" sl="44" path="1" offsetend="138" fileid="5" />
              </BranchPoints>
              <MethodPoint xsi:type="SequencePoint" vc="25" uspid="320" ordinal="0" offset="0" sl="37" sc="9" el="37" ec="79" bec="0" bev="0" fileid="5" />
            </Method>
            <Method visited="true" cyclomaticComplexity="2" nPathComplexity="2" sequenceCoverage="100" branchCoverage="100" isConstructor="false" isStatic="false" isGetter="false" isSetter="false">
              <Summary numSequencePoints="12" visitedSequencePoints="12" numBranchPoints="3" visitedBranchPoints="3" sequenceCoverage="100" branchCoverage="100" maxCyclomaticComplexity="2" minCyclomaticComplexity="2" visitedClasses="0" numClasses="0" visitedMethods="1" numMethods="1" />
              <MetadataToken>100663339</MetadataToken>
              <Name>System.Int32 Identifiers.Czech.IdentificationNumber::CalculateModulo(System.Int64)</Name>
              <FileRef uid="5" />
              <SequencePoints>
                <SequencePoint vc="6" uspid="341" ordinal="0" offset="0" sl="91" sc="9" el="91" ec="10" bec="0" bev="0" fileid="5" />
                <SequencePoint vc="6" uspid="342" ordinal="1" offset="1" sl="92" sc="13" el="92" ec="33" bec="0" bev="0" fileid="5" />
                <SequencePoint vc="6" uspid="343" ordinal="2" offset="3" sl="93" sc="13" el="93" ec="28" bec="0" bev="0" fileid="5" />
                <SequencePoint vc="26" uspid="344" ordinal="3" offset="7" sl="95" sc="13" el="95" ec="14" bec="0" bev="0" fileid="5" />
                <SequencePoint vc="26" uspid="345" ordinal="4" offset="8" sl="96" sc="17" el="96" ec="48" bec="0" bev="0" fileid="5" />
                <SequencePoint vc="26" uspid="346" ordinal="5" offset="15" sl="97" sc="17" el="97" ec="60" bec="0" bev="0" fileid="5" />
                <SequencePoint vc="26" uspid="347" ordinal="6" offset="21" sl="98" sc="17" el="98" ec="26" bec="0" bev="0" fileid="5" />
                <SequencePoint vc="26" uspid="348" ordinal="7" offset="25" sl="99" sc="17" el="99" ec="38" bec="0" bev="0" fileid="5" />
                <SequencePoint vc="26" uspid="349" ordinal="8" offset="32" sl="100" sc="13" el="100" ec="14" bec="0" bev="0" fileid="5" />
                <SequencePoint vc="32" uspid="350" ordinal="9" offset="33" sl="94" sc="13" el="94" ec="31" bec="2" bev="2" fileid="5" />
                <SequencePoint vc="6" uspid="351" ordinal="10" offset="42" sl="102" sc="13" el="102" ec="37" bec="0" bev="0" fileid="5" />
                <SequencePoint vc="6" uspid="352" ordinal="11" offset="50" sl="103" sc="9" el="103" ec="10" bec="0" bev="0" fileid="5" />
              </SequencePoints>
              <BranchPoints>
                <BranchPoint vc="6" uspid="353" ordinal="0" offset="40" sl="94" path="0" offsetend="42" fileid="5" />
                <BranchPoint vc="26" uspid="354" ordinal="1" offset="40" sl="94" path="1" offsetend="7" fileid="5" />
              </BranchPoints>
              <MethodPoint xsi:type="SequencePoint" vc="6" uspid="341" ordinal="0" offset="0" sl="91" sc="9" el="91" ec="10" bec="0" bev="0" fileid="5" />
            </Method>
            <Method visited="true" cyclomaticComplexity="3" nPathComplexity="4" sequenceCoverage="66.67" branchCoverage="60" isConstructor="false" isStatic="false" isGetter="false" isSetter="false">
              <Summary numSequencePoints="6" visitedSequencePoints="4" numBranchPoints="5" visitedBranchPoints="3" sequenceCoverage="66.67" branchCoverage="60" maxCyclomaticComplexity="3" minCyclomaticComplexity="3" visitedClasses="0" numClasses="0" visitedMethods="1" numMethods="1" />
              <MetadataToken>100663340</MetadataToken>
              <Name>System.Int32 Identifiers.Czech.IdentificationNumber::CalculateExpectedCheckDigit(System.Int32)</Name>
              <FileRef uid="5" />
              <SequencePoints>
                <SequencePoint vc="6" uspid="355" ordinal="0" offset="0" sl="106" sc="9" el="106" ec="10" bec="0" bev="0" fileid="5" />
                <SequencePoint vc="6" uspid="356" ordinal="1" offset="1" sl="107" sc="13" el="107" ec="28" bec="4" bev="2" fileid="5" />
                <SequencePoint vc="0" uspid="357" ordinal="2" offset="14" sl="110" sc="21" el="110" ec="30" bec="0" bev="0" fileid="5" />
                <SequencePoint vc="0" uspid="358" ordinal="3" offset="18" sl="112" sc="21" el="112" ec="30" bec="0" bev="0" fileid="5" />
                <SequencePoint vc="6" uspid="359" ordinal="4" offset="22" sl="114" sc="21" el="114" ec="40" bec="0" bev="0" fileid="5" />
                <SequencePoint vc="6" uspid="360" ordinal="5" offset="29" sl="116" sc="9" el="116" ec="10" bec="0" bev="0" fileid="5" />
              </SequencePoints>
              <BranchPoints>
                <BranchPoint vc="6" uspid="361" ordinal="0" offset="4" sl="107" path="0" offsetchain="6" offsetend="8" fileid="5" />
                <BranchPoint vc="0" uspid="362" ordinal="1" offset="4" sl="107" path="1" offsetend="14" fileid="5" />
                <BranchPoint vc="6" uspid="363" ordinal="2" offset="10" sl="107" path="0" offsetchain="12" offsetend="22" fileid="5" />
                <BranchPoint vc="0" uspid="364" ordinal="3" offset="10" sl="107" path="1" offsetend="18" fileid="5" />
              </BranchPoints>
              <MethodPoint xsi:type="SequencePoint" vc="6" uspid="355" ordinal="0" offset="0" sl="106" sc="9" el="106" ec="10" bec="0" bev="0" fileid="5" />
            </Method>
          </Methods>
        </Class>
        <Class>
          <Summary numSequencePoints="20" visitedSequencePoints="20" numBranchPoints="8" visitedBranchPoints="8" sequenceCoverage="100" branchCoverage="100" maxCyclomaticComplexity="4" minCyclomaticComplexity="1" visitedClasses="1" numClasses="1" visitedMethods="2" numMethods="2" />
          <FullName>Identifiers.Czech.IdentifierNumberParser</FullName>
          <Methods>
            <Method visited="true" cyclomaticComplexity="4" nPathComplexity="8" sequenceCoverage="100" branchCoverage="100" isConstructor="false" isStatic="false" isGetter="false" isSetter="false">
              <Summary numSequencePoints="19" visitedSequencePoints="19" numBranchPoints="7" visitedBranchPoints="7" sequenceCoverage="100" branchCoverage="100" maxCyclomaticComplexity="4" minCyclomaticComplexity="4" visitedClasses="0" numClasses="0" visitedMethods="1" numMethods="1" />
              <MetadataToken>100663341</MetadataToken>
              <Name>Identifiers.Czech.IdentificationNumber Identifiers.Czech.IdentifierNumberParser::Parse(System.String)</Name>
              <FileRef uid="6" />
              <SequencePoints>
                <SequencePoint vc="6" uspid="365" ordinal="0" offset="0" sl="25" sc="9" el="25" ec="10" bec="0" bev="0" fileid="6" />
                <SequencePoint vc="6" uspid="366" ordinal="1" offset="1" sl="26" sc="13" el="26" ec="31" bec="2" bev="2" fileid="6" />
                <SequencePoint vc="1" uspid="367" ordinal="2" offset="9" sl="27" sc="13" el="27" ec="14" bec="0" bev="0" fileid="6" />
                <SequencePoint vc="1" uspid="368" ordinal="3" offset="10" sl="28" sc="17" el="28" ec="64" bec="0" bev="0" fileid="6" />
                <SequencePoint vc="5" uspid="369" ordinal="4" offset="21" sl="31" sc="13" el="31" ec="65" bec="0" bev="0" fileid="6" />
                <SequencePoint vc="5" uspid="370" ordinal="5" offset="33" sl="32" sc="13" el="32" ec="36" bec="2" bev="2" fileid="6" />
                <SequencePoint vc="4" uspid="371" ordinal="6" offset="43" sl="33" sc="13" el="33" ec="14" bec="0" bev="0" fileid="6" />
                <SequencePoint vc="4" uspid="372" ordinal="7" offset="44" sl="34" sc="17" el="34" ec="124" bec="0" bev="0" fileid="6" />
                <SequencePoint vc="1" uspid="373" ordinal="8" offset="61" sl="37" sc="13" el="37" ec="28" bec="0" bev="0" fileid="6" />
                <SequencePoint vc="1" uspid="374" ordinal="9" offset="63" sl="38" sc="18" el="38" ec="27" bec="0" bev="0" fileid="6" />
                <SequencePoint vc="7" uspid="375" ordinal="10" offset="68" sl="39" sc="13" el="39" ec="14" bec="0" bev="0" fileid="6" />
                <SequencePoint vc="7" uspid="376" ordinal="11" offset="69" sl="40" sc="17" el="40" ec="44" bec="0" bev="0" fileid="6" />
                <SequencePoint vc="7" uspid="377" ordinal="12" offset="82" sl="41" sc="17" el="41" ec="46" bec="0" bev="0" fileid="6" />
                <SequencePoint vc="7" uspid="378" ordinal="13" offset="90" sl="42" sc="13" el="42" ec="14" bec="0" bev="0" fileid="6" />
                <SequencePoint vc="7" uspid="379" ordinal="14" offset="91" sl="38" sc="51" el="38" ec="54" bec="0" bev="0" fileid="6" />
                <SequencePoint vc="8" uspid="380" ordinal="15" offset="97" sl="38" sc="29" el="38" ec="49" bec="2" bev="2" fileid="6" />
                <SequencePoint vc="1" uspid="381" ordinal="16" offset="115" sl="44" sc="13" el="44" ec="60" bec="0" bev="0" fileid="6" />
                <SequencePoint vc="1" uspid="382" ordinal="17" offset="133" sl="45" sc="13" el="45" ec="72" bec="0" bev="0" fileid="6" />
                <SequencePoint vc="1" uspid="383" ordinal="18" offset="146" sl="46" sc="9" el="46" ec="10" bec="0" bev="0" fileid="6" />
              </SequencePoints>
              <BranchPoints>
                <BranchPoint vc="1" uspid="384" ordinal="0" offset="7" sl="26" path="0" offsetend="9" fileid="6" />
                <BranchPoint vc="5" uspid="385" ordinal="1" offset="7" sl="26" path="1" offsetend="21" fileid="6" />
                <BranchPoint vc="4" uspid="386" ordinal="2" offset="41" sl="32" path="0" offsetend="43" fileid="6" />
                <BranchPoint vc="1" uspid="387" ordinal="3" offset="41" sl="32" path="1" offsetend="61" fileid="6" />
                <BranchPoint vc="1" uspid="388" ordinal="4" offset="113" sl="38" path="0" offsetend="115" fileid="6" />
                <BranchPoint vc="7" uspid="389" ordinal="5" offset="113" sl="38" path="1" offsetend="68" fileid="6" />
              </BranchPoints>
              <MethodPoint xsi:type="SequencePoint" vc="6" uspid="365" ordinal="0" offset="0" sl="25" sc="9" el="25" ec="10" bec="0" bev="0" fileid="6" />
            </Method>
            <Method visited="true" cyclomaticComplexity="1" nPathComplexity="0" sequenceCoverage="0" branchCoverage="0" isConstructor="true" isStatic="false" isGetter="false" isSetter="false">
              <Summary numSequencePoints="0" visitedSequencePoints="0" numBranchPoints="0" visitedBranchPoints="0" sequenceCoverage="0" branchCoverage="0" maxCyclomaticComplexity="1" minCyclomaticComplexity="1" visitedClasses="0" numClasses="0" visitedMethods="0" numMethods="0" />
              <MetadataToken>100663342</MetadataToken>
              <Name>System.Void Identifiers.Czech.IdentifierNumberParser::.ctor()</Name>
              <SequencePoints />
              <BranchPoints />
              <MethodPoint vc="6" uspid="390" ordinal="0" offset="0" />
            </Method>
            <Method visited="true" cyclomaticComplexity="1" nPathComplexity="0" sequenceCoverage="100" branchCoverage="100" isConstructor="true" isStatic="true" isGetter="false" isSetter="false">
              <Summary numSequencePoints="1" visitedSequencePoints="1" numBranchPoints="1" visitedBranchPoints="1" sequenceCoverage="100" branchCoverage="100" maxCyclomaticComplexity="1" minCyclomaticComplexity="1" visitedClasses="0" numClasses="0" visitedMethods="1" numMethods="1" />
              <MetadataToken>100663343</MetadataToken>
              <Name>System.Void Identifiers.Czech.IdentifierNumberParser::.cctor()</Name>
              <FileRef uid="6" />
              <SequencePoints>
                <SequencePoint vc="1" uspid="391" ordinal="0" offset="0" sl="16" sc="9" el="16" ec="78" bec="0" bev="0" fileid="6" />
              </SequencePoints>
              <BranchPoints />
              <MethodPoint xsi:type="SequencePoint" vc="1" uspid="391" ordinal="0" offset="0" sl="16" sc="9" el="16" ec="78" bec="0" bev="0" fileid="6" />
            </Method>
          </Methods>
        </Class>
        <Class>
          <Summary numSequencePoints="0" visitedSequencePoints="0" numBranchPoints="0" visitedBranchPoints="0" sequenceCoverage="0" branchCoverage="0" maxCyclomaticComplexity="0" minCyclomaticComplexity="0" visitedClasses="0" numClasses="0" visitedMethods="0" numMethods="0" />
          <FullName>&lt;PrivateImplementationDetails&gt;</FullName>
          <Methods />
        </Class>
      </Classes>
    </Module>
    <Module skippedDueTo="MissingPdb" hash="C9-03-33-2D-B2-3B-A1-8A-2F-95-2B-0B-9D-A7-9A-D1-0D-9E-03-C3">
      <ModulePath>C:\Program Files\dotnet\shared\Microsoft.NETCore.App\2.0.0\netstandard.dll</ModulePath>
      <ModuleTime>2017-07-20T15:22:08Z</ModuleTime>
      <ModuleName>netstandard</ModuleName>
      <Classes />
    </Module>
    <Module skippedDueTo="MissingPdb" hash="BF-E5-4F-FE-CF-53-6A-47-B3-9C-83-FA-80-22-8A-DC-19-81-A7-C4">
      <ModulePath>C:\Users\Honza\.nuget\packages\xunit.assert\2.3.1\lib\netstandard1.1\xunit.assert.dll</ModulePath>
      <ModuleTime>2017-10-27T03:34:24Z</ModuleTime>
      <ModuleName>xunit.assert</ModuleName>
      <Classes />
    </Module>
    <Module skippedDueTo="Filter" hash="A0-2C-E4-67-65-31-2F-52-34-BE-1B-B5-8E-F0-03-96-33-5C-4A-E3">
      <ModulePath>C:\Program Files\dotnet\shared\Microsoft.NETCore.App\2.0.0\System.Diagnostics.Tracing.dll</ModulePath>
      <ModuleTime>2017-07-20T15:22:06Z</ModuleTime>
      <ModuleName>System.Diagnostics.Tracing</ModuleName>
      <Classes />
    </Module>
  </Modules>
</CoverageSession>